[00:31:24] dotnet publish C:\Users\PEDRO\Desktop\EasyPRO\EasyLoginBase\EasyLoginBase\EasyLoginBase.csproj -c Release -f net9.0 -o C:\Users\PEDRO\Desktop\EasyPRO\EasyBuilderRelease\COMERCIO_FACIL_RELEASE_2026-06-12_002446\03_API --nologo --verbosity minimal /m
[00:31:25]   Determinando os projetos a serem restaurados...
[00:31:26]   Todos os projetos estão atualizados para restauração.
[00:31:30]   EasyLoginBase.Domain -> C:\Users\PEDRO\Desktop\EasyPRO\EasyLoginBase\EasyLoginBase.Domain\bin\Release\net9.0\EasyLoginBase.Domain.dll
[00:31:33]   EasyLoginBase.InfrastructureData.Dapper -> C:\Users\PEDRO\Desktop\EasyPRO\EasyLoginBase\EasyLoginBase.InfrastructureData.Dapper\bin\Release\net9.0\EasyLoginBase.InfrastructureData.Dapper.dll
[00:31:43]   EasyLoginBase.Application -> C:\Users\PEDRO\Desktop\EasyPRO\EasyLoginBase\EasyLoginBase.Application\bin\Release\net9.0\EasyLoginBase.Application.dll
[00:31:53]   EasyLoginBase.InfrastructureData -> C:\Users\PEDRO\Desktop\EasyPRO\EasyLoginBase\EasyLoginBase.InfrastructureData\bin\Release\net9.0\EasyLoginBase.InfrastructureData.dll
[00:31:59] C:\Users\PEDRO\Desktop\EasyPRO\EasyLoginBase\EasyLoginBase.Services\Services\Produto\FichaTecnica\FichaTecnicaServices.cs(312,42): warning CS8619: A anulabilidade de tipos de referência no valor do tipo 'RequestResult<FichaTecnicaResponseDto>' não corresponde ao tipo de destino 'RequestResult<FichaTecnicaResponseDto?>'. [C:\Users\PEDRO\Desktop\EasyPRO\EasyLoginBase\EasyLoginBase.Services\EasyLoginBase.Services.csproj]
[00:31:59] C:\Users\PEDRO\Desktop\EasyPRO\EasyLoginBase\EasyLoginBase.Services\Services\Produto\FichaTecnica\FichaTecnicaServices.cs(334,39): warning CS8619: A anulabilidade de tipos de referência no valor do tipo 'RequestResult<FichaTecnicaResponseDto>' não corresponde ao tipo de destino 'RequestResult<FichaTecnicaResponseDto?>'. [C:\Users\PEDRO\Desktop\EasyPRO\EasyLoginBase\EasyLoginBase.Services\EasyLoginBase.Services.csproj]
[00:31:59] C:\Users\PEDRO\Desktop\EasyPRO\EasyLoginBase\EasyLoginBase.Services\Services\Produto\FichaTecnica\FichaTecnicaServices.cs(353,20): warning CS8619: A anulabilidade de tipos de referência no valor do tipo 'RequestResult<FichaTecnicaResponseDto?>' não corresponde ao tipo de destino 'RequestResult<FichaTecnicaResponseDto>'. [C:\Users\PEDRO\Desktop\EasyPRO\EasyLoginBase\EasyLoginBase.Services\EasyLoginBase.Services.csproj]
[00:31:59] C:\Users\PEDRO\Desktop\EasyPRO\EasyLoginBase\EasyLoginBase.Services\Services\Produto\FichaTecnica\FichaTecnicaServices.cs(374,20): warning CS8619: A anulabilidade de tipos de referência no valor do tipo 'RequestResult<FichaTecnicaResponseDto?>' não corresponde ao tipo de destino 'RequestResult<FichaTecnicaResponseDto>'. [C:\Users\PEDRO\Desktop\EasyPRO\EasyLoginBase\EasyLoginBase.Services\EasyLoginBase.Services.csproj]
[00:31:59] C:\Users\PEDRO\Desktop\EasyPRO\EasyLoginBase\EasyLoginBase.Services\Services\Produto\FichaTecnica\FichaTecnicaServices.cs(395,20): warning CS8619: A anulabilidade de tipos de referência no valor do tipo 'RequestResult<FichaTecnicaResponseDto?>' não corresponde ao tipo de destino 'RequestResult<FichaTecnicaResponseDto>'. [C:\Users\PEDRO\Desktop\EasyPRO\EasyLoginBase\EasyLoginBase.Services\EasyLoginBase.Services.csproj]
[00:31:59] C:\Users\PEDRO\Desktop\EasyPRO\EasyLoginBase\EasyLoginBase.Services\Services\Produto\FichaTecnica\FichaTecnicaServices.cs(416,20): warning CS8619: A anulabilidade de tipos de referência no valor do tipo 'RequestResult<FichaTecnicaResponseDto?>' não corresponde ao tipo de destino 'RequestResult<FichaTecnicaResponseDto>'. [C:\Users\PEDRO\Desktop\EasyPRO\EasyLoginBase\EasyLoginBase.Services\EasyLoginBase.Services.csproj]
[00:31:59] C:\Users\PEDRO\Desktop\EasyPRO\EasyLoginBase\EasyLoginBase.Services\Services\Produto\FichaTecnica\FichaTecnicaServices.cs(454,20): warning CS8619: A anulabilidade de tipos de referência no valor do tipo 'RequestResult<FichaTecnicaResponseDto?>' não corresponde ao tipo de destino 'RequestResult<FichaTecnicaResponseDto>'. [C:\Users\PEDRO\Desktop\EasyPRO\EasyLoginBase\EasyLoginBase.Services\EasyLoginBase.Services.csproj]
[00:31:59] C:\Users\PEDRO\Desktop\EasyPRO\EasyLoginBase\EasyLoginBase.Services\Services\Produto\FichaTecnica\FichaTecnicaServices.cs(475,20): warning CS8619: A anulabilidade de tipos de referência no valor do tipo 'RequestResult<FichaTecnicaResponseDto?>' não corresponde ao tipo de destino 'RequestResult<FichaTecnicaResponseDto>'. [C:\Users\PEDRO\Desktop\EasyPRO\EasyLoginBase\EasyLoginBase.Services\EasyLoginBase.Services.csproj]
[00:31:59] C:\Users\PEDRO\Desktop\EasyPRO\EasyLoginBase\EasyLoginBase.Services\Services\Produto\FichaTecnica\FichaTecnicaServices.cs(496,20): warning CS8619: A anulabilidade de tipos de referência no valor do tipo 'RequestResult<FichaTecnicaResponseDto?>' não corresponde ao tipo de destino 'RequestResult<FichaTecnicaResponseDto>'. [C:\Users\PEDRO\Desktop\EasyPRO\EasyLoginBase\EasyLoginBase.Services\EasyLoginBase.Services.csproj]
[00:31:59] C:\Users\PEDRO\Desktop\EasyPRO\EasyLoginBase\EasyLoginBase.Services\Services\Produto\FichaTecnica\FichaTecnicaServices.cs(534,20): warning CS8619: A anulabilidade de tipos de referência no valor do tipo 'RequestResult<FichaTecnicaResponseDto?>' não corresponde ao tipo de destino 'RequestResult<FichaTecnicaResponseDto>'. [C:\Users\PEDRO\Desktop\EasyPRO\EasyLoginBase\EasyLoginBase.Services\EasyLoginBase.Services.csproj]
[00:31:59] C:\Users\PEDRO\Desktop\EasyPRO\EasyLoginBase\EasyLoginBase.Services\Services\Produto\FichaTecnica\FichaTecnicaServices.cs(555,20): warning CS8619: A anulabilidade de tipos de referência no valor do tipo 'RequestResult<FichaTecnicaResponseDto?>' não corresponde ao tipo de destino 'RequestResult<FichaTecnicaResponseDto>'. [C:\Users\PEDRO\Desktop\EasyPRO\EasyLoginBase\EasyLoginBase.Services\EasyLoginBase.Services.csproj]
[00:31:59]   EasyLoginBase.Services -> C:\Users\PEDRO\Desktop\EasyPRO\EasyLoginBase\EasyLoginBase.Services\bin\Release\net9.0\EasyLoginBase.Services.dll
[00:32:00]   EasyLoginBase.Services.Migracao -> C:\Users\PEDRO\Desktop\EasyPRO\EasyLoginBase\EasyLoginBase.Services.Migracao\bin\Release\net9.0\EasyLoginBase.Services.Migracao.dll
[00:32:01]   EasyLoginBase.CrossCutting -> C:\Users\PEDRO\Desktop\EasyPRO\EasyLoginBase\EasyLoginBase.CrossCutting\bin\Release\net9.0\EasyLoginBase.CrossCutting.dll
[00:32:04]   EasyLoginBase -> C:\Users\PEDRO\Desktop\EasyPRO\EasyLoginBase\EasyLoginBase\bin\Release\net9.0\EasyLoginBase.dll
[00:32:05]   EasyLoginBase -> C:\Users\PEDRO\Desktop\EasyPRO\EasyBuilderRelease\COMERCIO_FACIL_RELEASE_2026-06-12_002446\03_API\
