[00:28:16] dotnet publish C:\Users\PEDRO\Desktop\EasyPRO\EasyManagerApp\EasyManagerApp\EasyManagerApp.csproj -c Release -f net9.0-android -p:AndroidPackageFormat=apk -o C:\Users\PEDRO\Desktop\EasyPRO\EasyBuilderRelease\COMERCIO_FACIL_RELEASE_2026-06-19_002815\01_MauiAndroid --nologo --verbosity minimal /m
[00:28:17]   Determinando os projetos a serem restaurados...
[00:28:32]   C:\Users\PEDRO\Desktop\EasyPRO\EasyManagerApp\EasyManagerApp\EasyManagerApp.csproj restaurado (em 5,91 seg).
[00:28:32]   2 de 3 projetos estão atualizados para restauração.
[00:29:00]   EasyManagerApp.Template -> C:\Users\PEDRO\Desktop\EasyPRO\EasyManagerApp\EasyManagerApp.Template\bin\Release\net9.0-android\EasyManagerApp.Template.dll
[00:29:06] C:\Users\PEDRO\Desktop\EasyPRO\EasyManagerApp\EasyManagerApp.Services.Services\Services\Produto\Etiqueta\ListaImpressao\ListaValidadeImpressaoItemServices.cs(22,9): warning CS1587: O comentário XML não está inserido em um elemento de linguagem válido [C:\Users\PEDRO\Desktop\EasyPRO\EasyManagerApp\EasyManagerApp.Services.Services\EasyManagerApp.Services.Services.csproj::TargetFramework=net9.0-android]
[00:29:06]   EasyManagerApp.Services.Services -> C:\Users\PEDRO\Desktop\EasyPRO\EasyManagerApp\EasyManagerApp.Services.Services\bin\Release\net9.0-android\EasyManagerApp.Services.Services.dll
[00:29:41] C:\Users\PEDRO\Desktop\EasyPRO\EasyManagerApp\EasyManagerApp\Platforms\Android\Services\Impressao\PrinterDiscoveryServiceMaui.cs(12,23): warning CA1422: Este site de chamadas é acessível em: 'Android' 21.0 e posteriores. "BluetoothAdapter.DefaultAdapter" está obsoleto em: 'Android' 31.0 e posteriores. (https://learn.microsoft.com/dotnet/fundamentals/code-analysis/quality-rules/ca1422) [C:\Users\PEDRO\Desktop\EasyPRO\EasyManagerApp\EasyManagerApp\EasyManagerApp.csproj::TargetFramework=net9.0-android]
[00:29:41] C:\Users\PEDRO\Desktop\EasyPRO\EasyManagerApp\EasyManagerApp\Platforms\Android\Notifications\AndroidTaskAlarmScheduler.cs(29,17): warning CA1416: Este site de chamada pode ser acessado em: 'Android' 21.0 e posteriores. Só há suporte para 'AlarmManager.SetExactAndAllowWhileIdle(AlarmType, long, PendingIntent)' em: 'android' 23.0 e posteriores. (https://learn.microsoft.com/dotnet/fundamentals/code-analysis/quality-rules/ca1416) [C:\Users\PEDRO\Desktop\EasyPRO\EasyManagerApp\EasyManagerApp\EasyManagerApp.csproj::TargetFramework=net9.0-android]
[00:29:41] C:\Users\PEDRO\Desktop\EasyPRO\EasyManagerApp\EasyManagerApp\Platforms\Android\Notifications\AndroidTaskAlarmScheduler.cs(22,65): warning CA1416: Este site de chamada pode ser acessado em: 'Android' 21.0 e posteriores. Só há suporte para 'AlarmManager.CanScheduleExactAlarms()' em: 'android' 31.0 e posteriores. (https://learn.microsoft.com/dotnet/fundamentals/code-analysis/quality-rules/ca1416) [C:\Users\PEDRO\Desktop\EasyPRO\EasyManagerApp\EasyManagerApp\EasyManagerApp.csproj::TargetFramework=net9.0-android]
[00:29:41] C:\Users\PEDRO\Desktop\EasyPRO\EasyManagerApp\EasyManagerApp\Platforms\Android\Notifications\TaskAlarmReceiver.cs(50,19): warning CA1422: Este site de chamadas é acessível em: 'Android' 21.0 e posteriores. "Notification.Builder" está obsoleto em: 'Android' 26.0 e posteriores. (https://learn.microsoft.com/dotnet/fundamentals/code-analysis/quality-rules/ca1422) [C:\Users\PEDRO\Desktop\EasyPRO\EasyManagerApp\EasyManagerApp\EasyManagerApp.csproj::TargetFramework=net9.0-android]
[00:29:41] C:\Users\PEDRO\Desktop\EasyPRO\EasyManagerApp\EasyManagerApp\Platforms\Android\Notifications\TaskAlarmReceiver.cs(46,52): warning CA1416: Este site de chamada pode ser acessado em: 'Android' 21.0 e posteriores. Só há suporte para 'PendingIntentFlags.Immutable' em: 'android' 23.0 e posteriores. (https://learn.microsoft.com/dotnet/fundamentals/code-analysis/quality-rules/ca1416) [C:\Users\PEDRO\Desktop\EasyPRO\EasyManagerApp\EasyManagerApp\EasyManagerApp.csproj::TargetFramework=net9.0-android]
[00:29:41] C:\Users\PEDRO\Desktop\EasyPRO\EasyManagerApp\EasyManagerApp\Platforms\Android\Notifications\TaskAlarmReceiver.cs(52,32): warning CA1422: Este site de chamadas é acessível em: 'Android' 21.0 e posteriores. "Notification.Builder.SetDefaults(NotificationDefaults)" está obsoleto em: 'Android' 26.0 e posteriores. (https://learn.microsoft.com/dotnet/fundamentals/code-analysis/quality-rules/ca1422) [C:\Users\PEDRO\Desktop\EasyPRO\EasyManagerApp\EasyManagerApp\EasyManagerApp.csproj::TargetFramework=net9.0-android]
[00:29:41] C:\Users\PEDRO\Desktop\EasyPRO\EasyManagerApp\EasyManagerApp\Platforms\Android\Notifications\TaskAlarmReceiver.cs(52,32): warning CA1422: Este site de chamadas é acessível em: 'Android' 21.0 e posteriores. "Notification.Builder.SetVibrate(long[]?)" está obsoleto em: 'Android' 26.0 e posteriores. (https://learn.microsoft.com/dotnet/fundamentals/code-analysis/quality-rules/ca1422) [C:\Users\PEDRO\Desktop\EasyPRO\EasyManagerApp\EasyManagerApp\EasyManagerApp.csproj::TargetFramework=net9.0-android]
[00:29:41] C:\Users\PEDRO\Desktop\EasyPRO\EasyManagerApp\EasyManagerApp\Platforms\Android\Notifications\TaskAlarmReceiver.cs(49,19): warning CA1416: Este site de chamada pode ser acessado em: 'Android' 21.0 e posteriores. Só há suporte para 'Notification.Builder' em: 'android' 26.0 e posteriores. (https://learn.microsoft.com/dotnet/fundamentals/code-analysis/quality-rules/ca1416) [C:\Users\PEDRO\Desktop\EasyPRO\EasyManagerApp\EasyManagerApp\EasyManagerApp.csproj::TargetFramework=net9.0-android]
[00:29:41] C:\Users\PEDRO\Desktop\EasyPRO\EasyManagerApp\EasyManagerApp\Platforms\Android\Notifications\TaskAlarmReceiver.cs(52,32): warning CA1422: Este site de chamadas é acessível em: 'Android' 21.0 e posteriores. "Notification.Builder.SetPriority(int)" está obsoleto em: 'Android' 26.0 e posteriores. (https://learn.microsoft.com/dotnet/fundamentals/code-analysis/quality-rules/ca1422) [C:\Users\PEDRO\Desktop\EasyPRO\EasyManagerApp\EasyManagerApp\EasyManagerApp.csproj::TargetFramework=net9.0-android]
[00:29:41] C:\Users\PEDRO\Desktop\EasyPRO\EasyManagerApp\EasyManagerApp\Platforms\Android\Notifications\TaskAlarmReceiver.cs(90,48): warning CA1416: Este site de chamada pode ser acessado em: 'Android' 21.0 e posteriores. Só há suporte para 'PendingIntentFlags.Immutable' em: 'android' 23.0 e posteriores. (https://learn.microsoft.com/dotnet/fundamentals/code-analysis/quality-rules/ca1416) [C:\Users\PEDRO\Desktop\EasyPRO\EasyManagerApp\EasyManagerApp\EasyManagerApp.csproj::TargetFramework=net9.0-android]
[00:29:41] C:\Users\PEDRO\Desktop\EasyPRO\EasyManagerApp\EasyManagerApp\Platforms\Android\Notifications\TaskAlarmReceiver.cs(102,48): warning CA1416: Este site de chamada pode ser acessado em: 'Android' 21.0 e posteriores. Só há suporte para 'PendingIntentFlags.Immutable' em: 'android' 23.0 e posteriores. (https://learn.microsoft.com/dotnet/fundamentals/code-analysis/quality-rules/ca1416) [C:\Users\PEDRO\Desktop\EasyPRO\EasyManagerApp\EasyManagerApp\EasyManagerApp.csproj::TargetFramework=net9.0-android]
[00:29:41] C:\Users\PEDRO\Desktop\EasyPRO\EasyManagerApp\EasyManagerApp\Platforms\Android\Notifications\TaskAlarmReceiver.cs(134,13): warning CA1416: Este site de chamada pode ser acessado em: 'Android' 21.0 e posteriores. Só há suporte para 'NotificationChannel.LockscreenVisibility.set' em: 'android' 26.0 e posteriores. (https://learn.microsoft.com/dotnet/fundamentals/code-analysis/quality-rules/ca1416) [C:\Users\PEDRO\Desktop\EasyPRO\EasyManagerApp\EasyManagerApp\EasyManagerApp.csproj::TargetFramework=net9.0-android]
[00:29:41] C:\Users\PEDRO\Desktop\EasyPRO\EasyManagerApp\EasyManagerApp\Platforms\Android\Notifications\TaskAlarmReceiver.cs(134,13): warning CA1416: Este site de chamada pode ser acessado em: 'Android' 21.0 e posteriores. Só há suporte para 'NotificationChannel.LockscreenVisibility' em: 'android' 26.0 e posteriores. (https://learn.microsoft.com/dotnet/fundamentals/code-analysis/quality-rules/ca1416) [C:\Users\PEDRO\Desktop\EasyPRO\EasyManagerApp\EasyManagerApp\EasyManagerApp.csproj::TargetFramework=net9.0-android]
[00:29:41] C:\Users\PEDRO\Desktop\EasyPRO\EasyManagerApp\EasyManagerApp\Platforms\Android\Notifications\TaskAlarmReceiver.cs(138,9): warning CA1416: Este site de chamada pode ser acessado em: 'Android' 21.0 e posteriores. Só há suporte para 'NotificationChannel.SetVibrationPattern(long[]?)' em: 'android' 26.0 e posteriores. (https://learn.microsoft.com/dotnet/fundamentals/code-analysis/quality-rules/ca1416) [C:\Users\PEDRO\Desktop\EasyPRO\EasyManagerApp\EasyManagerApp\EasyManagerApp.csproj::TargetFramework=net9.0-android]
[00:29:41] C:\Users\PEDRO\Desktop\EasyPRO\EasyManagerApp\EasyManagerApp\Platforms\Android\Notifications\TaskAlarmReceiver.cs(131,13): warning CA1416: Este site de chamada pode ser acessado em: 'Android' 21.0 e posteriores. Só há suporte para 'NotificationImportance.Max' em: 'android' 24.0 e posteriores. (https://learn.microsoft.com/dotnet/fundamentals/code-analysis/quality-rules/ca1416) [C:\Users\PEDRO\Desktop\EasyPRO\EasyManagerApp\EasyManagerApp\EasyManagerApp.csproj::TargetFramework=net9.0-android]
[00:29:41] C:\Users\PEDRO\Desktop\EasyPRO\EasyManagerApp\EasyManagerApp\Platforms\Android\Notifications\TaskAlarmReceiver.cs(139,9): warning CA1416: Este site de chamada pode ser acessado em: 'Android' 21.0 e posteriores. Só há suporte para 'NotificationManager.CreateNotificationChannel(NotificationChannel)' em: 'android' 26.0 e posteriores. (https://learn.microsoft.com/dotnet/fundamentals/code-analysis/quality-rules/ca1416) [C:\Users\PEDRO\Desktop\EasyPRO\EasyManagerApp\EasyManagerApp\EasyManagerApp.csproj::TargetFramework=net9.0-android]
[00:29:41] C:\Users\PEDRO\Desktop\EasyPRO\EasyManagerApp\EasyManagerApp\Platforms\Android\Notifications\TaskAlarmReceiver.cs(137,9): warning CA1416: Este site de chamada pode ser acessado em: 'Android' 21.0 e posteriores. Só há suporte para 'NotificationChannel.EnableVibration(bool)' em: 'android' 26.0 e posteriores. (https://learn.microsoft.com/dotnet/fundamentals/code-analysis/quality-rules/ca1416) [C:\Users\PEDRO\Desktop\EasyPRO\EasyManagerApp\EasyManagerApp\EasyManagerApp.csproj::TargetFramework=net9.0-android]
[00:29:41] C:\Users\PEDRO\Desktop\EasyPRO\EasyManagerApp\EasyManagerApp\Platforms\Android\Notifications\TaskAlarmReceiver.cs(123,13): warning CA1416: Este site de chamada pode ser acessado em: 'Android' 21.0 e posteriores. Só há suporte para 'NotificationManager.GetNotificationChannel(string?)' em: 'android' 26.0 e posteriores. (https://learn.microsoft.com/dotnet/fundamentals/code-analysis/quality-rules/ca1416) [C:\Users\PEDRO\Desktop\EasyPRO\EasyManagerApp\EasyManagerApp\EasyManagerApp.csproj::TargetFramework=net9.0-android]
[00:29:41] C:\Users\PEDRO\Desktop\EasyPRO\EasyManagerApp\EasyManagerApp\Platforms\Android\Notifications\TaskAlarmReceiver.cs(128,23): warning CA1416: Este site de chamada pode ser acessado em: 'Android' 21.0 e posteriores. Só há suporte para 'NotificationChannel' em: 'android' 26.0 e posteriores. (https://learn.microsoft.com/dotnet/fundamentals/code-analysis/quality-rules/ca1416) [C:\Users\PEDRO\Desktop\EasyPRO\EasyManagerApp\EasyManagerApp\EasyManagerApp.csproj::TargetFramework=net9.0-android]
[00:29:41] C:\Users\PEDRO\Desktop\EasyPRO\EasyManagerApp\EasyManagerApp\Platforms\Android\Notifications\TaskAlarmReceiver.cs(133,13): warning CA1416: Este site de chamada pode ser acessado em: 'Android' 21.0 e posteriores. Só há suporte para 'NotificationChannel.Description.set' em: 'android' 26.0 e posteriores. (https://learn.microsoft.com/dotnet/fundamentals/code-analysis/quality-rules/ca1416) [C:\Users\PEDRO\Desktop\EasyPRO\EasyManagerApp\EasyManagerApp\EasyManagerApp.csproj::TargetFramework=net9.0-android]
[00:29:41] C:\Users\PEDRO\Desktop\EasyPRO\EasyManagerApp\EasyManagerApp\Platforms\Android\Notifications\TaskAlarmReceiver.cs(133,13): warning CA1416: Este site de chamada pode ser acessado em: 'Android' 21.0 e posteriores. Só há suporte para 'NotificationChannel.Description' em: 'android' 26.0 e posteriores. (https://learn.microsoft.com/dotnet/fundamentals/code-analysis/quality-rules/ca1416) [C:\Users\PEDRO\Desktop\EasyPRO\EasyManagerApp\EasyManagerApp\EasyManagerApp.csproj::TargetFramework=net9.0-android]
[00:30:09]   EasyManagerApp -> C:\Users\PEDRO\Desktop\EasyPRO\EasyManagerApp\EasyManagerApp\bin\Release\net9.0-android\EasyManagerApp.dll
[00:30:15]   EasyManagerApp.Services.Services -> C:\Users\PEDRO\Desktop\EasyPRO\EasyManagerApp\EasyManagerApp.Services.Services\bin\Release\net9.0-android\EasyManagerApp.Services.Services.dll
[00:30:15]   EasyManagerApp.Template -> C:\Users\PEDRO\Desktop\EasyPRO\EasyManagerApp\EasyManagerApp.Template\bin\Release\net9.0-android\EasyManagerApp.Template.dll
[00:30:41]   Otimizar assemblies para tamanho pode alterar o comportamento do aplicativo. Certifique-se de testar após a publicação. Veja: https://aka.ms/dotnet-illink
[00:30:41]   Otimizando montagens para tamanho. Esse processo pode demorar um pouco.
[00:30:42]   Otimizar assemblies para tamanho pode alterar o comportamento do aplicativo. Certifique-se de testar após a publicação. Veja: https://aka.ms/dotnet-illink
[00:30:42]   Otimizando montagens para tamanho. Esse processo pode demorar um pouco.
[00:31:48]   [1/155] _Microsoft.Android.Resource.Designer.dll -> _Microsoft.Android.Resource.Designer.dll.so
[00:31:49]   [1/155] _Microsoft.Android.Resource.Designer.dll -> _Microsoft.Android.Resource.Designer.dll.so
[00:31:57]   [2/155] EasyManagerApp.Template.dll -> EasyManagerApp.Template.dll.so
[00:31:57]   [3/155] CommunityToolkit.Maui.dll -> CommunityToolkit.Maui.dll.so
[00:32:05]   [4/155] EasyManagerApp.Services.Services.dll -> EasyManagerApp.Services.Services.dll.so
[00:32:06]   [5/155] CommunityToolkit.Maui.Core.dll -> CommunityToolkit.Maui.Core.dll.so
[00:32:06]   [6/155] CommunityToolkit.Mvvm.dll -> CommunityToolkit.Mvvm.dll.so
[00:32:06]   [7/155] CommunityToolkit.Maui.Camera.dll -> CommunityToolkit.Maui.Camera.dll.so
[00:32:06]   [8/155] Microsoft.Extensions.Configuration.dll -> Microsoft.Extensions.Configuration.dll.so
[00:32:06]   [9/155] Microsoft.Extensions.Configuration.Abstractions.dll -> Microsoft.Extensions.Configuration.Abstractions.dll.so
[00:32:06]   [10/155] Microsoft.Extensions.Configuration.Binder.dll -> Microsoft.Extensions.Configuration.Binder.dll.so
[00:32:06]   [2/155] EasyManagerApp.Services.Services.dll -> EasyManagerApp.Services.Services.dll.so
[00:32:06]   [11/155] Microsoft.Extensions.Configuration.Json.dll -> Microsoft.Extensions.Configuration.Json.dll.so
[00:32:09]   [3/155] EasyManagerApp.Template.dll -> EasyManagerApp.Template.dll.so
[00:32:13]   [12/155] Microsoft.AspNetCore.Http.Features.dll -> Microsoft.AspNetCore.Http.Features.dll.so
[00:32:14]   [13/155] Microsoft.Extensions.DependencyInjection.dll -> Microsoft.Extensions.DependencyInjection.dll.so
[00:32:15]   [14/155] Microsoft.Extensions.Diagnostics.Abstractions.dll -> Microsoft.Extensions.Diagnostics.Abstractions.dll.so
[00:32:15]   [15/155] Microsoft.Extensions.Diagnostics.dll -> Microsoft.Extensions.Diagnostics.dll.so
[00:32:15]   [16/155] Microsoft.Extensions.DependencyInjection.Abstractions.dll -> Microsoft.Extensions.DependencyInjection.Abstractions.dll.so
[00:32:15]   [17/155] Microsoft.Extensions.Http.dll -> Microsoft.Extensions.Http.dll.so
[00:32:16]   [18/155] Microsoft.Extensions.Logging.Abstractions.dll -> Microsoft.Extensions.Logging.Abstractions.dll.so
[00:32:16]   [19/155] Microsoft.Extensions.Primitives.dll -> Microsoft.Extensions.Primitives.dll.so
[00:32:16]   [20/155] Microsoft.Extensions.Options.dll -> Microsoft.Extensions.Options.dll.so
[00:32:31]   [21/155] Microsoft.IdentityModel.Abstractions.dll -> Microsoft.IdentityModel.Abstractions.dll.so
[00:32:33]   [22/155] Microsoft.IdentityModel.JsonWebTokens.dll -> Microsoft.IdentityModel.JsonWebTokens.dll.so
[00:32:33]   [23/155] Microsoft.IdentityModel.Logging.dll -> Microsoft.IdentityModel.Logging.dll.so
[00:32:34]   [24/155] Microsoft.IdentityModel.Tokens.dll -> Microsoft.IdentityModel.Tokens.dll.so
[00:32:34]   [25/155] Microsoft.Extensions.Logging.dll -> Microsoft.Extensions.Logging.dll.so
[00:32:34]   [26/155] Microsoft.Maui.Controls.Xaml.dll -> Microsoft.Maui.Controls.Xaml.dll.so
[00:32:34]   [27/155] Microsoft.Maui.Essentials.dll -> Microsoft.Maui.Essentials.dll.so
[00:32:34]   [28/155] Microsoft.Maui.Graphics.dll -> Microsoft.Maui.Graphics.dll.so
[00:32:38]   [29/155] Microsoft.Maui.Controls.dll -> Microsoft.Maui.Controls.dll.so
[00:32:41]   [30/155] Microsoft.Win32.SystemEvents.dll -> Microsoft.Win32.SystemEvents.dll.so
[00:32:41]   [31/155] Plugin.LocalNotification.dll -> Plugin.LocalNotification.dll.so
[00:32:41]   [32/155] Microsoft.Maui.dll -> Microsoft.Maui.dll.so
[00:32:41]   [33/155] Plugin.Maui.OCR.dll -> Plugin.Maui.OCR.dll.so
[00:32:42]   [34/155] Syncfusion.Maui.Toolkit.resources.dll -> Syncfusion.Maui.Toolkit.resources.dll.so
[00:32:42]   [35/155] Syncfusion.Maui.Toolkit.dll -> Syncfusion.Maui.Toolkit.dll.so
[00:32:47]   [36/155] System.Private.Windows.GdiPlus.dll -> System.Private.Windows.GdiPlus.dll.so
[00:32:47]   [37/155] System.Private.Windows.Core.dll -> System.Private.Windows.Core.dll.so
[00:32:47]   [38/155] System.Drawing.Common.dll -> System.Drawing.Common.dll.so
[00:32:47]   [39/155] System.IdentityModel.Tokens.Jwt.dll -> System.IdentityModel.Tokens.Jwt.dll.so
[00:32:48]   [40/155] Xamarin.AndroidX.Activity.dll -> Xamarin.AndroidX.Activity.dll.so
[00:32:48]   [41/155] Xamarin.AndroidX.AppCompat.dll -> Xamarin.AndroidX.AppCompat.dll.so
[00:32:48]   [42/155] System.Formats.Nrbf.dll -> System.Formats.Nrbf.dll.so
[00:32:48]   [43/155] Xamarin.AndroidX.AppCompat.AppCompatResources.dll -> Xamarin.AndroidX.AppCompat.AppCompatResources.dll.so
[00:32:48]   [44/155] Xamarin.AndroidX.Camera.Camera2.dll -> Xamarin.AndroidX.Camera.Camera2.dll.so
[00:32:49]   [45/155] Xamarin.AndroidX.Camera.Core.dll -> Xamarin.AndroidX.Camera.Core.dll.so
[00:32:53]   [46/155] Xamarin.AndroidX.Camera.Video.dll -> Xamarin.AndroidX.Camera.Video.dll.so
[00:32:54]   [47/155] Xamarin.AndroidX.Camera.View.dll -> Xamarin.AndroidX.Camera.View.dll.so
[00:32:54]   [48/155] Xamarin.AndroidX.Camera.Lifecycle.dll -> Xamarin.AndroidX.Camera.Lifecycle.dll.so
[00:32:54]   [49/155] Xamarin.AndroidX.CardView.dll -> Xamarin.AndroidX.CardView.dll.so
[00:32:54]   [50/155] Xamarin.AndroidX.CoordinatorLayout.dll -> Xamarin.AndroidX.CoordinatorLayout.dll.so
[00:32:54]   [51/155] Xamarin.AndroidX.Core.dll -> Xamarin.AndroidX.Core.dll.so
[00:32:54]   [52/155] Xamarin.AndroidX.CursorAdapter.dll -> Xamarin.AndroidX.CursorAdapter.dll.so
[00:32:55]   [53/155] Xamarin.AndroidX.CustomView.dll -> Xamarin.AndroidX.CustomView.dll.so
[00:32:58]   [54/155] Xamarin.AndroidX.Collection.Jvm.dll -> Xamarin.AndroidX.Collection.Jvm.dll.so
[00:33:01]   [55/155] Xamarin.AndroidX.Lifecycle.Common.Jvm.dll -> Xamarin.AndroidX.Lifecycle.Common.Jvm.dll.so
[00:33:02]   [56/155] Xamarin.AndroidX.Fragment.dll -> Xamarin.AndroidX.Fragment.dll.so
[00:33:02]   [57/155] Xamarin.AndroidX.DrawerLayout.dll -> Xamarin.AndroidX.DrawerLayout.dll.so
[00:33:02]   [58/155] Xamarin.AndroidX.Lifecycle.LiveData.Core.dll -> Xamarin.AndroidX.Lifecycle.LiveData.Core.dll.so
[00:33:02]   [59/155] Xamarin.AndroidX.Lifecycle.ViewModel.Android.dll -> Xamarin.AndroidX.Lifecycle.ViewModel.Android.dll.so
[00:33:02]   [60/155] Xamarin.AndroidX.Loader.dll -> Xamarin.AndroidX.Loader.dll.so
[00:33:02]   [61/155] Xamarin.AndroidX.Navigation.Common.dll -> Xamarin.AndroidX.Navigation.Common.dll.so
[00:33:03]   [62/155] Xamarin.AndroidX.Lifecycle.ViewModelSavedState.dll -> Xamarin.AndroidX.Lifecycle.ViewModelSavedState.dll.so
[00:33:07]   [63/155] Xamarin.AndroidX.Navigation.Fragment.dll -> Xamarin.AndroidX.Navigation.Fragment.dll.so
[00:33:09]   [64/155] Xamarin.AndroidX.Navigation.Runtime.dll -> Xamarin.AndroidX.Navigation.Runtime.dll.so
[00:33:09]   [65/155] Xamarin.AndroidX.Navigation.UI.dll -> Xamarin.AndroidX.Navigation.UI.dll.so
[00:33:10]   [66/155] Xamarin.AndroidX.SavedState.dll -> Xamarin.AndroidX.SavedState.dll.so
[00:33:10]   [67/155] Xamarin.AndroidX.RecyclerView.dll -> Xamarin.AndroidX.RecyclerView.dll.so
[00:33:10]   [68/155] Xamarin.AndroidX.Security.SecurityCrypto.dll -> Xamarin.AndroidX.Security.SecurityCrypto.dll.so
[00:33:10]   [69/155] Xamarin.AndroidX.VersionedParcelable.dll -> Xamarin.AndroidX.VersionedParcelable.dll.so
[00:33:10]   [70/155] Xamarin.AndroidX.ViewPager.dll -> Xamarin.AndroidX.ViewPager.dll.so
[00:33:11]   [71/155] Xamarin.AndroidX.ViewPager2.dll -> Xamarin.AndroidX.ViewPager2.dll.so
[00:33:15]   [72/155] Xamarin.Google.Android.Material.dll -> Xamarin.Google.Android.Material.dll.so
[00:33:15]   [73/155] Xamarin.AndroidX.SwipeRefreshLayout.dll -> Xamarin.AndroidX.SwipeRefreshLayout.dll.so
[00:33:16]   [74/155] Xamarin.Google.Crypto.Tink.Android.dll -> Xamarin.Google.Crypto.Tink.Android.dll.so
[00:33:16]   [75/155] Xamarin.Google.Android.ODML.Image.dll -> Xamarin.Google.Android.ODML.Image.dll.so
[00:33:16]   [76/155] Xamarin.Google.Guava.ListenableFuture.dll -> Xamarin.Google.Guava.ListenableFuture.dll.so
[00:33:16]   [77/155] Xamarin.Google.MLKit.Vision.Common.dll -> Xamarin.Google.MLKit.Vision.Common.dll.so
[00:33:16]   [78/155] Xamarin.Google.MLKit.Common.dll -> Xamarin.Google.MLKit.Common.dll.so
[00:33:18]   [79/155] Xamarin.GooglePlayServices.Basement.dll -> Xamarin.GooglePlayServices.Basement.dll.so
[00:33:21]   [80/155] Xamarin.GooglePlayServices.Base.dll -> Xamarin.GooglePlayServices.Base.dll.so
[00:33:22]   [81/155] Xamarin.Google.MLKit.Vision.Interfaces.dll -> Xamarin.Google.MLKit.Vision.Interfaces.dll.so
[00:33:22]   [82/155] Xamarin.GooglePlayServices.MLKit.Text.Recognition.dll -> Xamarin.GooglePlayServices.MLKit.Text.Recognition.dll.so
[00:33:22]   [83/155] Xamarin.GooglePlayServices.MLKit.Text.Recognition.Common.dll -> Xamarin.GooglePlayServices.MLKit.Text.Recognition.Common.dll.so
[00:33:23]   [84/155] Xamarin.GooglePlayServices.Tasks.dll -> Xamarin.GooglePlayServices.Tasks.dll.so
[00:33:23]   [85/155] Xamarin.Kotlin.StdLib.dll -> Xamarin.Kotlin.StdLib.dll.so
[00:33:23]   [86/155] Xamarin.KotlinX.Coroutines.Core.Jvm.dll -> Xamarin.KotlinX.Coroutines.Core.Jvm.dll.so
[00:33:23]   [87/155] Xamarin.GooglePlayServices.Location.dll -> Xamarin.GooglePlayServices.Location.dll.so
[00:33:27]   [88/155] ZXing.Net.MAUI.dll -> ZXing.Net.MAUI.dll.so
[00:33:27]   [89/155] zxing.dll -> zxing.dll.so
[00:33:27]   [90/155] Xamarin.KotlinX.Serialization.Core.Jvm.dll -> Xamarin.KotlinX.Serialization.Core.Jvm.dll.so
[00:33:28]   [91/155] ZXing.Net.MAUI.Controls.dll -> ZXing.Net.MAUI.Controls.dll.so
[00:33:28]   [92/155] Microsoft.Win32.Primitives.dll -> Microsoft.Win32.Primitives.dll.so
[00:33:28]   [93/155] System.Collections.Immutable.dll -> System.Collections.Immutable.dll.so
[00:33:28]   [94/155] System.Collections.NonGeneric.dll -> System.Collections.NonGeneric.dll.so
[00:33:29]   [95/155] System.Collections.Concurrent.dll -> System.Collections.Concurrent.dll.so
[00:33:31]   [96/155] System.Collections.Specialized.dll -> System.Collections.Specialized.dll.so
[00:33:31]   [97/155] System.Collections.dll -> System.Collections.dll.so
[00:33:31]   [98/155] System.ComponentModel.Annotations.dll -> System.ComponentModel.Annotations.dll.so
[00:33:31]   [99/155] System.ComponentModel.Primitives.dll -> System.ComponentModel.Primitives.dll.so
[00:33:32]   [100/155] System.ComponentModel.dll -> System.ComponentModel.dll.so
[00:33:32]   [101/155] System.ComponentModel.TypeConverter.dll -> System.ComponentModel.TypeConverter.dll.so
[00:33:32]   [102/155] System.Console.dll -> System.Console.dll.so
[00:33:34]   [103/155] System.Diagnostics.DiagnosticSource.dll -> System.Diagnostics.DiagnosticSource.dll.so
[00:33:34]   [104/155] System.Diagnostics.TraceSource.dll -> System.Diagnostics.TraceSource.dll.so
[00:33:34]   [105/155] System.Drawing.Primitives.dll -> System.Drawing.Primitives.dll.so
[00:33:34]   [106/155] System.Drawing.dll -> System.Drawing.dll.so
[00:33:34]   [107/155] System.Data.Common.dll -> System.Data.Common.dll.so
[00:33:35]   [108/155] System.IO.Compression.Brotli.dll -> System.IO.Compression.Brotli.dll.so
[00:33:35]   [109/155] System.IO.Compression.dll -> System.IO.Compression.dll.so
[00:33:38]   [110/155] System.Formats.Asn1.dll -> System.Formats.Asn1.dll.so
[00:33:38]   [111/155] System.IO.Pipelines.dll -> System.IO.Pipelines.dll.so
[00:33:39]   [112/155] EasyManagerApp.dll -> EasyManagerApp.dll.so
[00:33:40]   [113/155] System.Memory.dll -> System.Memory.dll.so
[00:33:44]   [114/155] System.Linq.dll -> System.Linq.dll.so
[00:33:44]   [115/155] System.Linq.Expressions.dll -> System.Linq.Expressions.dll.so
[00:33:44]   [116/155] System.Net.NameResolution.dll -> System.Net.NameResolution.dll.so
[00:33:44]   [117/155] System.Net.NetworkInformation.dll -> System.Net.NetworkInformation.dll.so
[00:33:44]   [118/155] System.Net.Http.Json.dll -> System.Net.Http.Json.dll.so
[00:33:44]   [119/155] System.Net.Requests.dll -> System.Net.Requests.dll.so
[00:33:44]   [120/155] System.Net.Http.dll -> System.Net.Http.dll.so
[00:33:44]   [121/155] System.Net.Primitives.dll -> System.Net.Primitives.dll.so
[00:33:44]   [122/155] System.Net.Security.dll -> System.Net.Security.dll.so
[00:33:44]   [123/155] System.Net.WebSockets.dll -> System.Net.WebSockets.dll.so
[00:33:44]   [124/155] System.Net.Sockets.dll -> System.Net.Sockets.dll.so
[00:33:44]   [125/155] System.Numerics.Vectors.dll -> System.Numerics.Vectors.dll.so
[00:33:44]   [126/155] System.ObjectModel.dll -> System.ObjectModel.dll.so
[00:33:44]   [127/155] System.Private.Xml.Linq.dll -> System.Private.Xml.Linq.dll.so
[00:33:44]   [128/155] System.Private.Uri.dll -> System.Private.Uri.dll.so
[00:33:44]   [129/155] System.Private.Xml.dll -> System.Private.Xml.dll.so
[00:33:44]   [130/155] System.Reflection.Metadata.dll -> System.Reflection.Metadata.dll.so
[00:33:45]   [131/155] System.Runtime.InteropServices.dll -> System.Runtime.InteropServices.dll.so
[00:33:45]   [132/155] System.Runtime.Loader.dll -> System.Runtime.Loader.dll.so
[00:33:45]   [133/155] System.Runtime.Serialization.Formatters.dll -> System.Runtime.Serialization.Formatters.dll.so
[00:33:45]   [134/155] System.Runtime.dll -> System.Runtime.dll.so
[00:33:45]   [135/155] System.Runtime.Numerics.dll -> System.Runtime.Numerics.dll.so
[00:33:45]   [136/155] System.Security.Claims.dll -> System.Security.Claims.dll.so
[00:33:45]   [137/155] System.Text.Encoding.CodePages.dll -> System.Text.Encoding.CodePages.dll.so
[00:33:45]   [138/155] System.Security.Cryptography.dll -> System.Security.Cryptography.dll.so
[00:33:45]   [139/155] System.Security.Cryptography.X509Certificates.dll -> System.Security.Cryptography.X509Certificates.dll.so
[00:33:45]   [140/155] System.Text.Encodings.Web.dll -> System.Text.Encodings.Web.dll.so
[00:33:45]   [141/155] System.Threading.Channels.dll -> System.Threading.Channels.dll.so
[00:33:45]   [142/155] System.Threading.Thread.dll -> System.Threading.Thread.dll.so
[00:33:45]   [143/155] System.Text.RegularExpressions.dll -> System.Text.RegularExpressions.dll.so
[00:33:45]   [144/155] System.Text.Json.dll -> System.Text.Json.dll.so
[00:33:45]   [145/155] System.Web.HttpUtility.dll -> System.Web.HttpUtility.dll.so
[00:33:45]   [146/155] System.Threading.dll -> System.Threading.dll.so
[00:33:45]   [147/155] System.Xml.Linq.dll -> System.Xml.Linq.dll.so
[00:33:45]   [148/155] System.Xml.ReaderWriter.dll -> System.Xml.ReaderWriter.dll.so
[00:33:45]   [149/155] System.Xml.XDocument.dll -> System.Xml.XDocument.dll.so
[00:33:45]   [150/155] System.dll -> System.dll.so
[00:33:45]   [151/155] mscorlib.dll -> mscorlib.dll.so
[00:33:45]   [152/155] Mono.Android.Runtime.dll -> Mono.Android.Runtime.dll.so
[00:33:45]   [153/155] Java.Interop.dll -> Java.Interop.dll.so
[00:33:45]   [154/155] Mono.Android.dll -> Mono.Android.dll.so
[00:33:52]   [155/155] System.Private.CoreLib.dll -> System.Private.CoreLib.dll.so
[00:33:54]   [4/155] EasyManagerApp.dll -> EasyManagerApp.dll.so
[00:33:56]   [5/155] CommunityToolkit.Maui.dll -> CommunityToolkit.Maui.dll.so
[00:33:58]   [6/155] CommunityToolkit.Maui.Camera.dll -> CommunityToolkit.Maui.Camera.dll.so
[00:33:58]   [7/155] CommunityToolkit.Maui.Core.dll -> CommunityToolkit.Maui.Core.dll.so
[00:33:59]   [8/155] CommunityToolkit.Mvvm.dll -> CommunityToolkit.Mvvm.dll.so
[00:33:59]   [9/155] Microsoft.AspNetCore.Http.Features.dll -> Microsoft.AspNetCore.Http.Features.dll.so
[00:34:00]   [10/155] Microsoft.Extensions.Configuration.dll -> Microsoft.Extensions.Configuration.dll.so
[00:34:01]   [11/155] Microsoft.Extensions.Configuration.Abstractions.dll -> Microsoft.Extensions.Configuration.Abstractions.dll.so
[00:34:01]   [12/155] Microsoft.Extensions.Configuration.Binder.dll -> Microsoft.Extensions.Configuration.Binder.dll.so
[00:34:02]   [13/155] Microsoft.Extensions.Configuration.Json.dll -> Microsoft.Extensions.Configuration.Json.dll.so
[00:34:03]   [14/155] Microsoft.Extensions.DependencyInjection.dll -> Microsoft.Extensions.DependencyInjection.dll.so
[00:34:04]   [15/155] Microsoft.Extensions.DependencyInjection.Abstractions.dll -> Microsoft.Extensions.DependencyInjection.Abstractions.dll.so
[00:34:04]   [16/155] Microsoft.Extensions.Diagnostics.dll -> Microsoft.Extensions.Diagnostics.dll.so
[00:34:05]   [17/155] Microsoft.Extensions.Diagnostics.Abstractions.dll -> Microsoft.Extensions.Diagnostics.Abstractions.dll.so
[00:34:06]   [18/155] Microsoft.Extensions.Http.dll -> Microsoft.Extensions.Http.dll.so
[00:34:06]   [19/155] Microsoft.Extensions.Logging.dll -> Microsoft.Extensions.Logging.dll.so
[00:34:07]   [20/155] Microsoft.Extensions.Logging.Abstractions.dll -> Microsoft.Extensions.Logging.Abstractions.dll.so
[00:34:07]   [21/155] Microsoft.Extensions.Options.dll -> Microsoft.Extensions.Options.dll.so
[00:34:08]   [22/155] Microsoft.Extensions.Primitives.dll -> Microsoft.Extensions.Primitives.dll.so
[00:34:09]   [23/155] Microsoft.IdentityModel.Abstractions.dll -> Microsoft.IdentityModel.Abstractions.dll.so
[00:34:09]   [24/155] Microsoft.IdentityModel.JsonWebTokens.dll -> Microsoft.IdentityModel.JsonWebTokens.dll.so
[00:34:10]   [25/155] Microsoft.IdentityModel.Logging.dll -> Microsoft.IdentityModel.Logging.dll.so
[00:34:10]   [26/155] Microsoft.IdentityModel.Tokens.dll -> Microsoft.IdentityModel.Tokens.dll.so
[00:34:17]   [27/155] Microsoft.Maui.Controls.dll -> Microsoft.Maui.Controls.dll.so
[00:34:18]   [28/155] Microsoft.Maui.Controls.Xaml.dll -> Microsoft.Maui.Controls.Xaml.dll.so
[00:34:21]   [29/155] Microsoft.Maui.dll -> Microsoft.Maui.dll.so
[00:34:22]   [30/155] Microsoft.Maui.Essentials.dll -> Microsoft.Maui.Essentials.dll.so
[00:34:23]   [31/155] Microsoft.Maui.Graphics.dll -> Microsoft.Maui.Graphics.dll.so
[00:34:23]   [32/155] Microsoft.Win32.SystemEvents.dll -> Microsoft.Win32.SystemEvents.dll.so
[00:34:24]   [33/155] Plugin.LocalNotification.dll -> Plugin.LocalNotification.dll.so
[00:34:25]   [34/155] Plugin.Maui.OCR.dll -> Plugin.Maui.OCR.dll.so
[00:34:27]   [35/155] Syncfusion.Maui.Toolkit.dll -> Syncfusion.Maui.Toolkit.dll.so
[00:34:28]   [36/155] Syncfusion.Maui.Toolkit.resources.dll -> Syncfusion.Maui.Toolkit.resources.dll.so
[00:34:28]   [37/155] System.Drawing.Common.dll -> System.Drawing.Common.dll.so
[00:34:30]   [38/155] System.Private.Windows.Core.dll -> System.Private.Windows.Core.dll.so
[00:34:31]   [39/155] System.Private.Windows.GdiPlus.dll -> System.Private.Windows.GdiPlus.dll.so
[00:34:31]   [40/155] System.Formats.Nrbf.dll -> System.Formats.Nrbf.dll.so
[00:34:32]   [41/155] System.IdentityModel.Tokens.Jwt.dll -> System.IdentityModel.Tokens.Jwt.dll.so
[00:34:32]   [42/155] Xamarin.AndroidX.Activity.dll -> Xamarin.AndroidX.Activity.dll.so
[00:34:33]   [43/155] Xamarin.AndroidX.AppCompat.dll -> Xamarin.AndroidX.AppCompat.dll.so
[00:34:33]   [44/155] Xamarin.AndroidX.AppCompat.AppCompatResources.dll -> Xamarin.AndroidX.AppCompat.AppCompatResources.dll.so
[00:34:34]   [45/155] Xamarin.AndroidX.Camera.Camera2.dll -> Xamarin.AndroidX.Camera.Camera2.dll.so
[00:34:34]   [46/155] Xamarin.AndroidX.Camera.Core.dll -> Xamarin.AndroidX.Camera.Core.dll.so
[00:34:35]   [47/155] Xamarin.AndroidX.Camera.Lifecycle.dll -> Xamarin.AndroidX.Camera.Lifecycle.dll.so
[00:34:35]   [48/155] Xamarin.AndroidX.Camera.Video.dll -> Xamarin.AndroidX.Camera.Video.dll.so
[00:34:36]   [49/155] Xamarin.AndroidX.Camera.View.dll -> Xamarin.AndroidX.Camera.View.dll.so
[00:34:36]   [50/155] Xamarin.AndroidX.CardView.dll -> Xamarin.AndroidX.CardView.dll.so
[00:34:37]   [51/155] Xamarin.AndroidX.Collection.Jvm.dll -> Xamarin.AndroidX.Collection.Jvm.dll.so
[00:34:37]   [52/155] Xamarin.AndroidX.CoordinatorLayout.dll -> Xamarin.AndroidX.CoordinatorLayout.dll.so
[00:34:38]   [53/155] Xamarin.AndroidX.Core.dll -> Xamarin.AndroidX.Core.dll.so
[00:34:38]   [54/155] Xamarin.AndroidX.CursorAdapter.dll -> Xamarin.AndroidX.CursorAdapter.dll.so
[00:34:39]   [55/155] Xamarin.AndroidX.CustomView.dll -> Xamarin.AndroidX.CustomView.dll.so
[00:34:39]   [56/155] Xamarin.AndroidX.DrawerLayout.dll -> Xamarin.AndroidX.DrawerLayout.dll.so
[00:34:40]   [57/155] Xamarin.AndroidX.Fragment.dll -> Xamarin.AndroidX.Fragment.dll.so
[00:34:40]   [58/155] Xamarin.AndroidX.Lifecycle.Common.Jvm.dll -> Xamarin.AndroidX.Lifecycle.Common.Jvm.dll.so
[00:34:41]   [59/155] Xamarin.AndroidX.Lifecycle.LiveData.Core.dll -> Xamarin.AndroidX.Lifecycle.LiveData.Core.dll.so
[00:34:41]   [60/155] Xamarin.AndroidX.Lifecycle.ViewModel.Android.dll -> Xamarin.AndroidX.Lifecycle.ViewModel.Android.dll.so
[00:34:42]   [61/155] Xamarin.AndroidX.Lifecycle.ViewModelSavedState.dll -> Xamarin.AndroidX.Lifecycle.ViewModelSavedState.dll.so
[00:34:42]   [62/155] Xamarin.AndroidX.Loader.dll -> Xamarin.AndroidX.Loader.dll.so
[00:34:43]   [63/155] Xamarin.AndroidX.Navigation.Common.dll -> Xamarin.AndroidX.Navigation.Common.dll.so
[00:34:43]   [64/155] Xamarin.AndroidX.Navigation.Fragment.dll -> Xamarin.AndroidX.Navigation.Fragment.dll.so
[00:34:44]   [65/155] Xamarin.AndroidX.Navigation.Runtime.dll -> Xamarin.AndroidX.Navigation.Runtime.dll.so
[00:34:44]   [66/155] Xamarin.AndroidX.Navigation.UI.dll -> Xamarin.AndroidX.Navigation.UI.dll.so
[00:34:45]   [67/155] Xamarin.AndroidX.RecyclerView.dll -> Xamarin.AndroidX.RecyclerView.dll.so
[00:34:45]   [68/155] Xamarin.AndroidX.SavedState.dll -> Xamarin.AndroidX.SavedState.dll.so
[00:34:46]   [69/155] Xamarin.AndroidX.Security.SecurityCrypto.dll -> Xamarin.AndroidX.Security.SecurityCrypto.dll.so
[00:34:46]   [70/155] Xamarin.AndroidX.SwipeRefreshLayout.dll -> Xamarin.AndroidX.SwipeRefreshLayout.dll.so
[00:34:47]   [71/155] Xamarin.AndroidX.VersionedParcelable.dll -> Xamarin.AndroidX.VersionedParcelable.dll.so
[00:34:47]   [72/155] Xamarin.AndroidX.ViewPager.dll -> Xamarin.AndroidX.ViewPager.dll.so
[00:34:48]   [73/155] Xamarin.AndroidX.ViewPager2.dll -> Xamarin.AndroidX.ViewPager2.dll.so
[00:34:48]   [74/155] Xamarin.Google.Android.Material.dll -> Xamarin.Google.Android.Material.dll.so
[00:34:49]   [75/155] Xamarin.Google.Android.ODML.Image.dll -> Xamarin.Google.Android.ODML.Image.dll.so
[00:34:50]   [76/155] Xamarin.Google.Crypto.Tink.Android.dll -> Xamarin.Google.Crypto.Tink.Android.dll.so
[00:34:50]   [77/155] Xamarin.Google.Guava.ListenableFuture.dll -> Xamarin.Google.Guava.ListenableFuture.dll.so
[00:34:50]   [78/155] Xamarin.Google.MLKit.Common.dll -> Xamarin.Google.MLKit.Common.dll.so
[00:34:51]   [79/155] Xamarin.Google.MLKit.Vision.Common.dll -> Xamarin.Google.MLKit.Vision.Common.dll.so
[00:34:51]   [80/155] Xamarin.Google.MLKit.Vision.Interfaces.dll -> Xamarin.Google.MLKit.Vision.Interfaces.dll.so
[00:34:52]   [81/155] Xamarin.GooglePlayServices.Base.dll -> Xamarin.GooglePlayServices.Base.dll.so
[00:34:53]   [82/155] Xamarin.GooglePlayServices.Basement.dll -> Xamarin.GooglePlayServices.Basement.dll.so
[00:34:53]   [83/155] Xamarin.GooglePlayServices.Location.dll -> Xamarin.GooglePlayServices.Location.dll.so
[00:34:54]   [84/155] Xamarin.GooglePlayServices.MLKit.Text.Recognition.dll -> Xamarin.GooglePlayServices.MLKit.Text.Recognition.dll.so
[00:34:54]   [85/155] Xamarin.GooglePlayServices.MLKit.Text.Recognition.Common.dll -> Xamarin.GooglePlayServices.MLKit.Text.Recognition.Common.dll.so
[00:34:54]   [86/155] Xamarin.GooglePlayServices.Tasks.dll -> Xamarin.GooglePlayServices.Tasks.dll.so
[00:34:55]   [87/155] Xamarin.Kotlin.StdLib.dll -> Xamarin.Kotlin.StdLib.dll.so
[00:34:55]   [88/155] Xamarin.KotlinX.Coroutines.Core.Jvm.dll -> Xamarin.KotlinX.Coroutines.Core.Jvm.dll.so
[00:34:56]   [89/155] Xamarin.KotlinX.Serialization.Core.Jvm.dll -> Xamarin.KotlinX.Serialization.Core.Jvm.dll.so
[00:34:57]   [90/155] zxing.dll -> zxing.dll.so
[00:34:58]   [91/155] ZXing.Net.MAUI.dll -> ZXing.Net.MAUI.dll.so
[00:34:58]   [92/155] ZXing.Net.MAUI.Controls.dll -> ZXing.Net.MAUI.Controls.dll.so
[00:34:59]   [93/155] Microsoft.Win32.Primitives.dll -> Microsoft.Win32.Primitives.dll.so
[00:34:59]   [94/155] System.Collections.Concurrent.dll -> System.Collections.Concurrent.dll.so
[00:35:00]   [95/155] System.Collections.Immutable.dll -> System.Collections.Immutable.dll.so
[00:35:00]   [96/155] System.Collections.NonGeneric.dll -> System.Collections.NonGeneric.dll.so
[00:35:01]   [97/155] System.Collections.Specialized.dll -> System.Collections.Specialized.dll.so
[00:35:01]   [98/155] System.Collections.dll -> System.Collections.dll.so
[00:35:02]   [99/155] System.ComponentModel.Annotations.dll -> System.ComponentModel.Annotations.dll.so
[00:35:02]   [100/155] System.ComponentModel.Primitives.dll -> System.ComponentModel.Primitives.dll.so
[00:35:03]   [101/155] System.ComponentModel.TypeConverter.dll -> System.ComponentModel.TypeConverter.dll.so
[00:35:03]   [102/155] System.ComponentModel.dll -> System.ComponentModel.dll.so
[00:35:04]   [103/155] System.Console.dll -> System.Console.dll.so
[00:35:04]   [104/155] System.Data.Common.dll -> System.Data.Common.dll.so
[00:35:05]   [105/155] System.Diagnostics.DiagnosticSource.dll -> System.Diagnostics.DiagnosticSource.dll.so
[00:35:05]   [106/155] System.Diagnostics.TraceSource.dll -> System.Diagnostics.TraceSource.dll.so
[00:35:06]   [107/155] System.Drawing.Primitives.dll -> System.Drawing.Primitives.dll.so
[00:35:06]   [108/155] System.Drawing.dll -> System.Drawing.dll.so
[00:35:07]   [109/155] System.Formats.Asn1.dll -> System.Formats.Asn1.dll.so
[00:35:08]   [110/155] System.IO.Compression.Brotli.dll -> System.IO.Compression.Brotli.dll.so
[00:35:08]   [111/155] System.IO.Compression.dll -> System.IO.Compression.dll.so
[00:35:08]   [112/155] System.IO.Pipelines.dll -> System.IO.Pipelines.dll.so
[00:35:10]   [113/155] System.Linq.Expressions.dll -> System.Linq.Expressions.dll.so
[00:35:11]   [114/155] System.Linq.dll -> System.Linq.dll.so
[00:35:12]   [115/155] System.Memory.dll -> System.Memory.dll.so
[00:35:12]   [116/155] System.Net.Http.Json.dll -> System.Net.Http.Json.dll.so
[00:35:14]   [117/155] System.Net.Http.dll -> System.Net.Http.dll.so
[00:35:15]   [118/155] System.Net.NameResolution.dll -> System.Net.NameResolution.dll.so
[00:35:15]   [119/155] System.Net.NetworkInformation.dll -> System.Net.NetworkInformation.dll.so
[00:35:16]   [120/155] System.Net.Primitives.dll -> System.Net.Primitives.dll.so
[00:35:16]   [121/155] System.Net.Requests.dll -> System.Net.Requests.dll.so
[00:35:17]   [122/155] System.Net.Security.dll -> System.Net.Security.dll.so
[00:35:17]   [123/155] System.Net.Sockets.dll -> System.Net.Sockets.dll.so
[00:35:17]   [124/155] System.Net.WebSockets.dll -> System.Net.WebSockets.dll.so
[00:35:18]   [125/155] System.Numerics.Vectors.dll -> System.Numerics.Vectors.dll.so
[00:35:19]   [126/155] System.ObjectModel.dll -> System.ObjectModel.dll.so
[00:35:19]   [127/155] System.Private.Uri.dll -> System.Private.Uri.dll.so
[00:35:20]   [128/155] System.Private.Xml.Linq.dll -> System.Private.Xml.Linq.dll.so
[00:35:21]   [129/155] System.Private.Xml.dll -> System.Private.Xml.dll.so
[00:35:21]   [130/155] System.Reflection.Metadata.dll -> System.Reflection.Metadata.dll.so
[00:35:21]   [131/155] System.Runtime.InteropServices.dll -> System.Runtime.InteropServices.dll.so
[00:35:22]   [132/155] System.Runtime.Loader.dll -> System.Runtime.Loader.dll.so
[00:35:22]   [133/155] System.Runtime.Numerics.dll -> System.Runtime.Numerics.dll.so
[00:35:23]   [134/155] System.Runtime.Serialization.Formatters.dll -> System.Runtime.Serialization.Formatters.dll.so
[00:35:23]   [135/155] System.Runtime.dll -> System.Runtime.dll.so
[00:35:24]   [136/155] System.Security.Claims.dll -> System.Security.Claims.dll.so
[00:35:24]   [137/155] System.Security.Cryptography.X509Certificates.dll -> System.Security.Cryptography.X509Certificates.dll.so
[00:35:24]   [138/155] System.Security.Cryptography.dll -> System.Security.Cryptography.dll.so
[00:35:25]   [139/155] System.Text.Encoding.CodePages.dll -> System.Text.Encoding.CodePages.dll.so
[00:35:25]   [140/155] System.Text.Encodings.Web.dll -> System.Text.Encodings.Web.dll.so
[00:35:27]   [141/155] System.Text.Json.dll -> System.Text.Json.dll.so
[00:35:29]   [142/155] System.Text.RegularExpressions.dll -> System.Text.RegularExpressions.dll.so
[00:35:29]   [143/155] System.Threading.Channels.dll -> System.Threading.Channels.dll.so
[00:35:30]   [144/155] System.Threading.Thread.dll -> System.Threading.Thread.dll.so
[00:35:30]   [145/155] System.Threading.dll -> System.Threading.dll.so
[00:35:30]   [146/155] System.Web.HttpUtility.dll -> System.Web.HttpUtility.dll.so
[00:35:31]   [147/155] System.Xml.Linq.dll -> System.Xml.Linq.dll.so
[00:35:31]   [148/155] System.Xml.ReaderWriter.dll -> System.Xml.ReaderWriter.dll.so
[00:35:32]   [149/155] System.Xml.XDocument.dll -> System.Xml.XDocument.dll.so
[00:35:32]   [150/155] System.dll -> System.dll.so
[00:35:33]   [151/155] mscorlib.dll -> mscorlib.dll.so
[00:35:34]   [152/155] Java.Interop.dll -> Java.Interop.dll.so
[00:35:34]   [153/155] Mono.Android.Runtime.dll -> Mono.Android.Runtime.dll.so
[00:35:38]   [154/155] Mono.Android.dll -> Mono.Android.dll.so
[00:35:45]   [155/155] System.Private.CoreLib.dll -> System.Private.CoreLib.dll.so
[00:36:12] obj\Release\net9.0-android\lp\263\jl\jni\arm64-v8a\libmlkit_google_ocr_pipeline.so : warning XA4301: O APK já contém o item lib/arm64-v8a/libmlkit_google_ocr_pipeline.so. Ignorando. [C:\Users\PEDRO\Desktop\EasyPRO\EasyManagerApp\EasyManagerApp\EasyManagerApp.csproj::TargetFramework=net9.0-android]
[00:36:12] obj\Release\net9.0-android\lp\263\jl\jni\x86_64\libmlkit_google_ocr_pipeline.so : warning XA4301: O APK já contém o item lib/x86_64/libmlkit_google_ocr_pipeline.so. Ignorando. [C:\Users\PEDRO\Desktop\EasyPRO\EasyManagerApp\EasyManagerApp\EasyManagerApp.csproj::TargetFramework=net9.0-android]
[00:36:12] obj\Release\net9.0-android\lp\263\jl\jni\arm64-v8a\libmlkit_google_ocr_pipeline.so : warning XA4301: O APK já contém o item lib/arm64-v8a/libmlkit_google_ocr_pipeline.so. Ignorando. [C:\Users\PEDRO\Desktop\EasyPRO\EasyManagerApp\EasyManagerApp\EasyManagerApp.csproj::TargetFramework=net9.0-android]
[00:36:12] obj\Release\net9.0-android\lp\263\jl\jni\x86_64\libmlkit_google_ocr_pipeline.so : warning XA4301: O APK já contém o item lib/x86_64/libmlkit_google_ocr_pipeline.so. Ignorando. [C:\Users\PEDRO\Desktop\EasyPRO\EasyManagerApp\EasyManagerApp\EasyManagerApp.csproj::TargetFramework=net9.0-android]
