[01:54:42] dotnet publish C:\Users\PEDRO\Desktop\EasyPRO\EasyLoginBase\EasyLoginBase\EasyLoginBase.csproj -c Release -f net9.0 -o C:\Users\PEDRO\Desktop\EasyPRO\EasyBuilderRelease\COMERCIO_FACIL_RELEASE_2026-06-18_014629\03_API --nologo --verbosity minimal /m
[01:54:44]   Determinando os projetos a serem restaurados...
[01:54:45] C:\Users\PEDRO\Desktop\EasyPRO\EasyLoginBase\EasyLoginBase.Services\EasyLoginBase.Services.csproj : warning NU1903: O pacote 'SixLabors.ImageSharp' 2.1.9 tem uma alta vulnerabilidade de gravidade conhecida, https://github.com/advisories/GHSA-2cmq-823j-5qj8 [C:\Users\PEDRO\Desktop\EasyPRO\EasyLoginBase\EasyLoginBase\EasyLoginBase.csproj]
[01:54:45] C:\Users\PEDRO\Desktop\EasyPRO\EasyLoginBase\EasyLoginBase.Services\EasyLoginBase.Services.csproj : warning NU1902: O pacote 'SixLabors.ImageSharp' 2.1.9 tem uma moderado vulnerabilidade de gravidade conhecida, https://github.com/advisories/GHSA-rxmq-m78w-7wmc [C:\Users\PEDRO\Desktop\EasyPRO\EasyLoginBase\EasyLoginBase\EasyLoginBase.csproj]
[01:54:45]   Todos os projetos estão atualizados para restauração.
[01:54:50]   EasyLoginBase.Domain -> C:\Users\PEDRO\Desktop\EasyPRO\EasyLoginBase\EasyLoginBase.Domain\bin\Release\net9.0\EasyLoginBase.Domain.dll
[01:54:50] C:\Users\PEDRO\Desktop\EasyPRO\EasyLoginBase\EasyLoginBase.Services\EasyLoginBase.Services.csproj : warning NU1903: O pacote 'SixLabors.ImageSharp' 2.1.9 tem uma alta vulnerabilidade de gravidade conhecida, https://github.com/advisories/GHSA-2cmq-823j-5qj8
[01:54:50] C:\Users\PEDRO\Desktop\EasyPRO\EasyLoginBase\EasyLoginBase.Services\EasyLoginBase.Services.csproj : warning NU1902: O pacote 'SixLabors.ImageSharp' 2.1.9 tem uma moderado vulnerabilidade de gravidade conhecida, https://github.com/advisories/GHSA-rxmq-m78w-7wmc
[01:54:54]   EasyLoginBase.InfrastructureData.Dapper -> C:\Users\PEDRO\Desktop\EasyPRO\EasyLoginBase\EasyLoginBase.InfrastructureData.Dapper\bin\Release\net9.0\EasyLoginBase.InfrastructureData.Dapper.dll
[01:55:01]   EasyLoginBase.Application -> C:\Users\PEDRO\Desktop\EasyPRO\EasyLoginBase\EasyLoginBase.Application\bin\Release\net9.0\EasyLoginBase.Application.dll
[01:55:17]   EasyLoginBase.InfrastructureData -> C:\Users\PEDRO\Desktop\EasyPRO\EasyLoginBase\EasyLoginBase.InfrastructureData\bin\Release\net9.0\EasyLoginBase.InfrastructureData.dll
[01:55:23] C:\Users\PEDRO\Desktop\EasyPRO\EasyLoginBase\EasyLoginBase.Services\Services\Produto\FichaTecnica\FichaTecnicaServices.cs(312,42): warning CS8619: A anulabilidade de tipos de referência no valor do tipo 'RequestResult<FichaTecnicaResponseDto>' não corresponde ao tipo de destino 'RequestResult<FichaTecnicaResponseDto?>'. [C:\Users\PEDRO\Desktop\EasyPRO\EasyLoginBase\EasyLoginBase.Services\EasyLoginBase.Services.csproj]
[01:55:23] C:\Users\PEDRO\Desktop\EasyPRO\EasyLoginBase\EasyLoginBase.Services\Services\Produto\FichaTecnica\FichaTecnicaServices.cs(334,39): warning CS8619: A anulabilidade de tipos de referência no valor do tipo 'RequestResult<FichaTecnicaResponseDto>' não corresponde ao tipo de destino 'RequestResult<FichaTecnicaResponseDto?>'. [C:\Users\PEDRO\Desktop\EasyPRO\EasyLoginBase\EasyLoginBase.Services\EasyLoginBase.Services.csproj]
[01:55:23] C:\Users\PEDRO\Desktop\EasyPRO\EasyLoginBase\EasyLoginBase.Services\Services\Produto\FichaTecnica\FichaTecnicaServices.cs(353,20): warning CS8619: A anulabilidade de tipos de referência no valor do tipo 'RequestResult<FichaTecnicaResponseDto?>' não corresponde ao tipo de destino 'RequestResult<FichaTecnicaResponseDto>'. [C:\Users\PEDRO\Desktop\EasyPRO\EasyLoginBase\EasyLoginBase.Services\EasyLoginBase.Services.csproj]
[01:55:23] C:\Users\PEDRO\Desktop\EasyPRO\EasyLoginBase\EasyLoginBase.Services\Services\Produto\FichaTecnica\FichaTecnicaServices.cs(374,20): warning CS8619: A anulabilidade de tipos de referência no valor do tipo 'RequestResult<FichaTecnicaResponseDto?>' não corresponde ao tipo de destino 'RequestResult<FichaTecnicaResponseDto>'. [C:\Users\PEDRO\Desktop\EasyPRO\EasyLoginBase\EasyLoginBase.Services\EasyLoginBase.Services.csproj]
[01:55:23] C:\Users\PEDRO\Desktop\EasyPRO\EasyLoginBase\EasyLoginBase.Services\Services\Produto\FichaTecnica\FichaTecnicaServices.cs(395,20): warning CS8619: A anulabilidade de tipos de referência no valor do tipo 'RequestResult<FichaTecnicaResponseDto?>' não corresponde ao tipo de destino 'RequestResult<FichaTecnicaResponseDto>'. [C:\Users\PEDRO\Desktop\EasyPRO\EasyLoginBase\EasyLoginBase.Services\EasyLoginBase.Services.csproj]
[01:55:23] C:\Users\PEDRO\Desktop\EasyPRO\EasyLoginBase\EasyLoginBase.Services\Services\Produto\FichaTecnica\FichaTecnicaServices.cs(416,20): warning CS8619: A anulabilidade de tipos de referência no valor do tipo 'RequestResult<FichaTecnicaResponseDto?>' não corresponde ao tipo de destino 'RequestResult<FichaTecnicaResponseDto>'. [C:\Users\PEDRO\Desktop\EasyPRO\EasyLoginBase\EasyLoginBase.Services\EasyLoginBase.Services.csproj]
[01:55:23] C:\Users\PEDRO\Desktop\EasyPRO\EasyLoginBase\EasyLoginBase.Services\Services\Produto\FichaTecnica\FichaTecnicaServices.cs(454,20): warning CS8619: A anulabilidade de tipos de referência no valor do tipo 'RequestResult<FichaTecnicaResponseDto?>' não corresponde ao tipo de destino 'RequestResult<FichaTecnicaResponseDto>'. [C:\Users\PEDRO\Desktop\EasyPRO\EasyLoginBase\EasyLoginBase.Services\EasyLoginBase.Services.csproj]
[01:55:23] C:\Users\PEDRO\Desktop\EasyPRO\EasyLoginBase\EasyLoginBase.Services\Services\Produto\FichaTecnica\FichaTecnicaServices.cs(475,20): warning CS8619: A anulabilidade de tipos de referência no valor do tipo 'RequestResult<FichaTecnicaResponseDto?>' não corresponde ao tipo de destino 'RequestResult<FichaTecnicaResponseDto>'. [C:\Users\PEDRO\Desktop\EasyPRO\EasyLoginBase\EasyLoginBase.Services\EasyLoginBase.Services.csproj]
[01:55:23] C:\Users\PEDRO\Desktop\EasyPRO\EasyLoginBase\EasyLoginBase.Services\Services\Produto\FichaTecnica\FichaTecnicaServices.cs(496,20): warning CS8619: A anulabilidade de tipos de referência no valor do tipo 'RequestResult<FichaTecnicaResponseDto?>' não corresponde ao tipo de destino 'RequestResult<FichaTecnicaResponseDto>'. [C:\Users\PEDRO\Desktop\EasyPRO\EasyLoginBase\EasyLoginBase.Services\EasyLoginBase.Services.csproj]
[01:55:23] C:\Users\PEDRO\Desktop\EasyPRO\EasyLoginBase\EasyLoginBase.Services\Services\Produto\FichaTecnica\FichaTecnicaServices.cs(534,20): warning CS8619: A anulabilidade de tipos de referência no valor do tipo 'RequestResult<FichaTecnicaResponseDto?>' não corresponde ao tipo de destino 'RequestResult<FichaTecnicaResponseDto>'. [C:\Users\PEDRO\Desktop\EasyPRO\EasyLoginBase\EasyLoginBase.Services\EasyLoginBase.Services.csproj]
[01:55:23] C:\Users\PEDRO\Desktop\EasyPRO\EasyLoginBase\EasyLoginBase.Services\Services\Produto\FichaTecnica\FichaTecnicaServices.cs(555,20): warning CS8619: A anulabilidade de tipos de referência no valor do tipo 'RequestResult<FichaTecnicaResponseDto?>' não corresponde ao tipo de destino 'RequestResult<FichaTecnicaResponseDto>'. [C:\Users\PEDRO\Desktop\EasyPRO\EasyLoginBase\EasyLoginBase.Services\EasyLoginBase.Services.csproj]
[01:55:23]   EasyLoginBase.Services -> C:\Users\PEDRO\Desktop\EasyPRO\EasyLoginBase\EasyLoginBase.Services\bin\Release\net9.0\EasyLoginBase.Services.dll
[01:55:24]   EasyLoginBase.Services.Migracao -> C:\Users\PEDRO\Desktop\EasyPRO\EasyLoginBase\EasyLoginBase.Services.Migracao\bin\Release\net9.0\EasyLoginBase.Services.Migracao.dll
[01:55:25]   EasyLoginBase.CrossCutting -> C:\Users\PEDRO\Desktop\EasyPRO\EasyLoginBase\EasyLoginBase.CrossCutting\bin\Release\net9.0\EasyLoginBase.CrossCutting.dll
[01:55:29]   EasyLoginBase -> C:\Users\PEDRO\Desktop\EasyPRO\EasyLoginBase\EasyLoginBase\bin\Release\net9.0\EasyLoginBase.dll
[01:55:30]   EasyLoginBase -> C:\Users\PEDRO\Desktop\EasyPRO\EasyBuilderRelease\COMERCIO_FACIL_RELEASE_2026-06-18_014629\03_API\
