[01:46:29] dotnet publish C:\Users\PEDRO\Desktop\EasyPRO\EasyManagerApp\EasyManagerApp\EasyManagerApp.csproj -c Release -f net9.0-android -p:AndroidPackageFormat=apk -o C:\Users\PEDRO\Desktop\EasyPRO\EasyBuilderRelease\COMERCIO_FACIL_RELEASE_2026-06-18_014629\01_MauiAndroid --nologo --verbosity minimal /m
[01:46:31]   Determinando os projetos a serem restaurados...
[01:46:39]   C:\Users\PEDRO\Desktop\EasyPRO\EasyManagerApp\EasyManagerApp\EasyManagerApp.csproj restaurado (em 3,99 seg).
[01:46:39]   2 de 3 projetos estão atualizados para restauração.
[01:46:53]   EasyManagerApp.Template -> C:\Users\PEDRO\Desktop\EasyPRO\EasyManagerApp\EasyManagerApp.Template\bin\Release\net9.0-android\EasyManagerApp.Template.dll
[01:46:53] C:\Users\PEDRO\Desktop\EasyPRO\EasyManagerApp\EasyManagerApp.Services.Services\Services\Produto\Etiqueta\ListaImpressao\ListaValidadeImpressaoItemServices.cs(22,9): warning CS1587: O comentário XML não está inserido em um elemento de linguagem válido [C:\Users\PEDRO\Desktop\EasyPRO\EasyManagerApp\EasyManagerApp.Services.Services\EasyManagerApp.Services.Services.csproj::TargetFramework=net9.0-android]
[01:46:53]   EasyManagerApp.Services.Services -> C:\Users\PEDRO\Desktop\EasyPRO\EasyManagerApp\EasyManagerApp.Services.Services\bin\Release\net9.0-android\EasyManagerApp.Services.Services.dll
[01:47:22] C:\Users\PEDRO\Desktop\EasyPRO\EasyManagerApp\EasyManagerApp\Platforms\Android\Notifications\AndroidTaskAlarmScheduler.cs(22,65): warning CA1416: Este site de chamada pode ser acessado em: 'Android' 21.0 e posteriores. Só há suporte para 'AlarmManager.CanScheduleExactAlarms()' em: 'android' 31.0 e posteriores. (https://learn.microsoft.com/dotnet/fundamentals/code-analysis/quality-rules/ca1416) [C:\Users\PEDRO\Desktop\EasyPRO\EasyManagerApp\EasyManagerApp\EasyManagerApp.csproj::TargetFramework=net9.0-android]
[01:47:22] C:\Users\PEDRO\Desktop\EasyPRO\EasyManagerApp\EasyManagerApp\Platforms\Android\Notifications\TaskAlarmReceiver.cs(50,19): warning CA1422: Este site de chamadas é acessível em: 'Android' 21.0 e posteriores. "Notification.Builder" está obsoleto em: 'Android' 26.0 e posteriores. (https://learn.microsoft.com/dotnet/fundamentals/code-analysis/quality-rules/ca1422) [C:\Users\PEDRO\Desktop\EasyPRO\EasyManagerApp\EasyManagerApp\EasyManagerApp.csproj::TargetFramework=net9.0-android]
[01:47:22] C:\Users\PEDRO\Desktop\EasyPRO\EasyManagerApp\EasyManagerApp\Platforms\Android\Notifications\AndroidTaskAlarmScheduler.cs(29,17): warning CA1416: Este site de chamada pode ser acessado em: 'Android' 21.0 e posteriores. Só há suporte para 'AlarmManager.SetExactAndAllowWhileIdle(AlarmType, long, PendingIntent)' em: 'android' 23.0 e posteriores. (https://learn.microsoft.com/dotnet/fundamentals/code-analysis/quality-rules/ca1416) [C:\Users\PEDRO\Desktop\EasyPRO\EasyManagerApp\EasyManagerApp\EasyManagerApp.csproj::TargetFramework=net9.0-android]
[01:47:22] C:\Users\PEDRO\Desktop\EasyPRO\EasyManagerApp\EasyManagerApp\Platforms\Android\Notifications\TaskAlarmReceiver.cs(52,32): warning CA1422: Este site de chamadas é acessível em: 'Android' 21.0 e posteriores. "Notification.Builder.SetVibrate(long[]?)" está obsoleto em: 'Android' 26.0 e posteriores. (https://learn.microsoft.com/dotnet/fundamentals/code-analysis/quality-rules/ca1422) [C:\Users\PEDRO\Desktop\EasyPRO\EasyManagerApp\EasyManagerApp\EasyManagerApp.csproj::TargetFramework=net9.0-android]
[01:47:22] C:\Users\PEDRO\Desktop\EasyPRO\EasyManagerApp\EasyManagerApp\Platforms\Android\Notifications\TaskAlarmReceiver.cs(46,52): warning CA1416: Este site de chamada pode ser acessado em: 'Android' 21.0 e posteriores. Só há suporte para 'PendingIntentFlags.Immutable' em: 'android' 23.0 e posteriores. (https://learn.microsoft.com/dotnet/fundamentals/code-analysis/quality-rules/ca1416) [C:\Users\PEDRO\Desktop\EasyPRO\EasyManagerApp\EasyManagerApp\EasyManagerApp.csproj::TargetFramework=net9.0-android]
[01:47:22] C:\Users\PEDRO\Desktop\EasyPRO\EasyManagerApp\EasyManagerApp\Platforms\Android\Notifications\TaskAlarmReceiver.cs(52,32): warning CA1422: Este site de chamadas é acessível em: 'Android' 21.0 e posteriores. "Notification.Builder.SetPriority(int)" está obsoleto em: 'Android' 26.0 e posteriores. (https://learn.microsoft.com/dotnet/fundamentals/code-analysis/quality-rules/ca1422) [C:\Users\PEDRO\Desktop\EasyPRO\EasyManagerApp\EasyManagerApp\EasyManagerApp.csproj::TargetFramework=net9.0-android]
[01:47:22] C:\Users\PEDRO\Desktop\EasyPRO\EasyManagerApp\EasyManagerApp\Platforms\Android\Notifications\TaskAlarmReceiver.cs(49,19): warning CA1416: Este site de chamada pode ser acessado em: 'Android' 21.0 e posteriores. Só há suporte para 'Notification.Builder' em: 'android' 26.0 e posteriores. (https://learn.microsoft.com/dotnet/fundamentals/code-analysis/quality-rules/ca1416) [C:\Users\PEDRO\Desktop\EasyPRO\EasyManagerApp\EasyManagerApp\EasyManagerApp.csproj::TargetFramework=net9.0-android]
[01:47:22] C:\Users\PEDRO\Desktop\EasyPRO\EasyManagerApp\EasyManagerApp\Platforms\Android\Notifications\TaskAlarmReceiver.cs(52,32): warning CA1422: Este site de chamadas é acessível em: 'Android' 21.0 e posteriores. "Notification.Builder.SetDefaults(NotificationDefaults)" está obsoleto em: 'Android' 26.0 e posteriores. (https://learn.microsoft.com/dotnet/fundamentals/code-analysis/quality-rules/ca1422) [C:\Users\PEDRO\Desktop\EasyPRO\EasyManagerApp\EasyManagerApp\EasyManagerApp.csproj::TargetFramework=net9.0-android]
[01:47:22] C:\Users\PEDRO\Desktop\EasyPRO\EasyManagerApp\EasyManagerApp\Platforms\Android\Notifications\TaskAlarmReceiver.cs(90,48): warning CA1416: Este site de chamada pode ser acessado em: 'Android' 21.0 e posteriores. Só há suporte para 'PendingIntentFlags.Immutable' em: 'android' 23.0 e posteriores. (https://learn.microsoft.com/dotnet/fundamentals/code-analysis/quality-rules/ca1416) [C:\Users\PEDRO\Desktop\EasyPRO\EasyManagerApp\EasyManagerApp\EasyManagerApp.csproj::TargetFramework=net9.0-android]
[01:47:22] C:\Users\PEDRO\Desktop\EasyPRO\EasyManagerApp\EasyManagerApp\Platforms\Android\Notifications\TaskAlarmReceiver.cs(102,48): warning CA1416: Este site de chamada pode ser acessado em: 'Android' 21.0 e posteriores. Só há suporte para 'PendingIntentFlags.Immutable' em: 'android' 23.0 e posteriores. (https://learn.microsoft.com/dotnet/fundamentals/code-analysis/quality-rules/ca1416) [C:\Users\PEDRO\Desktop\EasyPRO\EasyManagerApp\EasyManagerApp\EasyManagerApp.csproj::TargetFramework=net9.0-android]
[01:47:22] C:\Users\PEDRO\Desktop\EasyPRO\EasyManagerApp\EasyManagerApp\Platforms\Android\Services\Impressao\PrinterDiscoveryServiceMaui.cs(12,23): warning CA1422: Este site de chamadas é acessível em: 'Android' 21.0 e posteriores. "BluetoothAdapter.DefaultAdapter" está obsoleto em: 'Android' 31.0 e posteriores. (https://learn.microsoft.com/dotnet/fundamentals/code-analysis/quality-rules/ca1422) [C:\Users\PEDRO\Desktop\EasyPRO\EasyManagerApp\EasyManagerApp\EasyManagerApp.csproj::TargetFramework=net9.0-android]
[01:47:22] C:\Users\PEDRO\Desktop\EasyPRO\EasyManagerApp\EasyManagerApp\Platforms\Android\Notifications\TaskAlarmReceiver.cs(128,23): warning CA1416: Este site de chamada pode ser acessado em: 'Android' 21.0 e posteriores. Só há suporte para 'NotificationChannel' em: 'android' 26.0 e posteriores. (https://learn.microsoft.com/dotnet/fundamentals/code-analysis/quality-rules/ca1416) [C:\Users\PEDRO\Desktop\EasyPRO\EasyManagerApp\EasyManagerApp\EasyManagerApp.csproj::TargetFramework=net9.0-android]
[01:47:22] C:\Users\PEDRO\Desktop\EasyPRO\EasyManagerApp\EasyManagerApp\Platforms\Android\Notifications\TaskAlarmReceiver.cs(138,9): warning CA1416: Este site de chamada pode ser acessado em: 'Android' 21.0 e posteriores. Só há suporte para 'NotificationChannel.SetVibrationPattern(long[]?)' em: 'android' 26.0 e posteriores. (https://learn.microsoft.com/dotnet/fundamentals/code-analysis/quality-rules/ca1416) [C:\Users\PEDRO\Desktop\EasyPRO\EasyManagerApp\EasyManagerApp\EasyManagerApp.csproj::TargetFramework=net9.0-android]
[01:47:22] C:\Users\PEDRO\Desktop\EasyPRO\EasyManagerApp\EasyManagerApp\Platforms\Android\Notifications\TaskAlarmReceiver.cs(131,13): warning CA1416: Este site de chamada pode ser acessado em: 'Android' 21.0 e posteriores. Só há suporte para 'NotificationImportance.Max' em: 'android' 24.0 e posteriores. (https://learn.microsoft.com/dotnet/fundamentals/code-analysis/quality-rules/ca1416) [C:\Users\PEDRO\Desktop\EasyPRO\EasyManagerApp\EasyManagerApp\EasyManagerApp.csproj::TargetFramework=net9.0-android]
[01:47:22] C:\Users\PEDRO\Desktop\EasyPRO\EasyManagerApp\EasyManagerApp\Platforms\Android\Notifications\TaskAlarmReceiver.cs(123,13): warning CA1416: Este site de chamada pode ser acessado em: 'Android' 21.0 e posteriores. Só há suporte para 'NotificationManager.GetNotificationChannel(string?)' em: 'android' 26.0 e posteriores. (https://learn.microsoft.com/dotnet/fundamentals/code-analysis/quality-rules/ca1416) [C:\Users\PEDRO\Desktop\EasyPRO\EasyManagerApp\EasyManagerApp\EasyManagerApp.csproj::TargetFramework=net9.0-android]
[01:47:22] C:\Users\PEDRO\Desktop\EasyPRO\EasyManagerApp\EasyManagerApp\Platforms\Android\Notifications\TaskAlarmReceiver.cs(137,9): warning CA1416: Este site de chamada pode ser acessado em: 'Android' 21.0 e posteriores. Só há suporte para 'NotificationChannel.EnableVibration(bool)' em: 'android' 26.0 e posteriores. (https://learn.microsoft.com/dotnet/fundamentals/code-analysis/quality-rules/ca1416) [C:\Users\PEDRO\Desktop\EasyPRO\EasyManagerApp\EasyManagerApp\EasyManagerApp.csproj::TargetFramework=net9.0-android]
[01:47:22] C:\Users\PEDRO\Desktop\EasyPRO\EasyManagerApp\EasyManagerApp\Platforms\Android\Notifications\TaskAlarmReceiver.cs(134,13): warning CA1416: Este site de chamada pode ser acessado em: 'Android' 21.0 e posteriores. Só há suporte para 'NotificationChannel.LockscreenVisibility.set' em: 'android' 26.0 e posteriores. (https://learn.microsoft.com/dotnet/fundamentals/code-analysis/quality-rules/ca1416) [C:\Users\PEDRO\Desktop\EasyPRO\EasyManagerApp\EasyManagerApp\EasyManagerApp.csproj::TargetFramework=net9.0-android]
[01:47:22] C:\Users\PEDRO\Desktop\EasyPRO\EasyManagerApp\EasyManagerApp\Platforms\Android\Notifications\TaskAlarmReceiver.cs(134,13): warning CA1416: Este site de chamada pode ser acessado em: 'Android' 21.0 e posteriores. Só há suporte para 'NotificationChannel.LockscreenVisibility' em: 'android' 26.0 e posteriores. (https://learn.microsoft.com/dotnet/fundamentals/code-analysis/quality-rules/ca1416) [C:\Users\PEDRO\Desktop\EasyPRO\EasyManagerApp\EasyManagerApp\EasyManagerApp.csproj::TargetFramework=net9.0-android]
[01:47:22] C:\Users\PEDRO\Desktop\EasyPRO\EasyManagerApp\EasyManagerApp\Platforms\Android\Notifications\TaskAlarmReceiver.cs(139,9): warning CA1416: Este site de chamada pode ser acessado em: 'Android' 21.0 e posteriores. Só há suporte para 'NotificationManager.CreateNotificationChannel(NotificationChannel)' em: 'android' 26.0 e posteriores. (https://learn.microsoft.com/dotnet/fundamentals/code-analysis/quality-rules/ca1416) [C:\Users\PEDRO\Desktop\EasyPRO\EasyManagerApp\EasyManagerApp\EasyManagerApp.csproj::TargetFramework=net9.0-android]
[01:47:22] C:\Users\PEDRO\Desktop\EasyPRO\EasyManagerApp\EasyManagerApp\Platforms\Android\Notifications\TaskAlarmReceiver.cs(133,13): warning CA1416: Este site de chamada pode ser acessado em: 'Android' 21.0 e posteriores. Só há suporte para 'NotificationChannel.Description.set' em: 'android' 26.0 e posteriores. (https://learn.microsoft.com/dotnet/fundamentals/code-analysis/quality-rules/ca1416) [C:\Users\PEDRO\Desktop\EasyPRO\EasyManagerApp\EasyManagerApp\EasyManagerApp.csproj::TargetFramework=net9.0-android]
[01:47:22] C:\Users\PEDRO\Desktop\EasyPRO\EasyManagerApp\EasyManagerApp\Platforms\Android\Notifications\TaskAlarmReceiver.cs(133,13): warning CA1416: Este site de chamada pode ser acessado em: 'Android' 21.0 e posteriores. Só há suporte para 'NotificationChannel.Description' em: 'android' 26.0 e posteriores. (https://learn.microsoft.com/dotnet/fundamentals/code-analysis/quality-rules/ca1416) [C:\Users\PEDRO\Desktop\EasyPRO\EasyManagerApp\EasyManagerApp\EasyManagerApp.csproj::TargetFramework=net9.0-android]
[01:47:47]   EasyManagerApp -> C:\Users\PEDRO\Desktop\EasyPRO\EasyManagerApp\EasyManagerApp\bin\Release\net9.0-android\EasyManagerApp.dll
[01:47:52]   EasyManagerApp.Services.Services -> C:\Users\PEDRO\Desktop\EasyPRO\EasyManagerApp\EasyManagerApp.Services.Services\bin\Release\net9.0-android\EasyManagerApp.Services.Services.dll
[01:47:53]   EasyManagerApp.Template -> C:\Users\PEDRO\Desktop\EasyPRO\EasyManagerApp\EasyManagerApp.Template\bin\Release\net9.0-android\EasyManagerApp.Template.dll
[01:48:00]   Otimizar assemblies para tamanho pode alterar o comportamento do aplicativo. Certifique-se de testar após a publicação. Veja: https://aka.ms/dotnet-illink
[01:48:00]   Otimizando montagens para tamanho. Esse processo pode demorar um pouco.
[01:48:00]   Otimizar assemblies para tamanho pode alterar o comportamento do aplicativo. Certifique-se de testar após a publicação. Veja: https://aka.ms/dotnet-illink
[01:48:00]   Otimizando montagens para tamanho. Esse processo pode demorar um pouco.
[01:48:48]   [1/155] _Microsoft.Android.Resource.Designer.dll -> _Microsoft.Android.Resource.Designer.dll.so
[01:48:57]   [1/155] _Microsoft.Android.Resource.Designer.dll -> _Microsoft.Android.Resource.Designer.dll.so
[01:49:00]   [2/155] EasyManagerApp.Template.dll -> EasyManagerApp.Template.dll.so
[01:49:03]   [2/155] EasyManagerApp.Services.Services.dll -> EasyManagerApp.Services.Services.dll.so
[01:49:05]   [3/155] EasyManagerApp.Template.dll -> EasyManagerApp.Template.dll.so
[01:49:06]   [3/155] CommunityToolkit.Maui.dll -> CommunityToolkit.Maui.dll.so
[01:49:07]   [4/155] EasyManagerApp.Services.Services.dll -> EasyManagerApp.Services.Services.dll.so
[01:49:08]   [5/155] CommunityToolkit.Maui.Camera.dll -> CommunityToolkit.Maui.Camera.dll.so
[01:49:09]   [6/155] CommunityToolkit.Mvvm.dll -> CommunityToolkit.Mvvm.dll.so
[01:49:19]   [7/155] CommunityToolkit.Maui.Core.dll -> CommunityToolkit.Maui.Core.dll.so
[01:49:27]   [8/155] Microsoft.AspNetCore.Http.Features.dll -> Microsoft.AspNetCore.Http.Features.dll.so
[01:49:29]   [9/155] Microsoft.Extensions.Configuration.Abstractions.dll -> Microsoft.Extensions.Configuration.Abstractions.dll.so
[01:49:30]   [10/155] Microsoft.Extensions.Configuration.Binder.dll -> Microsoft.Extensions.Configuration.Binder.dll.so
[01:49:33]   [11/155] Microsoft.Extensions.Configuration.Json.dll -> Microsoft.Extensions.Configuration.Json.dll.so
[01:49:35]   [12/155] Microsoft.Extensions.Configuration.dll -> Microsoft.Extensions.Configuration.dll.so
[01:49:36]   [13/155] Microsoft.Extensions.DependencyInjection.dll -> Microsoft.Extensions.DependencyInjection.dll.so
[01:49:36]   [14/155] Microsoft.Extensions.DependencyInjection.Abstractions.dll -> Microsoft.Extensions.DependencyInjection.Abstractions.dll.so
[01:49:37]   [15/155] Microsoft.Extensions.Diagnostics.Abstractions.dll -> Microsoft.Extensions.Diagnostics.Abstractions.dll.so
[01:49:41]   [16/155] Microsoft.Extensions.Diagnostics.dll -> Microsoft.Extensions.Diagnostics.dll.so
[01:49:42]   [17/155] Microsoft.Extensions.Http.dll -> Microsoft.Extensions.Http.dll.so
[01:49:42]   [18/155] Microsoft.Extensions.Options.dll -> Microsoft.Extensions.Options.dll.so
[01:49:42]   [19/155] Microsoft.Extensions.Logging.dll -> Microsoft.Extensions.Logging.dll.so
[01:49:43]   [20/155] Microsoft.Extensions.Logging.Abstractions.dll -> Microsoft.Extensions.Logging.Abstractions.dll.so
[01:49:44]   [21/155] Microsoft.Extensions.Primitives.dll -> Microsoft.Extensions.Primitives.dll.so
[01:49:49]   [22/155] Microsoft.IdentityModel.JsonWebTokens.dll -> Microsoft.IdentityModel.JsonWebTokens.dll.so
[01:49:49]   [23/155] Microsoft.IdentityModel.Abstractions.dll -> Microsoft.IdentityModel.Abstractions.dll.so
[01:49:49]   [24/155] Microsoft.IdentityModel.Logging.dll -> Microsoft.IdentityModel.Logging.dll.so
[01:49:49]   [25/155] Microsoft.IdentityModel.Tokens.dll -> Microsoft.IdentityModel.Tokens.dll.so
[01:49:49]   [26/155] Microsoft.Maui.Controls.Xaml.dll -> Microsoft.Maui.Controls.Xaml.dll.so
[01:49:50]   [27/155] Microsoft.Maui.Controls.dll -> Microsoft.Maui.Controls.dll.so
[01:49:51]   [28/155] Microsoft.Maui.Essentials.dll -> Microsoft.Maui.Essentials.dll.so
[01:49:55]   [29/155] Microsoft.Maui.dll -> Microsoft.Maui.dll.so
[01:49:56]   [30/155] Microsoft.Win32.SystemEvents.dll -> Microsoft.Win32.SystemEvents.dll.so
[01:49:56]   [31/155] Microsoft.Maui.Graphics.dll -> Microsoft.Maui.Graphics.dll.so
[01:49:56]   [32/155] Plugin.LocalNotification.dll -> Plugin.LocalNotification.dll.so
[01:49:57]   [33/155] Plugin.Maui.OCR.dll -> Plugin.Maui.OCR.dll.so
[01:49:58]   [34/155] Syncfusion.Maui.Toolkit.resources.dll -> Syncfusion.Maui.Toolkit.resources.dll.so
[01:50:02]   [35/155] Syncfusion.Maui.Toolkit.dll -> Syncfusion.Maui.Toolkit.dll.so
[01:50:02]   [36/155] System.Drawing.Common.dll -> System.Drawing.Common.dll.so
[01:50:02]   [37/155] System.Private.Windows.GdiPlus.dll -> System.Private.Windows.GdiPlus.dll.so
[01:50:03]   [38/155] System.Formats.Nrbf.dll -> System.Formats.Nrbf.dll.so
[01:50:04]   [39/155] System.IdentityModel.Tokens.Jwt.dll -> System.IdentityModel.Tokens.Jwt.dll.so
[01:50:10]   [40/155] System.Private.Windows.Core.dll -> System.Private.Windows.Core.dll.so
[01:50:11]   [41/155] Xamarin.AndroidX.Activity.dll -> Xamarin.AndroidX.Activity.dll.so
[01:50:11]   [42/155] Xamarin.AndroidX.AppCompat.AppCompatResources.dll -> Xamarin.AndroidX.AppCompat.AppCompatResources.dll.so
[01:50:11]   [43/155] Xamarin.AndroidX.AppCompat.dll -> Xamarin.AndroidX.AppCompat.dll.so
[01:50:12]   [44/155] Xamarin.AndroidX.Camera.Camera2.dll -> Xamarin.AndroidX.Camera.Camera2.dll.so
[01:50:12]   [45/155] Xamarin.AndroidX.Camera.Lifecycle.dll -> Xamarin.AndroidX.Camera.Lifecycle.dll.so
[01:50:17]   [46/155] Xamarin.AndroidX.Camera.Video.dll -> Xamarin.AndroidX.Camera.Video.dll.so
[01:50:17]   [47/155] Xamarin.AndroidX.Camera.Core.dll -> Xamarin.AndroidX.Camera.Core.dll.so
[01:50:18]   [48/155] Xamarin.AndroidX.Camera.View.dll -> Xamarin.AndroidX.Camera.View.dll.so
[01:50:18]   [49/155] Xamarin.AndroidX.CardView.dll -> Xamarin.AndroidX.CardView.dll.so
[01:50:20]   [50/155] Xamarin.AndroidX.Collection.Jvm.dll -> Xamarin.AndroidX.Collection.Jvm.dll.so
[01:50:22]   [51/155] Xamarin.AndroidX.Core.dll -> Xamarin.AndroidX.Core.dll.so
[01:50:22]   [52/155] Xamarin.AndroidX.CoordinatorLayout.dll -> Xamarin.AndroidX.CoordinatorLayout.dll.so
[01:50:23]   [53/155] Xamarin.AndroidX.CustomView.dll -> Xamarin.AndroidX.CustomView.dll.so
[01:50:24]   [4/155] EasyManagerApp.dll -> EasyManagerApp.dll.so
[01:50:25]   [5/155] CommunityToolkit.Maui.dll -> CommunityToolkit.Maui.dll.so
[01:50:26]   [6/155] CommunityToolkit.Maui.Camera.dll -> CommunityToolkit.Maui.Camera.dll.so
[01:50:26]   [54/155] Xamarin.AndroidX.DrawerLayout.dll -> Xamarin.AndroidX.DrawerLayout.dll.so
[01:50:26]   [55/155] Xamarin.AndroidX.CursorAdapter.dll -> Xamarin.AndroidX.CursorAdapter.dll.so
[01:50:26]   [56/155] Xamarin.AndroidX.Lifecycle.LiveData.Core.dll -> Xamarin.AndroidX.Lifecycle.LiveData.Core.dll.so
[01:50:26]   [57/155] Xamarin.AndroidX.Lifecycle.ViewModel.Android.dll -> Xamarin.AndroidX.Lifecycle.ViewModel.Android.dll.so
[01:50:26]   [58/155] Xamarin.AndroidX.Lifecycle.Common.Jvm.dll -> Xamarin.AndroidX.Lifecycle.Common.Jvm.dll.so
[01:50:27]   [59/155] Xamarin.AndroidX.Lifecycle.ViewModelSavedState.dll -> Xamarin.AndroidX.Lifecycle.ViewModelSavedState.dll.so
[01:50:27]   [60/155] Xamarin.AndroidX.Loader.dll -> Xamarin.AndroidX.Loader.dll.so
[01:50:27]   [61/155] Xamarin.AndroidX.Navigation.Common.dll -> Xamarin.AndroidX.Navigation.Common.dll.so
[01:50:27]   [62/155] Xamarin.AndroidX.Navigation.Fragment.dll -> Xamarin.AndroidX.Navigation.Fragment.dll.so
[01:50:27]   [63/155] Xamarin.AndroidX.Fragment.dll -> Xamarin.AndroidX.Fragment.dll.so
[01:50:27]   [64/155] Xamarin.AndroidX.Navigation.UI.dll -> Xamarin.AndroidX.Navigation.UI.dll.so
[01:50:27]   [65/155] Xamarin.AndroidX.Navigation.Runtime.dll -> Xamarin.AndroidX.Navigation.Runtime.dll.so
[01:50:27]   [66/155] Xamarin.AndroidX.RecyclerView.dll -> Xamarin.AndroidX.RecyclerView.dll.so
[01:50:27]   [67/155] Xamarin.AndroidX.SavedState.dll -> Xamarin.AndroidX.SavedState.dll.so
[01:50:27]   [68/155] Xamarin.AndroidX.Security.SecurityCrypto.dll -> Xamarin.AndroidX.Security.SecurityCrypto.dll.so
[01:50:27]   [69/155] Xamarin.AndroidX.SwipeRefreshLayout.dll -> Xamarin.AndroidX.SwipeRefreshLayout.dll.so
[01:50:27]   [70/155] Xamarin.AndroidX.VersionedParcelable.dll -> Xamarin.AndroidX.VersionedParcelable.dll.so
[01:50:27]   [71/155] Xamarin.AndroidX.ViewPager.dll -> Xamarin.AndroidX.ViewPager.dll.so
[01:50:27]   [72/155] Xamarin.Google.Android.Material.dll -> Xamarin.Google.Android.Material.dll.so
[01:50:27]   [7/155] CommunityToolkit.Maui.Core.dll -> CommunityToolkit.Maui.Core.dll.so
[01:50:27]   [73/155] Xamarin.Google.Android.ODML.Image.dll -> Xamarin.Google.Android.ODML.Image.dll.so
[01:50:27]   [74/155] Xamarin.AndroidX.ViewPager2.dll -> Xamarin.AndroidX.ViewPager2.dll.so
[01:50:27]   [75/155] Xamarin.Google.Crypto.Tink.Android.dll -> Xamarin.Google.Crypto.Tink.Android.dll.so
[01:50:27]   [76/155] Xamarin.Google.MLKit.Common.dll -> Xamarin.Google.MLKit.Common.dll.so
[01:50:27]   [77/155] Xamarin.Google.MLKit.Vision.Common.dll -> Xamarin.Google.MLKit.Vision.Common.dll.so
[01:50:27]   [78/155] Xamarin.Google.Guava.ListenableFuture.dll -> Xamarin.Google.Guava.ListenableFuture.dll.so
[01:50:27]   [79/155] Xamarin.GooglePlayServices.Basement.dll -> Xamarin.GooglePlayServices.Basement.dll.so
[01:50:27]   [80/155] Xamarin.Google.MLKit.Vision.Interfaces.dll -> Xamarin.Google.MLKit.Vision.Interfaces.dll.so
[01:50:27]   [81/155] Xamarin.GooglePlayServices.Base.dll -> Xamarin.GooglePlayServices.Base.dll.so
[01:50:27]   [82/155] Xamarin.GooglePlayServices.Location.dll -> Xamarin.GooglePlayServices.Location.dll.so
[01:50:27]   [83/155] Xamarin.GooglePlayServices.MLKit.Text.Recognition.dll -> Xamarin.GooglePlayServices.MLKit.Text.Recognition.dll.so
[01:50:27]   [84/155] Xamarin.GooglePlayServices.MLKit.Text.Recognition.Common.dll -> Xamarin.GooglePlayServices.MLKit.Text.Recognition.Common.dll.so
[01:50:27]   [85/155] Xamarin.Kotlin.StdLib.dll -> Xamarin.Kotlin.StdLib.dll.so
[01:50:27]   [86/155] Xamarin.KotlinX.Coroutines.Core.Jvm.dll -> Xamarin.KotlinX.Coroutines.Core.Jvm.dll.so
[01:50:27]   [87/155] Xamarin.KotlinX.Serialization.Core.Jvm.dll -> Xamarin.KotlinX.Serialization.Core.Jvm.dll.so
[01:50:27]   [88/155] zxing.dll -> zxing.dll.so
[01:50:27]   [89/155] ZXing.Net.MAUI.dll -> ZXing.Net.MAUI.dll.so
[01:50:27]   [90/155] Xamarin.GooglePlayServices.Tasks.dll -> Xamarin.GooglePlayServices.Tasks.dll.so
[01:50:27]   [91/155] ZXing.Net.MAUI.Controls.dll -> ZXing.Net.MAUI.Controls.dll.so
[01:50:27]   [92/155] Microsoft.Win32.Primitives.dll -> Microsoft.Win32.Primitives.dll.so
[01:50:27]   [93/155] System.Collections.Concurrent.dll -> System.Collections.Concurrent.dll.so
[01:50:27]   [94/155] System.Collections.Immutable.dll -> System.Collections.Immutable.dll.so
[01:50:27]   [95/155] System.Collections.NonGeneric.dll -> System.Collections.NonGeneric.dll.so
[01:50:27]   [8/155] CommunityToolkit.Mvvm.dll -> CommunityToolkit.Mvvm.dll.so
[01:50:27]   [96/155] System.Collections.Specialized.dll -> System.Collections.Specialized.dll.so
[01:50:27]   [97/155] System.Collections.dll -> System.Collections.dll.so
[01:50:27]   [98/155] System.ComponentModel.Annotations.dll -> System.ComponentModel.Annotations.dll.so
[01:50:27]   [99/155] System.ComponentModel.Primitives.dll -> System.ComponentModel.Primitives.dll.so
[01:50:28]   [100/155] System.ComponentModel.TypeConverter.dll -> System.ComponentModel.TypeConverter.dll.so
[01:50:28]   [101/155] System.Console.dll -> System.Console.dll.so
[01:50:28]   [102/155] System.Data.Common.dll -> System.Data.Common.dll.so
[01:50:28]   [103/155] System.ComponentModel.dll -> System.ComponentModel.dll.so
[01:50:28]   [104/155] System.Diagnostics.DiagnosticSource.dll -> System.Diagnostics.DiagnosticSource.dll.so
[01:50:28]   [105/155] System.Diagnostics.TraceSource.dll -> System.Diagnostics.TraceSource.dll.so
[01:50:28]   [106/155] System.Drawing.Primitives.dll -> System.Drawing.Primitives.dll.so
[01:50:28]   [107/155] System.Drawing.dll -> System.Drawing.dll.so
[01:50:28]   [108/155] System.Formats.Asn1.dll -> System.Formats.Asn1.dll.so
[01:50:28]   [109/155] System.IO.Compression.Brotli.dll -> System.IO.Compression.Brotli.dll.so
[01:50:28]   [110/155] System.IO.Compression.dll -> System.IO.Compression.dll.so
[01:50:28]   [111/155] System.IO.Pipelines.dll -> System.IO.Pipelines.dll.so
[01:50:28]   [112/155] System.Linq.dll -> System.Linq.dll.so
[01:50:28]   [113/155] System.Linq.Expressions.dll -> System.Linq.Expressions.dll.so
[01:50:28]   [114/155] System.Net.Http.Json.dll -> System.Net.Http.Json.dll.so
[01:50:28]   [115/155] System.Net.Http.dll -> System.Net.Http.dll.so
[01:50:28]   [116/155] System.Net.NameResolution.dll -> System.Net.NameResolution.dll.so
[01:50:28]   [117/155] System.Net.NetworkInformation.dll -> System.Net.NetworkInformation.dll.so
[01:50:28]   [118/155] System.Net.Primitives.dll -> System.Net.Primitives.dll.so
[01:50:28]   [119/155] System.Memory.dll -> System.Memory.dll.so
[01:50:28]   [120/155] System.Net.Sockets.dll -> System.Net.Sockets.dll.so
[01:50:28]   [121/155] System.Net.Requests.dll -> System.Net.Requests.dll.so
[01:50:28]   [122/155] System.Net.Security.dll -> System.Net.Security.dll.so
[01:50:28]   [123/155] System.Numerics.Vectors.dll -> System.Numerics.Vectors.dll.so
[01:50:28]   [124/155] System.Net.WebSockets.dll -> System.Net.WebSockets.dll.so
[01:50:28]   [9/155] Microsoft.AspNetCore.Http.Features.dll -> Microsoft.AspNetCore.Http.Features.dll.so
[01:50:28]   [125/155] System.ObjectModel.dll -> System.ObjectModel.dll.so
[01:50:28]   [126/155] System.Private.Xml.Linq.dll -> System.Private.Xml.Linq.dll.so
[01:50:28]   [127/155] System.Private.Uri.dll -> System.Private.Uri.dll.so
[01:50:28]   [128/155] System.Private.Xml.dll -> System.Private.Xml.dll.so
[01:50:28]   [129/155] System.Runtime.InteropServices.dll -> System.Runtime.InteropServices.dll.so
[01:50:28]   [130/155] System.Runtime.Loader.dll -> System.Runtime.Loader.dll.so
[01:50:28]   [131/155] System.Runtime.Numerics.dll -> System.Runtime.Numerics.dll.so
[01:50:28]   [132/155] System.Reflection.Metadata.dll -> System.Reflection.Metadata.dll.so
[01:50:28]   [133/155] System.Runtime.Serialization.Formatters.dll -> System.Runtime.Serialization.Formatters.dll.so
[01:50:28]   [134/155] System.Runtime.dll -> System.Runtime.dll.so
[01:50:28]   [135/155] System.Security.Cryptography.dll -> System.Security.Cryptography.dll.so
[01:50:28]   [136/155] System.Security.Claims.dll -> System.Security.Claims.dll.so
[01:50:28]   [137/155] System.Security.Cryptography.X509Certificates.dll -> System.Security.Cryptography.X509Certificates.dll.so
[01:50:28]   [138/155] EasyManagerApp.dll -> EasyManagerApp.dll.so
[01:50:28]   [139/155] System.Text.Encoding.CodePages.dll -> System.Text.Encoding.CodePages.dll.so
[01:50:28]   [140/155] System.Text.Encodings.Web.dll -> System.Text.Encodings.Web.dll.so
[01:50:28]   [141/155] System.Text.RegularExpressions.dll -> System.Text.RegularExpressions.dll.so
[01:50:28]   [142/155] System.Threading.Channels.dll -> System.Threading.Channels.dll.so
[01:50:28]   [143/155] System.Threading.Thread.dll -> System.Threading.Thread.dll.so
[01:50:28]   [144/155] System.Threading.dll -> System.Threading.dll.so
[01:50:28]   [145/155] System.Text.Json.dll -> System.Text.Json.dll.so
[01:50:28]   [146/155] System.Xml.Linq.dll -> System.Xml.Linq.dll.so
[01:50:28]   [147/155] System.Xml.XDocument.dll -> System.Xml.XDocument.dll.so
[01:50:28]   [148/155] System.Xml.ReaderWriter.dll -> System.Xml.ReaderWriter.dll.so
[01:50:28]   [149/155] System.Web.HttpUtility.dll -> System.Web.HttpUtility.dll.so
[01:50:28]   [150/155] mscorlib.dll -> mscorlib.dll.so
[01:50:28]   [151/155] Mono.Android.Runtime.dll -> Mono.Android.Runtime.dll.so
[01:50:28]   [152/155] System.dll -> System.dll.so
[01:50:28]   [153/155] Java.Interop.dll -> Java.Interop.dll.so
[01:50:28]   [154/155] Mono.Android.dll -> Mono.Android.dll.so
[01:50:28]   [10/155] Microsoft.Extensions.Configuration.dll -> Microsoft.Extensions.Configuration.dll.so
[01:50:29]   [11/155] Microsoft.Extensions.Configuration.Abstractions.dll -> Microsoft.Extensions.Configuration.Abstractions.dll.so
[01:50:29]   [12/155] Microsoft.Extensions.Configuration.Binder.dll -> Microsoft.Extensions.Configuration.Binder.dll.so
[01:50:30]   [13/155] Microsoft.Extensions.Configuration.Json.dll -> Microsoft.Extensions.Configuration.Json.dll.so
[01:50:31]   [14/155] Microsoft.Extensions.DependencyInjection.dll -> Microsoft.Extensions.DependencyInjection.dll.so
[01:50:31]   [15/155] Microsoft.Extensions.DependencyInjection.Abstractions.dll -> Microsoft.Extensions.DependencyInjection.Abstractions.dll.so
[01:50:32]   [16/155] Microsoft.Extensions.Diagnostics.dll -> Microsoft.Extensions.Diagnostics.dll.so
[01:50:32]   [17/155] Microsoft.Extensions.Diagnostics.Abstractions.dll -> Microsoft.Extensions.Diagnostics.Abstractions.dll.so
[01:50:33]   [155/155] System.Private.CoreLib.dll -> System.Private.CoreLib.dll.so
[01:50:33]   [18/155] Microsoft.Extensions.Http.dll -> Microsoft.Extensions.Http.dll.so
[01:50:34]   [19/155] Microsoft.Extensions.Logging.dll -> Microsoft.Extensions.Logging.dll.so
[01:50:34]   [20/155] Microsoft.Extensions.Logging.Abstractions.dll -> Microsoft.Extensions.Logging.Abstractions.dll.so
[01:50:34]   [21/155] Microsoft.Extensions.Options.dll -> Microsoft.Extensions.Options.dll.so
[01:50:35]   [22/155] Microsoft.Extensions.Primitives.dll -> Microsoft.Extensions.Primitives.dll.so
[01:50:35]   [23/155] Microsoft.IdentityModel.Abstractions.dll -> Microsoft.IdentityModel.Abstractions.dll.so
[01:50:36]   [24/155] Microsoft.IdentityModel.JsonWebTokens.dll -> Microsoft.IdentityModel.JsonWebTokens.dll.so
[01:50:36]   [25/155] Microsoft.IdentityModel.Logging.dll -> Microsoft.IdentityModel.Logging.dll.so
[01:50:37]   [26/155] Microsoft.IdentityModel.Tokens.dll -> Microsoft.IdentityModel.Tokens.dll.so
[01:50:42]   [27/155] Microsoft.Maui.Controls.dll -> Microsoft.Maui.Controls.dll.so
[01:50:43]   [28/155] Microsoft.Maui.Controls.Xaml.dll -> Microsoft.Maui.Controls.Xaml.dll.so
[01:50:46]   [29/155] Microsoft.Maui.dll -> Microsoft.Maui.dll.so
[01:50:46]   [30/155] Microsoft.Maui.Essentials.dll -> Microsoft.Maui.Essentials.dll.so
[01:50:47]   [31/155] Microsoft.Maui.Graphics.dll -> Microsoft.Maui.Graphics.dll.so
[01:50:47]   [32/155] Microsoft.Win32.SystemEvents.dll -> Microsoft.Win32.SystemEvents.dll.so
[01:50:48]   [33/155] Plugin.LocalNotification.dll -> Plugin.LocalNotification.dll.so
[01:50:49]   [34/155] Plugin.Maui.OCR.dll -> Plugin.Maui.OCR.dll.so
[01:50:50]   [35/155] Syncfusion.Maui.Toolkit.dll -> Syncfusion.Maui.Toolkit.dll.so
[01:50:50]   [36/155] Syncfusion.Maui.Toolkit.resources.dll -> Syncfusion.Maui.Toolkit.resources.dll.so
[01:50:51]   [37/155] System.Drawing.Common.dll -> System.Drawing.Common.dll.so
[01:50:52]   [38/155] System.Private.Windows.Core.dll -> System.Private.Windows.Core.dll.so
[01:50:53]   [39/155] System.Private.Windows.GdiPlus.dll -> System.Private.Windows.GdiPlus.dll.so
[01:50:53]   [40/155] System.Formats.Nrbf.dll -> System.Formats.Nrbf.dll.so
[01:50:53]   [41/155] System.IdentityModel.Tokens.Jwt.dll -> System.IdentityModel.Tokens.Jwt.dll.so
[01:50:54]   [42/155] Xamarin.AndroidX.Activity.dll -> Xamarin.AndroidX.Activity.dll.so
[01:50:54]   [43/155] Xamarin.AndroidX.AppCompat.dll -> Xamarin.AndroidX.AppCompat.dll.so
[01:50:55]   [44/155] Xamarin.AndroidX.AppCompat.AppCompatResources.dll -> Xamarin.AndroidX.AppCompat.AppCompatResources.dll.so
[01:50:55]   [45/155] Xamarin.AndroidX.Camera.Camera2.dll -> Xamarin.AndroidX.Camera.Camera2.dll.so
[01:50:56]   [46/155] Xamarin.AndroidX.Camera.Core.dll -> Xamarin.AndroidX.Camera.Core.dll.so
[01:50:56]   [47/155] Xamarin.AndroidX.Camera.Lifecycle.dll -> Xamarin.AndroidX.Camera.Lifecycle.dll.so
[01:50:57]   [48/155] Xamarin.AndroidX.Camera.Video.dll -> Xamarin.AndroidX.Camera.Video.dll.so
[01:50:57]   [49/155] Xamarin.AndroidX.Camera.View.dll -> Xamarin.AndroidX.Camera.View.dll.so
[01:50:57]   [50/155] Xamarin.AndroidX.CardView.dll -> Xamarin.AndroidX.CardView.dll.so
[01:50:58]   [51/155] Xamarin.AndroidX.Collection.Jvm.dll -> Xamarin.AndroidX.Collection.Jvm.dll.so
[01:50:58]   [52/155] Xamarin.AndroidX.CoordinatorLayout.dll -> Xamarin.AndroidX.CoordinatorLayout.dll.so
[01:50:59]   [53/155] Xamarin.AndroidX.Core.dll -> Xamarin.AndroidX.Core.dll.so
[01:50:59]   [54/155] Xamarin.AndroidX.CursorAdapter.dll -> Xamarin.AndroidX.CursorAdapter.dll.so
[01:50:59]   [55/155] Xamarin.AndroidX.CustomView.dll -> Xamarin.AndroidX.CustomView.dll.so
[01:51:00]   [56/155] Xamarin.AndroidX.DrawerLayout.dll -> Xamarin.AndroidX.DrawerLayout.dll.so
[01:51:00]   [57/155] Xamarin.AndroidX.Fragment.dll -> Xamarin.AndroidX.Fragment.dll.so
[01:51:00]   [58/155] Xamarin.AndroidX.Lifecycle.Common.Jvm.dll -> Xamarin.AndroidX.Lifecycle.Common.Jvm.dll.so
[01:51:01]   [59/155] Xamarin.AndroidX.Lifecycle.LiveData.Core.dll -> Xamarin.AndroidX.Lifecycle.LiveData.Core.dll.so
[01:51:01]   [60/155] Xamarin.AndroidX.Lifecycle.ViewModel.Android.dll -> Xamarin.AndroidX.Lifecycle.ViewModel.Android.dll.so
[01:51:02]   [61/155] Xamarin.AndroidX.Lifecycle.ViewModelSavedState.dll -> Xamarin.AndroidX.Lifecycle.ViewModelSavedState.dll.so
[01:51:02]   [62/155] Xamarin.AndroidX.Loader.dll -> Xamarin.AndroidX.Loader.dll.so
[01:51:02]   [63/155] Xamarin.AndroidX.Navigation.Common.dll -> Xamarin.AndroidX.Navigation.Common.dll.so
[01:51:03]   [64/155] Xamarin.AndroidX.Navigation.Fragment.dll -> Xamarin.AndroidX.Navigation.Fragment.dll.so
[01:51:03]   [65/155] Xamarin.AndroidX.Navigation.Runtime.dll -> Xamarin.AndroidX.Navigation.Runtime.dll.so
[01:51:03]   [66/155] Xamarin.AndroidX.Navigation.UI.dll -> Xamarin.AndroidX.Navigation.UI.dll.so
[01:51:04]   [67/155] Xamarin.AndroidX.RecyclerView.dll -> Xamarin.AndroidX.RecyclerView.dll.so
[01:51:04]   [68/155] Xamarin.AndroidX.SavedState.dll -> Xamarin.AndroidX.SavedState.dll.so
[01:51:05]   [69/155] Xamarin.AndroidX.Security.SecurityCrypto.dll -> Xamarin.AndroidX.Security.SecurityCrypto.dll.so
[01:51:05]   [70/155] Xamarin.AndroidX.SwipeRefreshLayout.dll -> Xamarin.AndroidX.SwipeRefreshLayout.dll.so
[01:51:05]   [71/155] Xamarin.AndroidX.VersionedParcelable.dll -> Xamarin.AndroidX.VersionedParcelable.dll.so
[01:51:06]   [72/155] Xamarin.AndroidX.ViewPager.dll -> Xamarin.AndroidX.ViewPager.dll.so
[01:51:06]   [73/155] Xamarin.AndroidX.ViewPager2.dll -> Xamarin.AndroidX.ViewPager2.dll.so
[01:51:07]   [74/155] Xamarin.Google.Android.Material.dll -> Xamarin.Google.Android.Material.dll.so
[01:51:07]   [75/155] Xamarin.Google.Android.ODML.Image.dll -> Xamarin.Google.Android.ODML.Image.dll.so
[01:51:08]   [76/155] Xamarin.Google.Crypto.Tink.Android.dll -> Xamarin.Google.Crypto.Tink.Android.dll.so
[01:51:08]   [77/155] Xamarin.Google.Guava.ListenableFuture.dll -> Xamarin.Google.Guava.ListenableFuture.dll.so
[01:51:08]   [78/155] Xamarin.Google.MLKit.Common.dll -> Xamarin.Google.MLKit.Common.dll.so
[01:51:09]   [79/155] Xamarin.Google.MLKit.Vision.Common.dll -> Xamarin.Google.MLKit.Vision.Common.dll.so
[01:51:09]   [80/155] Xamarin.Google.MLKit.Vision.Interfaces.dll -> Xamarin.Google.MLKit.Vision.Interfaces.dll.so
[01:51:10]   [81/155] Xamarin.GooglePlayServices.Base.dll -> Xamarin.GooglePlayServices.Base.dll.so
[01:51:10]   [82/155] Xamarin.GooglePlayServices.Basement.dll -> Xamarin.GooglePlayServices.Basement.dll.so
[01:51:11]   [83/155] Xamarin.GooglePlayServices.Location.dll -> Xamarin.GooglePlayServices.Location.dll.so
[01:51:11]   [84/155] Xamarin.GooglePlayServices.MLKit.Text.Recognition.dll -> Xamarin.GooglePlayServices.MLKit.Text.Recognition.dll.so
[01:51:11]   [85/155] Xamarin.GooglePlayServices.MLKit.Text.Recognition.Common.dll -> Xamarin.GooglePlayServices.MLKit.Text.Recognition.Common.dll.so
[01:51:12]   [86/155] Xamarin.GooglePlayServices.Tasks.dll -> Xamarin.GooglePlayServices.Tasks.dll.so
[01:51:12]   [87/155] Xamarin.Kotlin.StdLib.dll -> Xamarin.Kotlin.StdLib.dll.so
[01:51:12]   [88/155] Xamarin.KotlinX.Coroutines.Core.Jvm.dll -> Xamarin.KotlinX.Coroutines.Core.Jvm.dll.so
[01:51:13]   [89/155] Xamarin.KotlinX.Serialization.Core.Jvm.dll -> Xamarin.KotlinX.Serialization.Core.Jvm.dll.so
[01:51:14]   [90/155] zxing.dll -> zxing.dll.so
[01:51:14]   [91/155] ZXing.Net.MAUI.dll -> ZXing.Net.MAUI.dll.so
[01:51:15]   [92/155] ZXing.Net.MAUI.Controls.dll -> ZXing.Net.MAUI.Controls.dll.so
[01:51:15]   [93/155] Microsoft.Win32.Primitives.dll -> Microsoft.Win32.Primitives.dll.so
[01:51:15]   [94/155] System.Collections.Concurrent.dll -> System.Collections.Concurrent.dll.so
[01:51:16]   [95/155] System.Collections.Immutable.dll -> System.Collections.Immutable.dll.so
[01:51:16]   [96/155] System.Collections.NonGeneric.dll -> System.Collections.NonGeneric.dll.so
[01:51:16]   [97/155] System.Collections.Specialized.dll -> System.Collections.Specialized.dll.so
[01:51:17]   [98/155] System.Collections.dll -> System.Collections.dll.so
[01:51:17]   [99/155] System.ComponentModel.Annotations.dll -> System.ComponentModel.Annotations.dll.so
[01:51:18]   [100/155] System.ComponentModel.Primitives.dll -> System.ComponentModel.Primitives.dll.so
[01:51:18]   [101/155] System.ComponentModel.TypeConverter.dll -> System.ComponentModel.TypeConverter.dll.so
[01:51:18]   [102/155] System.ComponentModel.dll -> System.ComponentModel.dll.so
[01:51:19]   [103/155] System.Console.dll -> System.Console.dll.so
[01:51:19]   [104/155] System.Data.Common.dll -> System.Data.Common.dll.so
[01:51:20]   [105/155] System.Diagnostics.DiagnosticSource.dll -> System.Diagnostics.DiagnosticSource.dll.so
[01:51:20]   [106/155] System.Diagnostics.TraceSource.dll -> System.Diagnostics.TraceSource.dll.so
[01:51:20]   [107/155] System.Drawing.Primitives.dll -> System.Drawing.Primitives.dll.so
[01:51:21]   [108/155] System.Drawing.dll -> System.Drawing.dll.so
[01:51:21]   [109/155] System.Formats.Asn1.dll -> System.Formats.Asn1.dll.so
[01:51:22]   [110/155] System.IO.Compression.Brotli.dll -> System.IO.Compression.Brotli.dll.so
[01:51:22]   [111/155] System.IO.Compression.dll -> System.IO.Compression.dll.so
[01:51:22]   [112/155] System.IO.Pipelines.dll -> System.IO.Pipelines.dll.so
[01:51:24]   [113/155] System.Linq.Expressions.dll -> System.Linq.Expressions.dll.so
[01:51:25]   [114/155] System.Linq.dll -> System.Linq.dll.so
[01:51:25]   [115/155] System.Memory.dll -> System.Memory.dll.so
[01:51:26]   [116/155] System.Net.Http.Json.dll -> System.Net.Http.Json.dll.so
[01:51:27]   [117/155] System.Net.Http.dll -> System.Net.Http.dll.so
[01:51:27]   [118/155] System.Net.NameResolution.dll -> System.Net.NameResolution.dll.so
[01:51:28]   [119/155] System.Net.NetworkInformation.dll -> System.Net.NetworkInformation.dll.so
[01:51:28]   [120/155] System.Net.Primitives.dll -> System.Net.Primitives.dll.so
[01:51:28]   [121/155] System.Net.Requests.dll -> System.Net.Requests.dll.so
[01:51:29]   [122/155] System.Net.Security.dll -> System.Net.Security.dll.so
[01:51:29]   [123/155] System.Net.Sockets.dll -> System.Net.Sockets.dll.so
[01:51:30]   [124/155] System.Net.WebSockets.dll -> System.Net.WebSockets.dll.so
[01:51:30]   [125/155] System.Numerics.Vectors.dll -> System.Numerics.Vectors.dll.so
[01:51:30]   [126/155] System.ObjectModel.dll -> System.ObjectModel.dll.so
[01:51:31]   [127/155] System.Private.Uri.dll -> System.Private.Uri.dll.so
[01:51:31]   [128/155] System.Private.Xml.Linq.dll -> System.Private.Xml.Linq.dll.so
[01:51:32]   [129/155] System.Private.Xml.dll -> System.Private.Xml.dll.so
[01:51:32]   [130/155] System.Reflection.Metadata.dll -> System.Reflection.Metadata.dll.so
[01:51:33]   [131/155] System.Runtime.InteropServices.dll -> System.Runtime.InteropServices.dll.so
[01:51:33]   [132/155] System.Runtime.Loader.dll -> System.Runtime.Loader.dll.so
[01:51:33]   [133/155] System.Runtime.Numerics.dll -> System.Runtime.Numerics.dll.so
[01:51:34]   [134/155] System.Runtime.Serialization.Formatters.dll -> System.Runtime.Serialization.Formatters.dll.so
[01:51:34]   [135/155] System.Runtime.dll -> System.Runtime.dll.so
[01:51:34]   [136/155] System.Security.Claims.dll -> System.Security.Claims.dll.so
[01:51:35]   [137/155] System.Security.Cryptography.X509Certificates.dll -> System.Security.Cryptography.X509Certificates.dll.so
[01:51:35]   [138/155] System.Security.Cryptography.dll -> System.Security.Cryptography.dll.so
[01:51:35]   [139/155] System.Text.Encoding.CodePages.dll -> System.Text.Encoding.CodePages.dll.so
[01:51:36]   [140/155] System.Text.Encodings.Web.dll -> System.Text.Encodings.Web.dll.so
[01:51:39]   [141/155] System.Text.Json.dll -> System.Text.Json.dll.so
[01:51:41]   [142/155] System.Text.RegularExpressions.dll -> System.Text.RegularExpressions.dll.so
[01:51:41]   [143/155] System.Threading.Channels.dll -> System.Threading.Channels.dll.so
[01:51:42]   [144/155] System.Threading.Thread.dll -> System.Threading.Thread.dll.so
[01:51:42]   [145/155] System.Threading.dll -> System.Threading.dll.so
[01:51:43]   [146/155] System.Web.HttpUtility.dll -> System.Web.HttpUtility.dll.so
[01:51:43]   [147/155] System.Xml.Linq.dll -> System.Xml.Linq.dll.so
[01:51:43]   [148/155] System.Xml.ReaderWriter.dll -> System.Xml.ReaderWriter.dll.so
[01:51:44]   [149/155] System.Xml.XDocument.dll -> System.Xml.XDocument.dll.so
[01:51:44]   [150/155] System.dll -> System.dll.so
[01:51:44]   [151/155] mscorlib.dll -> mscorlib.dll.so
[01:51:45]   [152/155] Java.Interop.dll -> Java.Interop.dll.so
[01:51:45]   [153/155] Mono.Android.Runtime.dll -> Mono.Android.Runtime.dll.so
[01:51:47]   [154/155] Mono.Android.dll -> Mono.Android.dll.so
[01:51:54]   [155/155] System.Private.CoreLib.dll -> System.Private.CoreLib.dll.so
[01:52:18] obj\Release\net9.0-android\lp\263\jl\jni\arm64-v8a\libmlkit_google_ocr_pipeline.so : warning XA4301: O APK já contém o item lib/arm64-v8a/libmlkit_google_ocr_pipeline.so. Ignorando. [C:\Users\PEDRO\Desktop\EasyPRO\EasyManagerApp\EasyManagerApp\EasyManagerApp.csproj::TargetFramework=net9.0-android]
[01:52:18] obj\Release\net9.0-android\lp\263\jl\jni\x86_64\libmlkit_google_ocr_pipeline.so : warning XA4301: O APK já contém o item lib/x86_64/libmlkit_google_ocr_pipeline.so. Ignorando. [C:\Users\PEDRO\Desktop\EasyPRO\EasyManagerApp\EasyManagerApp\EasyManagerApp.csproj::TargetFramework=net9.0-android]
[01:52:18] obj\Release\net9.0-android\lp\263\jl\jni\arm64-v8a\libmlkit_google_ocr_pipeline.so : warning XA4301: O APK já contém o item lib/arm64-v8a/libmlkit_google_ocr_pipeline.so. Ignorando. [C:\Users\PEDRO\Desktop\EasyPRO\EasyManagerApp\EasyManagerApp\EasyManagerApp.csproj::TargetFramework=net9.0-android]
[01:52:18] obj\Release\net9.0-android\lp\263\jl\jni\x86_64\libmlkit_google_ocr_pipeline.so : warning XA4301: O APK já contém o item lib/x86_64/libmlkit_google_ocr_pipeline.so. Ignorando. [C:\Users\PEDRO\Desktop\EasyPRO\EasyManagerApp\EasyManagerApp\EasyManagerApp.csproj::TargetFramework=net9.0-android]
