[20:08:10] dotnet publish C:\Users\PEDRO\Desktop\EasyPRO\EasyLoginBase\EasyLoginBase.WebAppBlazor\EasyLoginBase.WebAppBlazor.csproj -c Release -f net9.0 -o C:\Users\PEDRO\Desktop\EasyPRO\EasyBuilderRelease\COMERCIO_FACIL_RELEASE_2026-06-25_195626\05_BlazorWebApp --nologo --verbosity normal /m
[20:08:11] Compilação de 25/06/2026 20:08:11 iniciada.
[20:08:12]      1>Projeto "C:\Users\PEDRO\Desktop\EasyPRO\EasyLoginBase\EasyLoginBase.WebAppBlazor\EasyLoginBase.WebAppBlazor.csproj" no nó 1 (Restore destino(s)).
[20:08:12]      1>_GetAllRestoreProjectPathItems:
[20:08:12]          Determinando os projetos a serem restaurados...
[20:08:12]        Restore:
[20:08:12]          A validação da cadeia de certificados X.509 usará o repositório de confiança padrão selecionado pelo .NET.
[20:08:12]          A validação da cadeia de certificados X.509 usará o repositório de confiança padrão selecionado pelo .NET.
[20:08:12]          O arquivo de ativos não foi alterado. Ignorando gravação de arquivo de ativos. Caminho: C:\Users\PEDRO\Desktop\EasyPRO\EasyLoginBase\EasyLoginBase.Application\obj\project.assets.json
[20:08:12]          O arquivo de ativos não foi alterado. Ignorando gravação de arquivo de ativos. Caminho: C:\Users\PEDRO\Desktop\EasyPRO\EasyLoginBase\EasyLoginBase.Domain\obj\project.assets.json
[20:08:12]          O arquivo de ativos não foi alterado. Ignorando gravação de arquivo de ativos. Caminho: C:\Users\PEDRO\Desktop\EasyPRO\EasyLoginBase\EasyLoginBase.WebAppBlazor\obj\project.assets.json
[20:08:12]          C:\Users\PEDRO\Desktop\EasyPRO\EasyLoginBase\EasyLoginBase.Application\EasyLoginBase.Application.csproj restaurado (em 104 ms).
[20:08:12]          C:\Users\PEDRO\Desktop\EasyPRO\EasyLoginBase\EasyLoginBase.Domain\EasyLoginBase.Domain.csproj restaurado (em 104 ms).
[20:08:12]          C:\Users\PEDRO\Desktop\EasyPRO\EasyLoginBase\EasyLoginBase.WebAppBlazor\EasyLoginBase.WebAppBlazor.csproj restaurado (em 104 ms).
[20:08:12]          
[20:08:12]          Arquivos de configuração NuGet usados:
[20:08:12]              C:\Users\PEDRO\AppData\Roaming\NuGet\NuGet.Config
[20:08:12]              C:\Program Files (x86)\NuGet\Config\Microsoft.VisualStudio.FallbackLocation.config
[20:08:12]              C:\Program Files (x86)\NuGet\Config\Microsoft.VisualStudio.Offline.config
[20:08:12]          
[20:08:12]          Feeds usados:
[20:08:12]              https://api.nuget.org/v3/index.json
[20:08:12]              C:\Program Files (x86)\Microsoft SDKs\NuGetPackages\
[20:08:12]              C:\Program Files\dotnet\library-packs
[20:08:12]          Todos os projetos estão atualizados para restauração.
[20:08:12]      1>Projeto de compilação pronto "C:\Users\PEDRO\Desktop\EasyPRO\EasyLoginBase\EasyLoginBase.WebAppBlazor\EasyLoginBase.WebAppBlazor.csproj" (Restore destino(s)).
[20:08:12] 
[20:08:12] Compilação com êxito.
[20:08:12]     0 Aviso(s)
[20:08:12]     0 Erro(s)
[20:08:12] 
[20:08:12] Tempo Decorrido 00:00:01.55
[20:08:12] Compilação de 25/06/2026 20:08:12 iniciada.
[20:08:14]      1>Projeto "C:\Users\PEDRO\Desktop\EasyPRO\EasyLoginBase\EasyLoginBase.WebAppBlazor\EasyLoginBase.WebAppBlazor.csproj" no nó 1 (Publish destino(s)).
[20:08:14]      1>O projeto "C:\Users\PEDRO\Desktop\EasyPRO\EasyLoginBase\EasyLoginBase.WebAppBlazor\EasyLoginBase.WebAppBlazor.csproj" (1) está compilando "C:\Users\PEDRO\Desktop\EasyPRO\EasyLoginBase\EasyLoginBase.Domain\EasyLoginBase.Domain.csproj" (2:2) no nó 2 (destinos padrão).
[20:08:14]      2>GenerateTargetFrameworkMonikerAttribute:
[20:08:14]        Ignorando o destino "GenerateTargetFrameworkMonikerAttribute" porque todos os arquivos de saída estão atualizados em relação aos arquivos de entrada.
[20:08:14]        CoreGenerateAssemblyInfo:
[20:08:14]        Ignorando o destino "CoreGenerateAssemblyInfo" porque todos os arquivos de saída estão atualizados em relação aos arquivos de entrada.
[20:08:14]        _GenerateSourceLinkFile:
[20:08:14]          O arquivo de link de origem 'obj\Release\net9.0\EasyLoginBase.Domain.sourcelink.json' está atualizado.
[20:08:14]        CoreCompile:
[20:08:14]        Ignorando o destino "CoreCompile" porque todos os arquivos de saída estão atualizados em relação aos arquivos de entrada.
[20:08:14]        GenerateBuildDependencyFile:
[20:08:14]        Ignorando o destino "GenerateBuildDependencyFile" porque todos os arquivos de saída estão atualizados em relação aos arquivos de entrada.
[20:08:14]        CopyFilesToOutputDirectory:
[20:08:14]          EasyLoginBase.Domain -> C:\Users\PEDRO\Desktop\EasyPRO\EasyLoginBase\EasyLoginBase.Domain\bin\Release\net9.0\EasyLoginBase.Domain.dll
[20:08:14]      2>Projeto de compilação pronto "C:\Users\PEDRO\Desktop\EasyPRO\EasyLoginBase\EasyLoginBase.Domain\EasyLoginBase.Domain.csproj" (destinos padrão).
[20:08:14]      1>O projeto "C:\Users\PEDRO\Desktop\EasyPRO\EasyLoginBase\EasyLoginBase.WebAppBlazor\EasyLoginBase.WebAppBlazor.csproj" (1) está compilando "C:\Users\PEDRO\Desktop\EasyPRO\EasyLoginBase\EasyLoginBase.Application\EasyLoginBase.Application.csproj" (3:2) no nó 1 (destinos padrão).
[20:08:14]      3>GenerateTargetFrameworkMonikerAttribute:
[20:08:14]        Ignorando o destino "GenerateTargetFrameworkMonikerAttribute" porque todos os arquivos de saída estão atualizados em relação aos arquivos de entrada.
[20:08:14]        CoreGenerateAssemblyInfo:
[20:08:14]        Ignorando o destino "CoreGenerateAssemblyInfo" porque todos os arquivos de saída estão atualizados em relação aos arquivos de entrada.
[20:08:14]        _GenerateSourceLinkFile:
[20:08:14]          O arquivo de link de origem 'obj\Release\net9.0\EasyLoginBase.Application.sourcelink.json' está atualizado.
[20:08:14]        CoreCompile:
[20:08:14]        Ignorando o destino "CoreCompile" porque todos os arquivos de saída estão atualizados em relação aos arquivos de entrada.
[20:08:14]        GenerateBuildDependencyFile:
[20:08:14]        Ignorando o destino "GenerateBuildDependencyFile" porque todos os arquivos de saída estão atualizados em relação aos arquivos de entrada.
[20:08:14]        CopyFilesToOutputDirectory:
[20:08:14]          EasyLoginBase.Application -> C:\Users\PEDRO\Desktop\EasyPRO\EasyLoginBase\EasyLoginBase.Application\bin\Release\net9.0\EasyLoginBase.Application.dll
[20:08:14]      3>Projeto de compilação pronto "C:\Users\PEDRO\Desktop\EasyPRO\EasyLoginBase\EasyLoginBase.Application\EasyLoginBase.Application.csproj" (destinos padrão).
[20:08:15]      1>GenerateTargetFrameworkMonikerAttribute:
[20:08:15]        Ignorando o destino "GenerateTargetFrameworkMonikerAttribute" porque todos os arquivos de saída estão atualizados em relação aos arquivos de entrada.
[20:08:15]        CoreGenerateAssemblyInfo:
[20:08:15]        Ignorando o destino "CoreGenerateAssemblyInfo" porque todos os arquivos de saída estão atualizados em relação aos arquivos de entrada.
[20:08:15]        _DiscoverMvcApplicationParts:
[20:08:15]        Ignorando o destino "_DiscoverMvcApplicationParts" porque todos os arquivos de saída estão atualizados em relação aos arquivos de entrada.
[20:08:15]        _GenerateSourceLinkFile:
[20:08:15]          O arquivo de link de origem 'obj\Release\net9.0\EasyLoginBase.WebAppBlazor.sourcelink.json' está atualizado.
[20:08:15]        CoreCompile:
[20:08:15]        Ignorando o destino "CoreCompile" porque todos os arquivos de saída estão atualizados em relação aos arquivos de entrada.
[20:08:15]        _CreateAppHost:
[20:08:15]        Ignorando o destino "_CreateAppHost" porque todos os arquivos de saída estão atualizados em relação aos arquivos de entrada.
[20:08:15]        _ProcessScopedCssFiles:
[20:08:15]        Ignorando o destino "_ProcessScopedCssFiles" porque ele não tem saídas.
[20:08:15]        _ProcessScopedCssFiles:
[20:08:15]        Ignorando o destino "_ProcessScopedCssFiles" porque ele não tem saídas.
[20:08:15]        ResolveBuildCompressedStaticWebAssetsConfiguration:
[20:08:15]          Accepted compressed asset 'C:\Users\PEDRO\Desktop\EasyPRO\EasyLoginBase\EasyLoginBase.WebAppBlazor\obj\Release\net9.0\compressed\cui9dzjvso-{0}-5itg173035-5itg173035.gz' for 'C:\Users\PEDRO\Desktop\EasyPRO\EasyLoginBase\EasyLoginBase.WebAppBlazor\wwwroot\css\app.css'.
[20:08:15]          Accepted compressed asset 'C:\Users\PEDRO\Desktop\EasyPRO\EasyLoginBase\EasyLoginBase.WebAppBlazor\obj\Release\net9.0\compressed\y1ghqj3160-{0}-6al1k9y26l-6al1k9y26l.gz' for 'C:\Users\PEDRO\Desktop\EasyPRO\EasyLoginBase\EasyLoginBase.WebAppBlazor\wwwroot\css\animations.css'.
[20:08:15]          Accepted compressed asset 'C:\Users\PEDRO\Desktop\EasyPRO\EasyLoginBase\EasyLoginBase.WebAppBlazor\obj\Release\net9.0\compressed\7uz06c5pdo-{0}-9i410i6h17-9i410i6h17.gz' for 'C:\Users\PEDRO\Desktop\EasyPRO\EasyLoginBase\EasyLoginBase.WebAppBlazor\wwwroot\js\app.js'.
[20:08:15]          Accepted compressed asset 'C:\Users\PEDRO\Desktop\EasyPRO\EasyLoginBase\EasyLoginBase.WebAppBlazor\obj\Release\net9.0\compressed\azr19jxa4m-{0}-9f6wds051f-9f6wds051f.gz' for 'C:\Users\PEDRO\Desktop\EasyPRO\EasyLoginBase\EasyLoginBase.WebAppBlazor\wwwroot\css\layout.css'.
[20:08:15]          Accepted compressed asset 'C:\Users\PEDRO\Desktop\EasyPRO\EasyLoginBase\EasyLoginBase.WebAppBlazor\obj\Release\net9.0\compressed\ryeerzsn0v-{0}-3w1ydvi3y0-3w1ydvi3y0.gz' for 'C:\Users\PEDRO\Desktop\EasyPRO\EasyLoginBase\EasyLoginBase.WebAppBlazor\wwwroot\css\components.css'.
[20:08:15]          Resolved 5 compressed assets for 5 candidate assets.
[20:08:15]        ResolveBuildCompressedStaticWebAssets:
[20:08:15]          Processing compressed asset: C:\Users\PEDRO\Desktop\EasyPRO\EasyLoginBase\EasyLoginBase.WebAppBlazor\obj\Release\net9.0\compressed\cui9dzjvso-{0}-5itg173035-5itg173035.gz
[20:08:15]          Processing compressed asset: C:\Users\PEDRO\Desktop\EasyPRO\EasyLoginBase\EasyLoginBase.WebAppBlazor\obj\Release\net9.0\compressed\ryeerzsn0v-{0}-3w1ydvi3y0-3w1ydvi3y0.gz
[20:08:15]          Processing compressed asset: C:\Users\PEDRO\Desktop\EasyPRO\EasyLoginBase\EasyLoginBase.WebAppBlazor\obj\Release\net9.0\compressed\y1ghqj3160-{0}-6al1k9y26l-6al1k9y26l.gz
[20:08:15]          Processing compressed asset: C:\Users\PEDRO\Desktop\EasyPRO\EasyLoginBase\EasyLoginBase.WebAppBlazor\obj\Release\net9.0\compressed\7uz06c5pdo-{0}-9i410i6h17-9i410i6h17.gz
[20:08:15]          Processing compressed asset: C:\Users\PEDRO\Desktop\EasyPRO\EasyLoginBase\EasyLoginBase.WebAppBlazor\obj\Release\net9.0\compressed\azr19jxa4m-{0}-9f6wds051f-9f6wds051f.gz
[20:08:15]        _BuildCopyStaticWebAssetsPreserveNewest:
[20:08:15]        Ignorando o destino "_BuildCopyStaticWebAssetsPreserveNewest" porque ele não tem saídas.
[20:08:15]        _CopyOutOfDateSourceItemsToOutputDirectory:
[20:08:15]        Ignorando o destino "_CopyOutOfDateSourceItemsToOutputDirectory" porque todos os arquivos de saída estão atualizados em relação aos arquivos de entrada.
[20:08:15]        GenerateBuildDependencyFile:
[20:08:15]        Ignorando o destino "GenerateBuildDependencyFile" porque todos os arquivos de saída estão atualizados em relação aos arquivos de entrada.
[20:08:15]        GenerateBuildRuntimeConfigurationFiles:
[20:08:15]        Ignorando o destino "GenerateBuildRuntimeConfigurationFiles" porque todos os arquivos de saída estão atualizados em relação aos arquivos de entrada.
[20:08:15]        CopyFilesToOutputDirectory:
[20:08:15]          EasyLoginBase.WebAppBlazor -> C:\Users\PEDRO\Desktop\EasyPRO\EasyLoginBase\EasyLoginBase.WebAppBlazor\bin\Release\net9.0\EasyLoginBase.WebAppBlazor.dll
[20:08:15]        ResolvePublishCompressedStaticWebAssetsConfiguration:
[20:08:15]          The asset 'C:\Users\PEDRO\Desktop\EasyPRO\EasyLoginBase\EasyLoginBase.WebAppBlazor\obj\Release\net9.0\compressed\7uz06c5pdo-{0}-9i410i6h17-9i410i6h17.gz' with related asset 'C:\Users\PEDRO\Desktop\EasyPRO\EasyLoginBase\EasyLoginBase.WebAppBlazor\wwwroot\js\app.js' was detected as already compressed with format 'gzip'.
[20:08:15]          The asset 'C:\Users\PEDRO\Desktop\EasyPRO\EasyLoginBase\EasyLoginBase.WebAppBlazor\obj\Release\net9.0\compressed\azr19jxa4m-{0}-9f6wds051f-9f6wds051f.gz' with related asset 'C:\Users\PEDRO\Desktop\EasyPRO\EasyLoginBase\EasyLoginBase.WebAppBlazor\wwwroot\css\layout.css' was detected as already compressed with format 'gzip'.
[20:08:15]          The asset 'C:\Users\PEDRO\Desktop\EasyPRO\EasyLoginBase\EasyLoginBase.WebAppBlazor\obj\Release\net9.0\compressed\cui9dzjvso-{0}-5itg173035-5itg173035.gz' with related asset 'C:\Users\PEDRO\Desktop\EasyPRO\EasyLoginBase\EasyLoginBase.WebAppBlazor\wwwroot\css\app.css' was detected as already compressed with format 'gzip'.
[20:08:15]          The asset 'C:\Users\PEDRO\Desktop\EasyPRO\EasyLoginBase\EasyLoginBase.WebAppBlazor\obj\Release\net9.0\compressed\ryeerzsn0v-{0}-3w1ydvi3y0-3w1ydvi3y0.gz' with related asset 'C:\Users\PEDRO\Desktop\EasyPRO\EasyLoginBase\EasyLoginBase.WebAppBlazor\wwwroot\css\components.css' was detected as already compressed with format 'gzip'.
[20:08:15]          The asset 'C:\Users\PEDRO\Desktop\EasyPRO\EasyLoginBase\EasyLoginBase.WebAppBlazor\obj\Release\net9.0\compressed\y1ghqj3160-{0}-6al1k9y26l-6al1k9y26l.gz' with related asset 'C:\Users\PEDRO\Desktop\EasyPRO\EasyLoginBase\EasyLoginBase.WebAppBlazor\wwwroot\css\animations.css' was detected as already compressed with format 'gzip'.
[20:08:15]          Ignoring asset 'C:\Users\PEDRO\Desktop\EasyPRO\EasyLoginBase\EasyLoginBase.WebAppBlazor\wwwroot\css\animations.css' because it was already resolved with format 'gzip'.
[20:08:15]          Accepted compressed asset 'C:\Users\PEDRO\Desktop\EasyPRO\EasyLoginBase\EasyLoginBase.WebAppBlazor\obj\Release\net9.0\compressed\publish\y1ghqj3160-{0}-6al1k9y26l-6al1k9y26l.br' for 'C:\Users\PEDRO\Desktop\EasyPRO\EasyLoginBase\EasyLoginBase.WebAppBlazor\wwwroot\css\animations.css'.
[20:08:15]          Ignoring asset 'C:\Users\PEDRO\Desktop\EasyPRO\EasyLoginBase\EasyLoginBase.WebAppBlazor\wwwroot\css\app.css' because it was already resolved with format 'gzip'.
[20:08:15]          Accepted compressed asset 'C:\Users\PEDRO\Desktop\EasyPRO\EasyLoginBase\EasyLoginBase.WebAppBlazor\obj\Release\net9.0\compressed\publish\cui9dzjvso-{0}-5itg173035-5itg173035.br' for 'C:\Users\PEDRO\Desktop\EasyPRO\EasyLoginBase\EasyLoginBase.WebAppBlazor\wwwroot\css\app.css'.
[20:08:15]          Ignoring asset 'C:\Users\PEDRO\Desktop\EasyPRO\EasyLoginBase\EasyLoginBase.WebAppBlazor\wwwroot\css\components.css' because it was already resolved with format 'gzip'.
[20:08:15]          Accepted compressed asset 'C:\Users\PEDRO\Desktop\EasyPRO\EasyLoginBase\EasyLoginBase.WebAppBlazor\obj\Release\net9.0\compressed\publish\ryeerzsn0v-{0}-3w1ydvi3y0-3w1ydvi3y0.br' for 'C:\Users\PEDRO\Desktop\EasyPRO\EasyLoginBase\EasyLoginBase.WebAppBlazor\wwwroot\css\components.css'.
[20:08:15]          Ignoring asset 'C:\Users\PEDRO\Desktop\EasyPRO\EasyLoginBase\EasyLoginBase.WebAppBlazor\wwwroot\css\layout.css' because it was already resolved with format 'gzip'.
[20:08:15]          Accepted compressed asset 'C:\Users\PEDRO\Desktop\EasyPRO\EasyLoginBase\EasyLoginBase.WebAppBlazor\obj\Release\net9.0\compressed\publish\azr19jxa4m-{0}-9f6wds051f-9f6wds051f.br' for 'C:\Users\PEDRO\Desktop\EasyPRO\EasyLoginBase\EasyLoginBase.WebAppBlazor\wwwroot\css\layout.css'.
[20:08:15]          Ignoring asset 'C:\Users\PEDRO\Desktop\EasyPRO\EasyLoginBase\EasyLoginBase.WebAppBlazor\wwwroot\js\app.js' because it was already resolved with format 'gzip'.
[20:08:15]          Accepted compressed asset 'C:\Users\PEDRO\Desktop\EasyPRO\EasyLoginBase\EasyLoginBase.WebAppBlazor\obj\Release\net9.0\compressed\publish\7uz06c5pdo-{0}-9i410i6h17-9i410i6h17.br' for 'C:\Users\PEDRO\Desktop\EasyPRO\EasyLoginBase\EasyLoginBase.WebAppBlazor\wwwroot\js\app.js'.
[20:08:15]          Resolved 5 compressed assets for 5 candidate assets.
[20:08:15]        GeneratePublishCompressedStaticWebAssets:
[20:08:15]          C:\Program Files\dotnet\dotnet.exe "C:\Program Files\dotnet\sdk\10.0.103\Sdks\Microsoft.NET.Sdk.StaticWebAssets\targets\..\tools\net10.0\Microsoft.NET.Sdk.StaticWebAssets.Tool.dll" brotli
[20:08:15]          
[20:08:16]        ResolvePublishCompressedStaticWebAssets:
[20:08:16]          Processing compressed asset: C:\Users\PEDRO\Desktop\EasyPRO\EasyLoginBase\EasyLoginBase.WebAppBlazor\obj\Release\net9.0\compressed\7uz06c5pdo-{0}-9i410i6h17-9i410i6h17.gz
[20:08:16]          Processing compressed asset: C:\Users\PEDRO\Desktop\EasyPRO\EasyLoginBase\EasyLoginBase.WebAppBlazor\obj\Release\net9.0\compressed\azr19jxa4m-{0}-9f6wds051f-9f6wds051f.gz
[20:08:16]          Processing compressed asset: C:\Users\PEDRO\Desktop\EasyPRO\EasyLoginBase\EasyLoginBase.WebAppBlazor\obj\Release\net9.0\compressed\cui9dzjvso-{0}-5itg173035-5itg173035.gz
[20:08:16]          Processing compressed asset: C:\Users\PEDRO\Desktop\EasyPRO\EasyLoginBase\EasyLoginBase.WebAppBlazor\obj\Release\net9.0\compressed\ryeerzsn0v-{0}-3w1ydvi3y0-3w1ydvi3y0.gz
[20:08:16]          Processing compressed asset: C:\Users\PEDRO\Desktop\EasyPRO\EasyLoginBase\EasyLoginBase.WebAppBlazor\obj\Release\net9.0\compressed\y1ghqj3160-{0}-6al1k9y26l-6al1k9y26l.gz
[20:08:16]          Processing compressed asset: C:\Users\PEDRO\Desktop\EasyPRO\EasyLoginBase\EasyLoginBase.WebAppBlazor\obj\Release\net9.0\compressed\publish\y1ghqj3160-{0}-6al1k9y26l-6al1k9y26l.br
[20:08:16]          Processing compressed asset: C:\Users\PEDRO\Desktop\EasyPRO\EasyLoginBase\EasyLoginBase.WebAppBlazor\obj\Release\net9.0\compressed\publish\cui9dzjvso-{0}-5itg173035-5itg173035.br
[20:08:16]          Processing compressed asset: C:\Users\PEDRO\Desktop\EasyPRO\EasyLoginBase\EasyLoginBase.WebAppBlazor\obj\Release\net9.0\compressed\publish\ryeerzsn0v-{0}-3w1ydvi3y0-3w1ydvi3y0.br
[20:08:16]          Processing compressed asset: C:\Users\PEDRO\Desktop\EasyPRO\EasyLoginBase\EasyLoginBase.WebAppBlazor\obj\Release\net9.0\compressed\publish\azr19jxa4m-{0}-9f6wds051f-9f6wds051f.br
[20:08:16]          Processing compressed asset: C:\Users\PEDRO\Desktop\EasyPRO\EasyLoginBase\EasyLoginBase.WebAppBlazor\obj\Release\net9.0\compressed\publish\7uz06c5pdo-{0}-9i410i6h17-9i410i6h17.br
[20:08:16]        _CopyResolvedFilesToPublishPreserveNewest:
[20:08:16]          Copiando o arquivo de "C:\Users\PEDRO\Desktop\EasyPRO\EasyLoginBase\EasyLoginBase.WebAppBlazor\appsettings.json" para "C:\Users\PEDRO\Desktop\EasyPRO\EasyBuilderRelease\COMERCIO_FACIL_RELEASE_2026-06-25_195626\05_BlazorWebApp\appsettings.json".
[20:08:16]          Copiando o arquivo de "C:\Users\PEDRO\Desktop\EasyPRO\EasyLoginBase\EasyLoginBase.WebAppBlazor\web.config" para "C:\Users\PEDRO\Desktop\EasyPRO\EasyBuilderRelease\COMERCIO_FACIL_RELEASE_2026-06-25_195626\05_BlazorWebApp\web.config".
[20:08:16]          Copiando o arquivo de "C:\Users\PEDRO\Desktop\EasyPRO\EasyLoginBase\EasyLoginBase.WebAppBlazor\dotnet-tools.json" para "C:\Users\PEDRO\Desktop\EasyPRO\EasyBuilderRelease\COMERCIO_FACIL_RELEASE_2026-06-25_195626\05_BlazorWebApp\dotnet-tools.json".
[20:08:16]          Copiando o arquivo de "C:\Users\PEDRO\Desktop\EasyPRO\EasyLoginBase\EasyLoginBase.WebAppBlazor\obj\Release\net9.0\EasyLoginBase.WebAppBlazor.dll" para "C:\Users\PEDRO\Desktop\EasyPRO\EasyBuilderRelease\COMERCIO_FACIL_RELEASE_2026-06-25_195626\05_BlazorWebApp\EasyLoginBase.WebAppBlazor.dll".
[20:08:16]          Copiando o arquivo de "C:\Users\PEDRO\Desktop\EasyPRO\EasyLoginBase\EasyLoginBase.WebAppBlazor\appsettings.Development.json" para "C:\Users\PEDRO\Desktop\EasyPRO\EasyBuilderRelease\COMERCIO_FACIL_RELEASE_2026-06-25_195626\05_BlazorWebApp\appsettings.Development.json".
[20:08:16]          Copiando o arquivo de "C:\Users\PEDRO\Desktop\EasyPRO\EasyLoginBase\EasyLoginBase.WebAppBlazor\bin\Release\net9.0\EasyLoginBase.WebAppBlazor.deps.json" para "C:\Users\PEDRO\Desktop\EasyPRO\EasyBuilderRelease\COMERCIO_FACIL_RELEASE_2026-06-25_195626\05_BlazorWebApp\EasyLoginBase.WebAppBlazor.deps.json".
[20:08:16]          Copiando o arquivo de "C:\Users\PEDRO\Desktop\EasyPRO\EasyLoginBase\EasyLoginBase.WebAppBlazor\bin\Release\net9.0\EasyLoginBase.WebAppBlazor.runtimeconfig.json" para "C:\Users\PEDRO\Desktop\EasyPRO\EasyBuilderRelease\COMERCIO_FACIL_RELEASE_2026-06-25_195626\05_BlazorWebApp\EasyLoginBase.WebAppBlazor.runtimeconfig.json".
[20:08:16]          Copiando o arquivo de "C:\Users\PEDRO\Desktop\EasyPRO\EasyLoginBase\EasyLoginBase.WebAppBlazor\obj\Release\net9.0\EasyLoginBase.WebAppBlazor.pdb" para "C:\Users\PEDRO\Desktop\EasyPRO\EasyBuilderRelease\COMERCIO_FACIL_RELEASE_2026-06-25_195626\05_BlazorWebApp\EasyLoginBase.WebAppBlazor.pdb".
[20:08:16]          Copiando o arquivo de "C:\Users\PEDRO\.nuget\packages\fluentvalidation\11.11.0\lib\net8.0\FluentValidation.dll" para "C:\Users\PEDRO\Desktop\EasyPRO\EasyBuilderRelease\COMERCIO_FACIL_RELEASE_2026-06-25_195626\05_BlazorWebApp\FluentValidation.dll".
[20:08:16]          Copiando o arquivo de "C:\Users\PEDRO\.nuget\packages\microsoft.aspnetcore.cryptography.internal\9.0.3\lib\net9.0\Microsoft.AspNetCore.Cryptography.Internal.dll" para "C:\Users\PEDRO\Desktop\EasyPRO\EasyBuilderRelease\COMERCIO_FACIL_RELEASE_2026-06-25_195626\05_BlazorWebApp\Microsoft.AspNetCore.Cryptography.Internal.dll".
[20:08:16]          Copiando o arquivo de "C:\Users\PEDRO\.nuget\packages\microsoft.aspnetcore.cryptography.keyderivation\9.0.3\lib\net9.0\Microsoft.AspNetCore.Cryptography.KeyDerivation.dll" para "C:\Users\PEDRO\Desktop\EasyPRO\EasyBuilderRelease\COMERCIO_FACIL_RELEASE_2026-06-25_195626\05_BlazorWebApp\Microsoft.AspNetCore.Cryptography.KeyDerivation.dll".
[20:08:16]          Copiando o arquivo de "C:\Users\PEDRO\.nuget\packages\microsoft.extensions.caching.abstractions\9.0.3\lib\net9.0\Microsoft.Extensions.Caching.Abstractions.dll" para "C:\Users\PEDRO\Desktop\EasyPRO\EasyBuilderRelease\COMERCIO_FACIL_RELEASE_2026-06-25_195626\05_BlazorWebApp\Microsoft.Extensions.Caching.Abstractions.dll".
[20:08:16]          Copiando o arquivo de "C:\Users\PEDRO\.nuget\packages\microsoft.extensions.configuration\10.0.0\lib\net9.0\Microsoft.Extensions.Configuration.dll" para "C:\Users\PEDRO\Desktop\EasyPRO\EasyBuilderRelease\COMERCIO_FACIL_RELEASE_2026-06-25_195626\05_BlazorWebApp\Microsoft.Extensions.Configuration.dll".
[20:08:16]          Copiando o arquivo de "C:\Users\PEDRO\.nuget\packages\microsoft.extensions.configuration.binder\10.0.0\lib\net9.0\Microsoft.Extensions.Configuration.Binder.dll" para "C:\Users\PEDRO\Desktop\EasyPRO\EasyBuilderRelease\COMERCIO_FACIL_RELEASE_2026-06-25_195626\05_BlazorWebApp\Microsoft.Extensions.Configuration.Binder.dll".
[20:08:16]          Copiando o arquivo de "C:\Users\PEDRO\.nuget\packages\microsoft.extensions.configuration.abstractions\10.0.0\lib\net9.0\Microsoft.Extensions.Configuration.Abstractions.dll" para "C:\Users\PEDRO\Desktop\EasyPRO\EasyBuilderRelease\COMERCIO_FACIL_RELEASE_2026-06-25_195626\05_BlazorWebApp\Microsoft.Extensions.Configuration.Abstractions.dll".
[20:08:16]          Copiando o arquivo de "C:\Users\PEDRO\.nuget\packages\microsoft.extensions.dependencyinjection\10.0.0\lib\net9.0\Microsoft.Extensions.DependencyInjection.dll" para "C:\Users\PEDRO\Desktop\EasyPRO\EasyBuilderRelease\COMERCIO_FACIL_RELEASE_2026-06-25_195626\05_BlazorWebApp\Microsoft.Extensions.DependencyInjection.dll".
[20:08:16]          Copiando o arquivo de "C:\Users\PEDRO\.nuget\packages\microsoft.extensions.dependencymodel\10.0.0\lib\net9.0\Microsoft.Extensions.DependencyModel.dll" para "C:\Users\PEDRO\Desktop\EasyPRO\EasyBuilderRelease\COMERCIO_FACIL_RELEASE_2026-06-25_195626\05_BlazorWebApp\Microsoft.Extensions.DependencyModel.dll".
[20:08:16]          Copiando o arquivo de "C:\Users\PEDRO\.nuget\packages\microsoft.extensions.diagnostics.abstractions\10.0.0\lib\net9.0\Microsoft.Extensions.Diagnostics.Abstractions.dll" para "C:\Users\PEDRO\Desktop\EasyPRO\EasyBuilderRelease\COMERCIO_FACIL_RELEASE_2026-06-25_195626\05_BlazorWebApp\Microsoft.Extensions.Diagnostics.Abstractions.dll".
[20:08:16]          Copiando o arquivo de "C:\Users\PEDRO\.nuget\packages\microsoft.extensions.dependencyinjection.abstractions\10.0.0\lib\net9.0\Microsoft.Extensions.DependencyInjection.Abstractions.dll" para "C:\Users\PEDRO\Desktop\EasyPRO\EasyBuilderRelease\COMERCIO_FACIL_RELEASE_2026-06-25_195626\05_BlazorWebApp\Microsoft.Extensions.DependencyInjection.Abstractions.dll".
[20:08:16]          Copiando o arquivo de "C:\Users\PEDRO\.nuget\packages\microsoft.extensions.hosting.abstractions\10.0.0\lib\net9.0\Microsoft.Extensions.Hosting.Abstractions.dll" para "C:\Users\PEDRO\Desktop\EasyPRO\EasyBuilderRelease\COMERCIO_FACIL_RELEASE_2026-06-25_195626\05_BlazorWebApp\Microsoft.Extensions.Hosting.Abstractions.dll".
[20:08:16]          Copiando o arquivo de "C:\Users\PEDRO\.nuget\packages\microsoft.extensions.fileproviders.abstractions\10.0.0\lib\net9.0\Microsoft.Extensions.FileProviders.Abstractions.dll" para "C:\Users\PEDRO\Desktop\EasyPRO\EasyBuilderRelease\COMERCIO_FACIL_RELEASE_2026-06-25_195626\05_BlazorWebApp\Microsoft.Extensions.FileProviders.Abstractions.dll".
[20:08:16]          Copiando o arquivo de "C:\Users\PEDRO\.nuget\packages\microsoft.extensions.identity.core\9.0.3\lib\net9.0\Microsoft.Extensions.Identity.Core.dll" para "C:\Users\PEDRO\Desktop\EasyPRO\EasyBuilderRelease\COMERCIO_FACIL_RELEASE_2026-06-25_195626\05_BlazorWebApp\Microsoft.Extensions.Identity.Core.dll".
[20:08:16]          Copiando o arquivo de "C:\Users\PEDRO\.nuget\packages\microsoft.extensions.identity.stores\9.0.3\lib\net9.0\Microsoft.Extensions.Identity.Stores.dll" para "C:\Users\PEDRO\Desktop\EasyPRO\EasyBuilderRelease\COMERCIO_FACIL_RELEASE_2026-06-25_195626\05_BlazorWebApp\Microsoft.Extensions.Identity.Stores.dll".
[20:08:16]          Copiando o arquivo de "C:\Users\PEDRO\.nuget\packages\microsoft.extensions.logging\10.0.0\lib\net9.0\Microsoft.Extensions.Logging.dll" para "C:\Users\PEDRO\Desktop\EasyPRO\EasyBuilderRelease\COMERCIO_FACIL_RELEASE_2026-06-25_195626\05_BlazorWebApp\Microsoft.Extensions.Logging.dll".
[20:08:16]          Copiando o arquivo de "C:\Users\PEDRO\.nuget\packages\microsoft.extensions.logging.abstractions\10.0.0\lib\net9.0\Microsoft.Extensions.Logging.Abstractions.dll" para "C:\Users\PEDRO\Desktop\EasyPRO\EasyBuilderRelease\COMERCIO_FACIL_RELEASE_2026-06-25_195626\05_BlazorWebApp\Microsoft.Extensions.Logging.Abstractions.dll".
[20:08:16]          Copiando o arquivo de "C:\Users\PEDRO\.nuget\packages\microsoft.extensions.options\10.0.0\lib\net9.0\Microsoft.Extensions.Options.dll" para "C:\Users\PEDRO\Desktop\EasyPRO\EasyBuilderRelease\COMERCIO_FACIL_RELEASE_2026-06-25_195626\05_BlazorWebApp\Microsoft.Extensions.Options.dll".
[20:08:16]          Copiando o arquivo de "C:\Users\PEDRO\.nuget\packages\microsoft.extensions.primitives\10.0.0\lib\net9.0\Microsoft.Extensions.Primitives.dll" para "C:\Users\PEDRO\Desktop\EasyPRO\EasyBuilderRelease\COMERCIO_FACIL_RELEASE_2026-06-25_195626\05_BlazorWebApp\Microsoft.Extensions.Primitives.dll".
[20:08:16]          Copiando o arquivo de "C:\Users\PEDRO\.nuget\packages\microsoft.openapi\1.6.23\lib\netstandard2.0\Microsoft.OpenApi.dll" para "C:\Users\PEDRO\Desktop\EasyPRO\EasyBuilderRelease\COMERCIO_FACIL_RELEASE_2026-06-25_195626\05_BlazorWebApp\Microsoft.OpenApi.dll".
[20:08:16]          Copiando o arquivo de "C:\Users\PEDRO\.nuget\packages\serilog\4.3.0\lib\net9.0\Serilog.dll" para "C:\Users\PEDRO\Desktop\EasyPRO\EasyBuilderRelease\COMERCIO_FACIL_RELEASE_2026-06-25_195626\05_BlazorWebApp\Serilog.dll".
[20:08:16]          Copiando o arquivo de "C:\Users\PEDRO\.nuget\packages\serilog.aspnetcore\10.0.0\lib\net9.0\Serilog.AspNetCore.dll" para "C:\Users\PEDRO\Desktop\EasyPRO\EasyBuilderRelease\COMERCIO_FACIL_RELEASE_2026-06-25_195626\05_BlazorWebApp\Serilog.AspNetCore.dll".
[20:08:16]          Copiando o arquivo de "C:\Users\PEDRO\.nuget\packages\serilog.extensions.hosting\10.0.0\lib\net9.0\Serilog.Extensions.Hosting.dll" para "C:\Users\PEDRO\Desktop\EasyPRO\EasyBuilderRelease\COMERCIO_FACIL_RELEASE_2026-06-25_195626\05_BlazorWebApp\Serilog.Extensions.Hosting.dll".
[20:08:16]          Copiando o arquivo de "C:\Users\PEDRO\.nuget\packages\serilog.extensions.logging\10.0.0\lib\net9.0\Serilog.Extensions.Logging.dll" para "C:\Users\PEDRO\Desktop\EasyPRO\EasyBuilderRelease\COMERCIO_FACIL_RELEASE_2026-06-25_195626\05_BlazorWebApp\Serilog.Extensions.Logging.dll".
[20:08:16]          Copiando o arquivo de "C:\Users\PEDRO\.nuget\packages\serilog.formatting.compact\3.0.0\lib\net8.0\Serilog.Formatting.Compact.dll" para "C:\Users\PEDRO\Desktop\EasyPRO\EasyBuilderRelease\COMERCIO_FACIL_RELEASE_2026-06-25_195626\05_BlazorWebApp\Serilog.Formatting.Compact.dll".
[20:08:16]          Copiando o arquivo de "C:\Users\PEDRO\.nuget\packages\serilog.settings.configuration\10.0.0\lib\net9.0\Serilog.Settings.Configuration.dll" para "C:\Users\PEDRO\Desktop\EasyPRO\EasyBuilderRelease\COMERCIO_FACIL_RELEASE_2026-06-25_195626\05_BlazorWebApp\Serilog.Settings.Configuration.dll".
[20:08:16]          Copiando o arquivo de "C:\Users\PEDRO\.nuget\packages\serilog.sinks.console\6.1.1\lib\net8.0\Serilog.Sinks.Console.dll" para "C:\Users\PEDRO\Desktop\EasyPRO\EasyBuilderRelease\COMERCIO_FACIL_RELEASE_2026-06-25_195626\05_BlazorWebApp\Serilog.Sinks.Console.dll".
[20:08:16]          Copiando o arquivo de "C:\Users\PEDRO\.nuget\packages\serilog.sinks.debug\3.0.0\lib\net8.0\Serilog.Sinks.Debug.dll" para "C:\Users\PEDRO\Desktop\EasyPRO\EasyBuilderRelease\COMERCIO_FACIL_RELEASE_2026-06-25_195626\05_BlazorWebApp\Serilog.Sinks.Debug.dll".
[20:08:16]          Copiando o arquivo de "C:\Users\PEDRO\.nuget\packages\serilog.sinks.file\7.0.0\lib\net9.0\Serilog.Sinks.File.dll" para "C:\Users\PEDRO\Desktop\EasyPRO\EasyBuilderRelease\COMERCIO_FACIL_RELEASE_2026-06-25_195626\05_BlazorWebApp\Serilog.Sinks.File.dll".
[20:08:16]          Copiando o arquivo de "C:\Users\PEDRO\.nuget\packages\swashbuckle.aspnetcore.swagger\8.0.0\lib\net9.0\Swashbuckle.AspNetCore.Swagger.dll" para "C:\Users\PEDRO\Desktop\EasyPRO\EasyBuilderRelease\COMERCIO_FACIL_RELEASE_2026-06-25_195626\05_BlazorWebApp\Swashbuckle.AspNetCore.Swagger.dll".
[20:08:16]          Copiando o arquivo de "C:\Users\PEDRO\.nuget\packages\swashbuckle.aspnetcore.swaggergen\8.0.0\lib\net9.0\Swashbuckle.AspNetCore.SwaggerGen.dll" para "C:\Users\PEDRO\Desktop\EasyPRO\EasyBuilderRelease\COMERCIO_FACIL_RELEASE_2026-06-25_195626\05_BlazorWebApp\Swashbuckle.AspNetCore.SwaggerGen.dll".
[20:08:16]          Copiando o arquivo de "C:\Users\PEDRO\.nuget\packages\swashbuckle.aspnetcore.swaggerui\8.0.0\lib\net9.0\Swashbuckle.AspNetCore.SwaggerUI.dll" para "C:\Users\PEDRO\Desktop\EasyPRO\EasyBuilderRelease\COMERCIO_FACIL_RELEASE_2026-06-25_195626\05_BlazorWebApp\Swashbuckle.AspNetCore.SwaggerUI.dll".
[20:08:16]          Copiando o arquivo de "C:\Users\PEDRO\.nuget\packages\system.diagnostics.diagnosticsource\10.0.0\lib\net9.0\System.Diagnostics.DiagnosticSource.dll" para "C:\Users\PEDRO\Desktop\EasyPRO\EasyBuilderRelease\COMERCIO_FACIL_RELEASE_2026-06-25_195626\05_BlazorWebApp\System.Diagnostics.DiagnosticSource.dll".
[20:08:16]          Copiando o arquivo de "C:\Users\PEDRO\.nuget\packages\system.io.pipelines\10.0.0\lib\net9.0\System.IO.Pipelines.dll" para "C:\Users\PEDRO\Desktop\EasyPRO\EasyBuilderRelease\COMERCIO_FACIL_RELEASE_2026-06-25_195626\05_BlazorWebApp\System.IO.Pipelines.dll".
[20:08:16]          Copiando o arquivo de "C:\Users\PEDRO\.nuget\packages\system.text.encodings.web\10.0.0\lib\net9.0\System.Text.Encodings.Web.dll" para "C:\Users\PEDRO\Desktop\EasyPRO\EasyBuilderRelease\COMERCIO_FACIL_RELEASE_2026-06-25_195626\05_BlazorWebApp\System.Text.Encodings.Web.dll".
[20:08:16]          Copiando o arquivo de "C:\Users\PEDRO\.nuget\packages\system.text.json\10.0.0\lib\net9.0\System.Text.Json.dll" para "C:\Users\PEDRO\Desktop\EasyPRO\EasyBuilderRelease\COMERCIO_FACIL_RELEASE_2026-06-25_195626\05_BlazorWebApp\System.Text.Json.dll".
[20:08:16]          Criando o diretório "C:\Users\PEDRO\Desktop\EasyPRO\EasyBuilderRelease\COMERCIO_FACIL_RELEASE_2026-06-25_195626\05_BlazorWebApp\runtimes\browser\lib\net8.0".
[20:08:16]          Criando o diretório "C:\Users\PEDRO\Desktop\EasyPRO\EasyBuilderRelease\COMERCIO_FACIL_RELEASE_2026-06-25_195626\05_BlazorWebApp\runtimes\win\lib\net9.0".
[20:08:16]          Copiando o arquivo de "C:\Users\PEDRO\Desktop\EasyPRO\EasyLoginBase\EasyLoginBase.Application\bin\Release\net9.0\EasyLoginBase.Application.dll" para "C:\Users\PEDRO\Desktop\EasyPRO\EasyBuilderRelease\COMERCIO_FACIL_RELEASE_2026-06-25_195626\05_BlazorWebApp\EasyLoginBase.Application.dll".
[20:08:16]          Copiando o arquivo de "C:\Users\PEDRO\Desktop\EasyPRO\EasyLoginBase\EasyLoginBase.Domain\bin\Release\net9.0\EasyLoginBase.Domain.dll" para "C:\Users\PEDRO\Desktop\EasyPRO\EasyBuilderRelease\COMERCIO_FACIL_RELEASE_2026-06-25_195626\05_BlazorWebApp\EasyLoginBase.Domain.dll".
[20:08:16]          Copiando o arquivo de "C:\Users\PEDRO\Desktop\EasyPRO\EasyLoginBase\EasyLoginBase.Application\bin\Release\net9.0\EasyLoginBase.Application.pdb" para "C:\Users\PEDRO\Desktop\EasyPRO\EasyBuilderRelease\COMERCIO_FACIL_RELEASE_2026-06-25_195626\05_BlazorWebApp\EasyLoginBase.Application.pdb".
[20:08:16]          Copiando o arquivo de "C:\Users\PEDRO\.nuget\packages\system.text.encodings.web\10.0.0\runtimes\browser\lib\net8.0\System.Text.Encodings.Web.dll" para "C:\Users\PEDRO\Desktop\EasyPRO\EasyBuilderRelease\COMERCIO_FACIL_RELEASE_2026-06-25_195626\05_BlazorWebApp\runtimes\browser\lib\net8.0\System.Text.Encodings.Web.dll".
[20:08:16]          Copiando o arquivo de "C:\Users\PEDRO\Desktop\EasyPRO\EasyLoginBase\EasyLoginBase.Domain\bin\Release\net9.0\EasyLoginBase.Domain.pdb" para "C:\Users\PEDRO\Desktop\EasyPRO\EasyBuilderRelease\COMERCIO_FACIL_RELEASE_2026-06-25_195626\05_BlazorWebApp\EasyLoginBase.Domain.pdb".
[20:08:16]          Copiando o arquivo de "C:\Users\PEDRO\.nuget\packages\system.text.encodings.web\10.0.0\runtimes\win\lib\net9.0\System.Text.Encodings.Web.dll" para "C:\Users\PEDRO\Desktop\EasyPRO\EasyBuilderRelease\COMERCIO_FACIL_RELEASE_2026-06-25_195626\05_BlazorWebApp\runtimes\win\lib\net9.0\System.Text.Encodings.Web.dll".
[20:08:16]        _CopyResolvedFilesToPublishAlways:
[20:08:16]          Copiando o arquivo de "C:\Users\PEDRO\Desktop\EasyPRO\EasyLoginBase\EasyLoginBase.WebAppBlazor\obj\Release\net9.0\apphost.exe" para "C:\Users\PEDRO\Desktop\EasyPRO\EasyBuilderRelease\COMERCIO_FACIL_RELEASE_2026-06-25_195626\05_BlazorWebApp\EasyLoginBase.WebAppBlazor.exe".
[20:08:16]        _PublishCopyStaticWebAssetsPreserveNewest:
[20:08:16]          Criando o diretório "C:\Users\PEDRO\Desktop\EasyPRO\EasyBuilderRelease\COMERCIO_FACIL_RELEASE_2026-06-25_195626\05_BlazorWebApp\wwwroot\css".
[20:08:16]          Criando o diretório "C:\Users\PEDRO\Desktop\EasyPRO\EasyBuilderRelease\COMERCIO_FACIL_RELEASE_2026-06-25_195626\05_BlazorWebApp\wwwroot\css".
[20:08:16]          Criando o diretório "C:\Users\PEDRO\Desktop\EasyPRO\EasyBuilderRelease\COMERCIO_FACIL_RELEASE_2026-06-25_195626\05_BlazorWebApp\wwwroot\js".
[20:08:16]          Criando o diretório "C:\Users\PEDRO\Desktop\EasyPRO\EasyBuilderRelease\COMERCIO_FACIL_RELEASE_2026-06-25_195626\05_BlazorWebApp\wwwroot\js".
[20:08:16]          Copiando o arquivo de "C:\Users\PEDRO\Desktop\EasyPRO\EasyLoginBase\EasyLoginBase.WebAppBlazor\obj\Release\net9.0\compressed\publish\7uz06c5pdo-{0}-9i410i6h17-9i410i6h17.br" para "C:\Users\PEDRO\Desktop\EasyPRO\EasyBuilderRelease\COMERCIO_FACIL_RELEASE_2026-06-25_195626\05_BlazorWebApp\wwwroot\js\app.js.br".
[20:08:16]          Criando o diretório "C:\Users\PEDRO\Desktop\EasyPRO\EasyBuilderRelease\COMERCIO_FACIL_RELEASE_2026-06-25_195626\05_BlazorWebApp\wwwroot\css".
[20:08:16]          Copiando o arquivo de "C:\Users\PEDRO\Desktop\EasyPRO\EasyLoginBase\EasyLoginBase.WebAppBlazor\obj\Release\net9.0\compressed\azr19jxa4m-{0}-9f6wds051f-9f6wds051f.gz" para "C:\Users\PEDRO\Desktop\EasyPRO\EasyBuilderRelease\COMERCIO_FACIL_RELEASE_2026-06-25_195626\05_BlazorWebApp\wwwroot\css\layout.css.gz".
[20:08:16]          Copiando o arquivo de "C:\Users\PEDRO\Desktop\EasyPRO\EasyLoginBase\EasyLoginBase.WebAppBlazor\obj\Release\net9.0\compressed\7uz06c5pdo-{0}-9i410i6h17-9i410i6h17.gz" para "C:\Users\PEDRO\Desktop\EasyPRO\EasyBuilderRelease\COMERCIO_FACIL_RELEASE_2026-06-25_195626\05_BlazorWebApp\wwwroot\js\app.js.gz".
[20:08:16]          Copiando o arquivo de "C:\Users\PEDRO\Desktop\EasyPRO\EasyLoginBase\EasyLoginBase.WebAppBlazor\obj\Release\net9.0\compressed\publish\azr19jxa4m-{0}-9f6wds051f-9f6wds051f.br" para "C:\Users\PEDRO\Desktop\EasyPRO\EasyBuilderRelease\COMERCIO_FACIL_RELEASE_2026-06-25_195626\05_BlazorWebApp\wwwroot\css\layout.css.br".
[20:08:16]          Copiando o arquivo de "C:\Users\PEDRO\Desktop\EasyPRO\EasyLoginBase\EasyLoginBase.WebAppBlazor\obj\Release\net9.0\compressed\publish\cui9dzjvso-{0}-5itg173035-5itg173035.br" para "C:\Users\PEDRO\Desktop\EasyPRO\EasyBuilderRelease\COMERCIO_FACIL_RELEASE_2026-06-25_195626\05_BlazorWebApp\wwwroot\css\app.css.br".
[20:08:16]          Copiando o arquivo de "C:\Users\PEDRO\Desktop\EasyPRO\EasyLoginBase\EasyLoginBase.WebAppBlazor\obj\Release\net9.0\compressed\publish\ryeerzsn0v-{0}-3w1ydvi3y0-3w1ydvi3y0.br" para "C:\Users\PEDRO\Desktop\EasyPRO\EasyBuilderRelease\COMERCIO_FACIL_RELEASE_2026-06-25_195626\05_BlazorWebApp\wwwroot\css\components.css.br".
[20:08:16]          Copiando o arquivo de "C:\Users\PEDRO\Desktop\EasyPRO\EasyLoginBase\EasyLoginBase.WebAppBlazor\obj\Release\net9.0\compressed\publish\y1ghqj3160-{0}-6al1k9y26l-6al1k9y26l.br" para "C:\Users\PEDRO\Desktop\EasyPRO\EasyBuilderRelease\COMERCIO_FACIL_RELEASE_2026-06-25_195626\05_BlazorWebApp\wwwroot\css\animations.css.br".
[20:08:16]          Copiando o arquivo de "C:\Users\PEDRO\Desktop\EasyPRO\EasyLoginBase\EasyLoginBase.WebAppBlazor\obj\Release\net9.0\compressed\ryeerzsn0v-{0}-3w1ydvi3y0-3w1ydvi3y0.gz" para "C:\Users\PEDRO\Desktop\EasyPRO\EasyBuilderRelease\COMERCIO_FACIL_RELEASE_2026-06-25_195626\05_BlazorWebApp\wwwroot\css\components.css.gz".
[20:08:16]          Copiando o arquivo de "C:\Users\PEDRO\Desktop\EasyPRO\EasyLoginBase\EasyLoginBase.WebAppBlazor\obj\Release\net9.0\compressed\y1ghqj3160-{0}-6al1k9y26l-6al1k9y26l.gz" para "C:\Users\PEDRO\Desktop\EasyPRO\EasyBuilderRelease\COMERCIO_FACIL_RELEASE_2026-06-25_195626\05_BlazorWebApp\wwwroot\css\animations.css.gz".
[20:08:16]          Copiando o arquivo de "C:\Users\PEDRO\Desktop\EasyPRO\EasyLoginBase\EasyLoginBase.WebAppBlazor\wwwroot\css\animations.css" para "C:\Users\PEDRO\Desktop\EasyPRO\EasyBuilderRelease\COMERCIO_FACIL_RELEASE_2026-06-25_195626\05_BlazorWebApp\wwwroot\css\animations.css".
[20:08:16]          Copiando o arquivo de "C:\Users\PEDRO\Desktop\EasyPRO\EasyLoginBase\EasyLoginBase.WebAppBlazor\wwwroot\css\app.css" para "C:\Users\PEDRO\Desktop\EasyPRO\EasyBuilderRelease\COMERCIO_FACIL_RELEASE_2026-06-25_195626\05_BlazorWebApp\wwwroot\css\app.css".
[20:08:16]          Copiando o arquivo de "C:\Users\PEDRO\Desktop\EasyPRO\EasyLoginBase\EasyLoginBase.WebAppBlazor\wwwroot\css\components.css" para "C:\Users\PEDRO\Desktop\EasyPRO\EasyBuilderRelease\COMERCIO_FACIL_RELEASE_2026-06-25_195626\05_BlazorWebApp\wwwroot\css\components.css".
[20:08:16]          Copiando o arquivo de "C:\Users\PEDRO\Desktop\EasyPRO\EasyLoginBase\EasyLoginBase.WebAppBlazor\obj\Release\net9.0\compressed\cui9dzjvso-{0}-5itg173035-5itg173035.gz" para "C:\Users\PEDRO\Desktop\EasyPRO\EasyBuilderRelease\COMERCIO_FACIL_RELEASE_2026-06-25_195626\05_BlazorWebApp\wwwroot\css\app.css.gz".
[20:08:16]          Copiando o arquivo de "C:\Users\PEDRO\Desktop\EasyPRO\EasyLoginBase\EasyLoginBase.WebAppBlazor\wwwroot\css\layout.css" para "C:\Users\PEDRO\Desktop\EasyPRO\EasyBuilderRelease\COMERCIO_FACIL_RELEASE_2026-06-25_195626\05_BlazorWebApp\wwwroot\css\layout.css".
[20:08:16]          Copiando o arquivo de "C:\Users\PEDRO\Desktop\EasyPRO\EasyLoginBase\EasyLoginBase.WebAppBlazor\wwwroot\favicon.png" para "C:\Users\PEDRO\Desktop\EasyPRO\EasyBuilderRelease\COMERCIO_FACIL_RELEASE_2026-06-25_195626\05_BlazorWebApp\wwwroot\favicon.png".
[20:08:16]          Criando o diretório "C:\Users\PEDRO\Desktop\EasyPRO\EasyBuilderRelease\COMERCIO_FACIL_RELEASE_2026-06-25_195626\05_BlazorWebApp\wwwroot\images".
[20:08:16]          Copiando o arquivo de "C:\Users\PEDRO\Desktop\EasyPRO\EasyLoginBase\EasyLoginBase.WebAppBlazor\wwwroot\images\logo.png" para "C:\Users\PEDRO\Desktop\EasyPRO\EasyBuilderRelease\COMERCIO_FACIL_RELEASE_2026-06-25_195626\05_BlazorWebApp\wwwroot\images\logo.png".
[20:08:16]          Copiando o arquivo de "C:\Users\PEDRO\Desktop\EasyPRO\EasyLoginBase\EasyLoginBase.WebAppBlazor\wwwroot\js\app.js" para "C:\Users\PEDRO\Desktop\EasyPRO\EasyBuilderRelease\COMERCIO_FACIL_RELEASE_2026-06-25_195626\05_BlazorWebApp\wwwroot\js\app.js".
[20:08:16]        CopyStaticWebAssetsEndpointsManifest:
[20:08:16]          Copiando o arquivo de "C:\Users\PEDRO\Desktop\EasyPRO\EasyLoginBase\EasyLoginBase.WebAppBlazor\obj\Release\net9.0\staticwebassets.publish.endpoints.json" para "C:\Users\PEDRO\Desktop\EasyPRO\EasyBuilderRelease\COMERCIO_FACIL_RELEASE_2026-06-25_195626\05_BlazorWebApp\EasyLoginBase.WebAppBlazor.staticwebassets.endpoints.json".
[20:08:16]        Publish:
[20:08:16]          EasyLoginBase.WebAppBlazor -> C:\Users\PEDRO\Desktop\EasyPRO\EasyBuilderRelease\COMERCIO_FACIL_RELEASE_2026-06-25_195626\05_BlazorWebApp\
[20:08:16]        _TransformWebConfig:
[20:08:16]          Updating web.config at 'C:\Users\PEDRO\Desktop\EasyPRO\EasyBuilderRelease\COMERCIO_FACIL_RELEASE_2026-06-25_195626\05_BlazorWebApp\web.config'
[20:08:16]      1>Projeto de compilação pronto "C:\Users\PEDRO\Desktop\EasyPRO\EasyLoginBase\EasyLoginBase.WebAppBlazor\EasyLoginBase.WebAppBlazor.csproj" (Publish destino(s)).
[20:08:16] 
[20:08:16] Compilação com êxito.
[20:08:16]     0 Aviso(s)
[20:08:16]     0 Erro(s)
[20:08:16] 
[20:08:16] Tempo Decorrido 00:00:03.71
