[23:32:01] dotnet publish C:\Users\PEDRO\Desktop\EasyPRO\EasyLoginBase\EasyLoginBase\EasyLoginBase.csproj -c Release -f net9.0 -o C:\Users\PEDRO\Desktop\EasyPRO\EasyBuilderRelease\COMERCIO_FACIL_RELEASE_2026-06-15_232444\03_API --nologo --verbosity minimal /m
[23:32:02]   Determinando os projetos a serem restaurados...
[23:32:03] C:\Users\PEDRO\Desktop\EasyPRO\EasyLoginBase\EasyLoginBase.Services\EasyLoginBase.Services.csproj : warning NU1903: O pacote 'SixLabors.ImageSharp' 2.1.9 tem uma alta vulnerabilidade de gravidade conhecida, https://github.com/advisories/GHSA-2cmq-823j-5qj8 [C:\Users\PEDRO\Desktop\EasyPRO\EasyLoginBase\EasyLoginBase\EasyLoginBase.csproj]
[23:32:03] C:\Users\PEDRO\Desktop\EasyPRO\EasyLoginBase\EasyLoginBase.Services\EasyLoginBase.Services.csproj : warning NU1902: O pacote 'SixLabors.ImageSharp' 2.1.9 tem uma moderado vulnerabilidade de gravidade conhecida, https://github.com/advisories/GHSA-rxmq-m78w-7wmc [C:\Users\PEDRO\Desktop\EasyPRO\EasyLoginBase\EasyLoginBase\EasyLoginBase.csproj]
[23:32:03]   Todos os projetos estão atualizados para restauração.
[23:32:06] C:\Users\PEDRO\Desktop\EasyPRO\EasyLoginBase\EasyLoginBase.Services\EasyLoginBase.Services.csproj : warning NU1903: O pacote 'SixLabors.ImageSharp' 2.1.9 tem uma alta vulnerabilidade de gravidade conhecida, https://github.com/advisories/GHSA-2cmq-823j-5qj8
[23:32:06] C:\Users\PEDRO\Desktop\EasyPRO\EasyLoginBase\EasyLoginBase.Services\EasyLoginBase.Services.csproj : warning NU1902: O pacote 'SixLabors.ImageSharp' 2.1.9 tem uma moderado vulnerabilidade de gravidade conhecida, https://github.com/advisories/GHSA-rxmq-m78w-7wmc
[23:32:09]   EasyLoginBase.Domain -> C:\Users\PEDRO\Desktop\EasyPRO\EasyLoginBase\EasyLoginBase.Domain\bin\Release\net9.0\EasyLoginBase.Domain.dll
[23:32:31]   EasyLoginBase.InfrastructureData.Dapper -> C:\Users\PEDRO\Desktop\EasyPRO\EasyLoginBase\EasyLoginBase.InfrastructureData.Dapper\bin\Release\net9.0\EasyLoginBase.InfrastructureData.Dapper.dll
[23:32:32]   EasyLoginBase.Application -> C:\Users\PEDRO\Desktop\EasyPRO\EasyLoginBase\EasyLoginBase.Application\bin\Release\net9.0\EasyLoginBase.Application.dll
[23:32:33]   EasyLoginBase.InfrastructureData -> C:\Users\PEDRO\Desktop\EasyPRO\EasyLoginBase\EasyLoginBase.InfrastructureData\bin\Release\net9.0\EasyLoginBase.InfrastructureData.dll
[23:32:39] C:\Users\PEDRO\Desktop\EasyPRO\EasyLoginBase\EasyLoginBase.Services\Services\Produto\FichaTecnica\FichaTecnicaServices.cs(312,42): warning CS8619: A anulabilidade de tipos de referência no valor do tipo 'RequestResult<FichaTecnicaResponseDto>' não corresponde ao tipo de destino 'RequestResult<FichaTecnicaResponseDto?>'. [C:\Users\PEDRO\Desktop\EasyPRO\EasyLoginBase\EasyLoginBase.Services\EasyLoginBase.Services.csproj]
[23:32:39] C:\Users\PEDRO\Desktop\EasyPRO\EasyLoginBase\EasyLoginBase.Services\Services\Produto\FichaTecnica\FichaTecnicaServices.cs(334,39): warning CS8619: A anulabilidade de tipos de referência no valor do tipo 'RequestResult<FichaTecnicaResponseDto>' não corresponde ao tipo de destino 'RequestResult<FichaTecnicaResponseDto?>'. [C:\Users\PEDRO\Desktop\EasyPRO\EasyLoginBase\EasyLoginBase.Services\EasyLoginBase.Services.csproj]
[23:32:39] C:\Users\PEDRO\Desktop\EasyPRO\EasyLoginBase\EasyLoginBase.Services\Services\Produto\FichaTecnica\FichaTecnicaServices.cs(353,20): warning CS8619: A anulabilidade de tipos de referência no valor do tipo 'RequestResult<FichaTecnicaResponseDto?>' não corresponde ao tipo de destino 'RequestResult<FichaTecnicaResponseDto>'. [C:\Users\PEDRO\Desktop\EasyPRO\EasyLoginBase\EasyLoginBase.Services\EasyLoginBase.Services.csproj]
[23:32:39] C:\Users\PEDRO\Desktop\EasyPRO\EasyLoginBase\EasyLoginBase.Services\Services\Produto\FichaTecnica\FichaTecnicaServices.cs(374,20): warning CS8619: A anulabilidade de tipos de referência no valor do tipo 'RequestResult<FichaTecnicaResponseDto?>' não corresponde ao tipo de destino 'RequestResult<FichaTecnicaResponseDto>'. [C:\Users\PEDRO\Desktop\EasyPRO\EasyLoginBase\EasyLoginBase.Services\EasyLoginBase.Services.csproj]
[23:32:39] C:\Users\PEDRO\Desktop\EasyPRO\EasyLoginBase\EasyLoginBase.Services\Services\Produto\FichaTecnica\FichaTecnicaServices.cs(395,20): warning CS8619: A anulabilidade de tipos de referência no valor do tipo 'RequestResult<FichaTecnicaResponseDto?>' não corresponde ao tipo de destino 'RequestResult<FichaTecnicaResponseDto>'. [C:\Users\PEDRO\Desktop\EasyPRO\EasyLoginBase\EasyLoginBase.Services\EasyLoginBase.Services.csproj]
[23:32:39] C:\Users\PEDRO\Desktop\EasyPRO\EasyLoginBase\EasyLoginBase.Services\Services\Produto\FichaTecnica\FichaTecnicaServices.cs(416,20): warning CS8619: A anulabilidade de tipos de referência no valor do tipo 'RequestResult<FichaTecnicaResponseDto?>' não corresponde ao tipo de destino 'RequestResult<FichaTecnicaResponseDto>'. [C:\Users\PEDRO\Desktop\EasyPRO\EasyLoginBase\EasyLoginBase.Services\EasyLoginBase.Services.csproj]
[23:32:39] C:\Users\PEDRO\Desktop\EasyPRO\EasyLoginBase\EasyLoginBase.Services\Services\Produto\FichaTecnica\FichaTecnicaServices.cs(454,20): warning CS8619: A anulabilidade de tipos de referência no valor do tipo 'RequestResult<FichaTecnicaResponseDto?>' não corresponde ao tipo de destino 'RequestResult<FichaTecnicaResponseDto>'. [C:\Users\PEDRO\Desktop\EasyPRO\EasyLoginBase\EasyLoginBase.Services\EasyLoginBase.Services.csproj]
[23:32:39] C:\Users\PEDRO\Desktop\EasyPRO\EasyLoginBase\EasyLoginBase.Services\Services\Produto\FichaTecnica\FichaTecnicaServices.cs(475,20): warning CS8619: A anulabilidade de tipos de referência no valor do tipo 'RequestResult<FichaTecnicaResponseDto?>' não corresponde ao tipo de destino 'RequestResult<FichaTecnicaResponseDto>'. [C:\Users\PEDRO\Desktop\EasyPRO\EasyLoginBase\EasyLoginBase.Services\EasyLoginBase.Services.csproj]
[23:32:39] C:\Users\PEDRO\Desktop\EasyPRO\EasyLoginBase\EasyLoginBase.Services\Services\Produto\FichaTecnica\FichaTecnicaServices.cs(496,20): warning CS8619: A anulabilidade de tipos de referência no valor do tipo 'RequestResult<FichaTecnicaResponseDto?>' não corresponde ao tipo de destino 'RequestResult<FichaTecnicaResponseDto>'. [C:\Users\PEDRO\Desktop\EasyPRO\EasyLoginBase\EasyLoginBase.Services\EasyLoginBase.Services.csproj]
[23:32:39] C:\Users\PEDRO\Desktop\EasyPRO\EasyLoginBase\EasyLoginBase.Services\Services\Produto\FichaTecnica\FichaTecnicaServices.cs(534,20): warning CS8619: A anulabilidade de tipos de referência no valor do tipo 'RequestResult<FichaTecnicaResponseDto?>' não corresponde ao tipo de destino 'RequestResult<FichaTecnicaResponseDto>'. [C:\Users\PEDRO\Desktop\EasyPRO\EasyLoginBase\EasyLoginBase.Services\EasyLoginBase.Services.csproj]
[23:32:39] C:\Users\PEDRO\Desktop\EasyPRO\EasyLoginBase\EasyLoginBase.Services\Services\Produto\FichaTecnica\FichaTecnicaServices.cs(555,20): warning CS8619: A anulabilidade de tipos de referência no valor do tipo 'RequestResult<FichaTecnicaResponseDto?>' não corresponde ao tipo de destino 'RequestResult<FichaTecnicaResponseDto>'. [C:\Users\PEDRO\Desktop\EasyPRO\EasyLoginBase\EasyLoginBase.Services\EasyLoginBase.Services.csproj]
[23:32:39]   EasyLoginBase.Services -> C:\Users\PEDRO\Desktop\EasyPRO\EasyLoginBase\EasyLoginBase.Services\bin\Release\net9.0\EasyLoginBase.Services.dll
[23:32:40]   EasyLoginBase.Services.Migracao -> C:\Users\PEDRO\Desktop\EasyPRO\EasyLoginBase\EasyLoginBase.Services.Migracao\bin\Release\net9.0\EasyLoginBase.Services.Migracao.dll
[23:32:41]   EasyLoginBase.CrossCutting -> C:\Users\PEDRO\Desktop\EasyPRO\EasyLoginBase\EasyLoginBase.CrossCutting\bin\Release\net9.0\EasyLoginBase.CrossCutting.dll
[23:32:44]   EasyLoginBase -> C:\Users\PEDRO\Desktop\EasyPRO\EasyLoginBase\EasyLoginBase\bin\Release\net9.0\EasyLoginBase.dll
[23:32:45]   EasyLoginBase -> C:\Users\PEDRO\Desktop\EasyPRO\EasyBuilderRelease\COMERCIO_FACIL_RELEASE_2026-06-15_232444\03_API\
