[23:24:44] dotnet publish C:\Users\PEDRO\Desktop\EasyPRO\EasyManagerApp\EasyManagerApp\EasyManagerApp.csproj -c Release -f net9.0-android -p:AndroidPackageFormat=apk -o C:\Users\PEDRO\Desktop\EasyPRO\EasyBuilderRelease\COMERCIO_FACIL_RELEASE_2026-06-15_232444\01_MauiAndroid --nologo --verbosity minimal /m
[23:24:47]   Determinando os projetos a serem restaurados...
[23:25:00]   C:\Users\PEDRO\Desktop\EasyPRO\EasyManagerApp\EasyManagerApp\EasyManagerApp.csproj restaurado (em 4,2 seg).
[23:25:00]   2 de 3 projetos estão atualizados para restauração.
[23:25:18] C:\Users\PEDRO\Desktop\EasyPRO\EasyManagerApp\EasyManagerApp.Services.Services\Services\Produto\Etiqueta\ListaImpressao\ListaValidadeImpressaoItemServices.cs(22,9): warning CS1587: O comentário XML não está inserido em um elemento de linguagem válido [C:\Users\PEDRO\Desktop\EasyPRO\EasyManagerApp\EasyManagerApp.Services.Services\EasyManagerApp.Services.Services.csproj::TargetFramework=net9.0-android]
[23:25:18]   EasyManagerApp.Services.Services -> C:\Users\PEDRO\Desktop\EasyPRO\EasyManagerApp\EasyManagerApp.Services.Services\bin\Release\net9.0-android\EasyManagerApp.Services.Services.dll
[23:25:18]   EasyManagerApp.Template -> C:\Users\PEDRO\Desktop\EasyPRO\EasyManagerApp\EasyManagerApp.Template\bin\Release\net9.0-android\EasyManagerApp.Template.dll
[23:25:47] C:\Users\PEDRO\Desktop\EasyPRO\EasyManagerApp\EasyManagerApp\Platforms\Android\Services\Impressao\PrinterDiscoveryServiceMaui.cs(12,23): warning CA1422: Este site de chamadas é acessível em: 'Android' 21.0 e posteriores. "BluetoothAdapter.DefaultAdapter" está obsoleto em: 'Android' 31.0 e posteriores. (https://learn.microsoft.com/dotnet/fundamentals/code-analysis/quality-rules/ca1422) [C:\Users\PEDRO\Desktop\EasyPRO\EasyManagerApp\EasyManagerApp\EasyManagerApp.csproj::TargetFramework=net9.0-android]
[23:25:47] C:\Users\PEDRO\Desktop\EasyPRO\EasyManagerApp\EasyManagerApp\Platforms\Android\Notifications\AndroidTaskAlarmScheduler.cs(22,65): warning CA1416: Este site de chamada pode ser acessado em: 'Android' 21.0 e posteriores. Só há suporte para 'AlarmManager.CanScheduleExactAlarms()' em: 'android' 31.0 e posteriores. (https://learn.microsoft.com/dotnet/fundamentals/code-analysis/quality-rules/ca1416) [C:\Users\PEDRO\Desktop\EasyPRO\EasyManagerApp\EasyManagerApp\EasyManagerApp.csproj::TargetFramework=net9.0-android]
[23:25:47] C:\Users\PEDRO\Desktop\EasyPRO\EasyManagerApp\EasyManagerApp\Platforms\Android\Notifications\AndroidTaskAlarmScheduler.cs(29,17): warning CA1416: Este site de chamada pode ser acessado em: 'Android' 21.0 e posteriores. Só há suporte para 'AlarmManager.SetExactAndAllowWhileIdle(AlarmType, long, PendingIntent)' em: 'android' 23.0 e posteriores. (https://learn.microsoft.com/dotnet/fundamentals/code-analysis/quality-rules/ca1416) [C:\Users\PEDRO\Desktop\EasyPRO\EasyManagerApp\EasyManagerApp\EasyManagerApp.csproj::TargetFramework=net9.0-android]
[23:25:47] C:\Users\PEDRO\Desktop\EasyPRO\EasyManagerApp\EasyManagerApp\Platforms\Android\Notifications\TaskAlarmReceiver.cs(52,32): warning CA1422: Este site de chamadas é acessível em: 'Android' 21.0 e posteriores. "Notification.Builder.SetVibrate(long[]?)" está obsoleto em: 'Android' 26.0 e posteriores. (https://learn.microsoft.com/dotnet/fundamentals/code-analysis/quality-rules/ca1422) [C:\Users\PEDRO\Desktop\EasyPRO\EasyManagerApp\EasyManagerApp\EasyManagerApp.csproj::TargetFramework=net9.0-android]
[23:25:47] C:\Users\PEDRO\Desktop\EasyPRO\EasyManagerApp\EasyManagerApp\Platforms\Android\Notifications\TaskAlarmReceiver.cs(52,32): warning CA1422: Este site de chamadas é acessível em: 'Android' 21.0 e posteriores. "Notification.Builder.SetDefaults(NotificationDefaults)" está obsoleto em: 'Android' 26.0 e posteriores. (https://learn.microsoft.com/dotnet/fundamentals/code-analysis/quality-rules/ca1422) [C:\Users\PEDRO\Desktop\EasyPRO\EasyManagerApp\EasyManagerApp\EasyManagerApp.csproj::TargetFramework=net9.0-android]
[23:25:47] C:\Users\PEDRO\Desktop\EasyPRO\EasyManagerApp\EasyManagerApp\Platforms\Android\Notifications\TaskAlarmReceiver.cs(49,19): warning CA1416: Este site de chamada pode ser acessado em: 'Android' 21.0 e posteriores. Só há suporte para 'Notification.Builder' em: 'android' 26.0 e posteriores. (https://learn.microsoft.com/dotnet/fundamentals/code-analysis/quality-rules/ca1416) [C:\Users\PEDRO\Desktop\EasyPRO\EasyManagerApp\EasyManagerApp\EasyManagerApp.csproj::TargetFramework=net9.0-android]
[23:25:47] C:\Users\PEDRO\Desktop\EasyPRO\EasyManagerApp\EasyManagerApp\Platforms\Android\Notifications\TaskAlarmReceiver.cs(50,19): warning CA1422: Este site de chamadas é acessível em: 'Android' 21.0 e posteriores. "Notification.Builder" está obsoleto em: 'Android' 26.0 e posteriores. (https://learn.microsoft.com/dotnet/fundamentals/code-analysis/quality-rules/ca1422) [C:\Users\PEDRO\Desktop\EasyPRO\EasyManagerApp\EasyManagerApp\EasyManagerApp.csproj::TargetFramework=net9.0-android]
[23:25:47] C:\Users\PEDRO\Desktop\EasyPRO\EasyManagerApp\EasyManagerApp\Platforms\Android\Notifications\TaskAlarmReceiver.cs(52,32): warning CA1422: Este site de chamadas é acessível em: 'Android' 21.0 e posteriores. "Notification.Builder.SetPriority(int)" está obsoleto em: 'Android' 26.0 e posteriores. (https://learn.microsoft.com/dotnet/fundamentals/code-analysis/quality-rules/ca1422) [C:\Users\PEDRO\Desktop\EasyPRO\EasyManagerApp\EasyManagerApp\EasyManagerApp.csproj::TargetFramework=net9.0-android]
[23:25:47] C:\Users\PEDRO\Desktop\EasyPRO\EasyManagerApp\EasyManagerApp\Platforms\Android\Notifications\TaskAlarmReceiver.cs(46,52): warning CA1416: Este site de chamada pode ser acessado em: 'Android' 21.0 e posteriores. Só há suporte para 'PendingIntentFlags.Immutable' em: 'android' 23.0 e posteriores. (https://learn.microsoft.com/dotnet/fundamentals/code-analysis/quality-rules/ca1416) [C:\Users\PEDRO\Desktop\EasyPRO\EasyManagerApp\EasyManagerApp\EasyManagerApp.csproj::TargetFramework=net9.0-android]
[23:25:47] C:\Users\PEDRO\Desktop\EasyPRO\EasyManagerApp\EasyManagerApp\Platforms\Android\Notifications\TaskAlarmReceiver.cs(90,48): warning CA1416: Este site de chamada pode ser acessado em: 'Android' 21.0 e posteriores. Só há suporte para 'PendingIntentFlags.Immutable' em: 'android' 23.0 e posteriores. (https://learn.microsoft.com/dotnet/fundamentals/code-analysis/quality-rules/ca1416) [C:\Users\PEDRO\Desktop\EasyPRO\EasyManagerApp\EasyManagerApp\EasyManagerApp.csproj::TargetFramework=net9.0-android]
[23:25:47] C:\Users\PEDRO\Desktop\EasyPRO\EasyManagerApp\EasyManagerApp\Platforms\Android\Notifications\TaskAlarmReceiver.cs(102,48): warning CA1416: Este site de chamada pode ser acessado em: 'Android' 21.0 e posteriores. Só há suporte para 'PendingIntentFlags.Immutable' em: 'android' 23.0 e posteriores. (https://learn.microsoft.com/dotnet/fundamentals/code-analysis/quality-rules/ca1416) [C:\Users\PEDRO\Desktop\EasyPRO\EasyManagerApp\EasyManagerApp\EasyManagerApp.csproj::TargetFramework=net9.0-android]
[23:25:47] C:\Users\PEDRO\Desktop\EasyPRO\EasyManagerApp\EasyManagerApp\Platforms\Android\Notifications\TaskAlarmReceiver.cs(139,9): warning CA1416: Este site de chamada pode ser acessado em: 'Android' 21.0 e posteriores. Só há suporte para 'NotificationManager.CreateNotificationChannel(NotificationChannel)' em: 'android' 26.0 e posteriores. (https://learn.microsoft.com/dotnet/fundamentals/code-analysis/quality-rules/ca1416) [C:\Users\PEDRO\Desktop\EasyPRO\EasyManagerApp\EasyManagerApp\EasyManagerApp.csproj::TargetFramework=net9.0-android]
[23:25:47] C:\Users\PEDRO\Desktop\EasyPRO\EasyManagerApp\EasyManagerApp\Platforms\Android\Notifications\TaskAlarmReceiver.cs(123,13): warning CA1416: Este site de chamada pode ser acessado em: 'Android' 21.0 e posteriores. Só há suporte para 'NotificationManager.GetNotificationChannel(string?)' em: 'android' 26.0 e posteriores. (https://learn.microsoft.com/dotnet/fundamentals/code-analysis/quality-rules/ca1416) [C:\Users\PEDRO\Desktop\EasyPRO\EasyManagerApp\EasyManagerApp\EasyManagerApp.csproj::TargetFramework=net9.0-android]
[23:25:47] C:\Users\PEDRO\Desktop\EasyPRO\EasyManagerApp\EasyManagerApp\Platforms\Android\Notifications\TaskAlarmReceiver.cs(133,13): warning CA1416: Este site de chamada pode ser acessado em: 'Android' 21.0 e posteriores. Só há suporte para 'NotificationChannel.Description.set' em: 'android' 26.0 e posteriores. (https://learn.microsoft.com/dotnet/fundamentals/code-analysis/quality-rules/ca1416) [C:\Users\PEDRO\Desktop\EasyPRO\EasyManagerApp\EasyManagerApp\EasyManagerApp.csproj::TargetFramework=net9.0-android]
[23:25:47] C:\Users\PEDRO\Desktop\EasyPRO\EasyManagerApp\EasyManagerApp\Platforms\Android\Notifications\TaskAlarmReceiver.cs(133,13): warning CA1416: Este site de chamada pode ser acessado em: 'Android' 21.0 e posteriores. Só há suporte para 'NotificationChannel.Description' em: 'android' 26.0 e posteriores. (https://learn.microsoft.com/dotnet/fundamentals/code-analysis/quality-rules/ca1416) [C:\Users\PEDRO\Desktop\EasyPRO\EasyManagerApp\EasyManagerApp\EasyManagerApp.csproj::TargetFramework=net9.0-android]
[23:25:47] C:\Users\PEDRO\Desktop\EasyPRO\EasyManagerApp\EasyManagerApp\Platforms\Android\Notifications\TaskAlarmReceiver.cs(137,9): warning CA1416: Este site de chamada pode ser acessado em: 'Android' 21.0 e posteriores. Só há suporte para 'NotificationChannel.EnableVibration(bool)' em: 'android' 26.0 e posteriores. (https://learn.microsoft.com/dotnet/fundamentals/code-analysis/quality-rules/ca1416) [C:\Users\PEDRO\Desktop\EasyPRO\EasyManagerApp\EasyManagerApp\EasyManagerApp.csproj::TargetFramework=net9.0-android]
[23:25:47] C:\Users\PEDRO\Desktop\EasyPRO\EasyManagerApp\EasyManagerApp\Platforms\Android\Notifications\TaskAlarmReceiver.cs(128,23): warning CA1416: Este site de chamada pode ser acessado em: 'Android' 21.0 e posteriores. Só há suporte para 'NotificationChannel' em: 'android' 26.0 e posteriores. (https://learn.microsoft.com/dotnet/fundamentals/code-analysis/quality-rules/ca1416) [C:\Users\PEDRO\Desktop\EasyPRO\EasyManagerApp\EasyManagerApp\EasyManagerApp.csproj::TargetFramework=net9.0-android]
[23:25:47] C:\Users\PEDRO\Desktop\EasyPRO\EasyManagerApp\EasyManagerApp\Platforms\Android\Notifications\TaskAlarmReceiver.cs(138,9): warning CA1416: Este site de chamada pode ser acessado em: 'Android' 21.0 e posteriores. Só há suporte para 'NotificationChannel.SetVibrationPattern(long[]?)' em: 'android' 26.0 e posteriores. (https://learn.microsoft.com/dotnet/fundamentals/code-analysis/quality-rules/ca1416) [C:\Users\PEDRO\Desktop\EasyPRO\EasyManagerApp\EasyManagerApp\EasyManagerApp.csproj::TargetFramework=net9.0-android]
[23:25:47] C:\Users\PEDRO\Desktop\EasyPRO\EasyManagerApp\EasyManagerApp\Platforms\Android\Notifications\TaskAlarmReceiver.cs(131,13): warning CA1416: Este site de chamada pode ser acessado em: 'Android' 21.0 e posteriores. Só há suporte para 'NotificationImportance.Max' em: 'android' 24.0 e posteriores. (https://learn.microsoft.com/dotnet/fundamentals/code-analysis/quality-rules/ca1416) [C:\Users\PEDRO\Desktop\EasyPRO\EasyManagerApp\EasyManagerApp\EasyManagerApp.csproj::TargetFramework=net9.0-android]
[23:25:47] C:\Users\PEDRO\Desktop\EasyPRO\EasyManagerApp\EasyManagerApp\Platforms\Android\Notifications\TaskAlarmReceiver.cs(134,13): warning CA1416: Este site de chamada pode ser acessado em: 'Android' 21.0 e posteriores. Só há suporte para 'NotificationChannel.LockscreenVisibility.set' em: 'android' 26.0 e posteriores. (https://learn.microsoft.com/dotnet/fundamentals/code-analysis/quality-rules/ca1416) [C:\Users\PEDRO\Desktop\EasyPRO\EasyManagerApp\EasyManagerApp\EasyManagerApp.csproj::TargetFramework=net9.0-android]
[23:25:47] C:\Users\PEDRO\Desktop\EasyPRO\EasyManagerApp\EasyManagerApp\Platforms\Android\Notifications\TaskAlarmReceiver.cs(134,13): warning CA1416: Este site de chamada pode ser acessado em: 'Android' 21.0 e posteriores. Só há suporte para 'NotificationChannel.LockscreenVisibility' em: 'android' 26.0 e posteriores. (https://learn.microsoft.com/dotnet/fundamentals/code-analysis/quality-rules/ca1416) [C:\Users\PEDRO\Desktop\EasyPRO\EasyManagerApp\EasyManagerApp\EasyManagerApp.csproj::TargetFramework=net9.0-android]
[23:26:06]   EasyManagerApp -> C:\Users\PEDRO\Desktop\EasyPRO\EasyManagerApp\EasyManagerApp\bin\Release\net9.0-android\EasyManagerApp.dll
[23:26:08]   EasyManagerApp.Template -> C:\Users\PEDRO\Desktop\EasyPRO\EasyManagerApp\EasyManagerApp.Template\bin\Release\net9.0-android\EasyManagerApp.Template.dll
[23:26:09]   EasyManagerApp.Services.Services -> C:\Users\PEDRO\Desktop\EasyPRO\EasyManagerApp\EasyManagerApp.Services.Services\bin\Release\net9.0-android\EasyManagerApp.Services.Services.dll
[23:26:10]   Otimizar assemblies para tamanho pode alterar o comportamento do aplicativo. Certifique-se de testar após a publicação. Veja: https://aka.ms/dotnet-illink
[23:26:10]   Otimizando montagens para tamanho. Esse processo pode demorar um pouco.
[23:26:10]   Otimizar assemblies para tamanho pode alterar o comportamento do aplicativo. Certifique-se de testar após a publicação. Veja: https://aka.ms/dotnet-illink
[23:26:10]   Otimizando montagens para tamanho. Esse processo pode demorar um pouco.
[23:26:55]   [1/155] _Microsoft.Android.Resource.Designer.dll -> _Microsoft.Android.Resource.Designer.dll.so
[23:27:04]   [1/155] _Microsoft.Android.Resource.Designer.dll -> _Microsoft.Android.Resource.Designer.dll.so
[23:27:08]   [2/155] EasyManagerApp.Services.Services.dll -> EasyManagerApp.Services.Services.dll.so
[23:27:09]   [2/155] EasyManagerApp.Template.dll -> EasyManagerApp.Template.dll.so
[23:27:10]   [3/155] EasyManagerApp.Template.dll -> EasyManagerApp.Template.dll.so
[23:27:10]   [3/155] CommunityToolkit.Maui.dll -> CommunityToolkit.Maui.dll.so
[23:27:11]   [4/155] EasyManagerApp.Services.Services.dll -> EasyManagerApp.Services.Services.dll.so
[23:27:19]   [5/155] CommunityToolkit.Maui.Core.dll -> CommunityToolkit.Maui.Core.dll.so
[23:27:23]   [6/155] CommunityToolkit.Mvvm.dll -> CommunityToolkit.Mvvm.dll.so
[23:27:25]   [7/155] Microsoft.Extensions.Configuration.dll -> Microsoft.Extensions.Configuration.dll.so
[23:27:25]   [8/155] Microsoft.AspNetCore.Http.Features.dll -> Microsoft.AspNetCore.Http.Features.dll.so
[23:27:25]   [9/155] CommunityToolkit.Maui.Camera.dll -> CommunityToolkit.Maui.Camera.dll.so
[23:27:25]   [10/155] Microsoft.Extensions.Configuration.Binder.dll -> Microsoft.Extensions.Configuration.Binder.dll.so
[23:27:25]   [11/155] Microsoft.Extensions.Configuration.Json.dll -> Microsoft.Extensions.Configuration.Json.dll.so
[23:27:25]   [12/155] Microsoft.Extensions.DependencyInjection.dll -> Microsoft.Extensions.DependencyInjection.dll.so
[23:27:26]   [13/155] Microsoft.Extensions.DependencyInjection.Abstractions.dll -> Microsoft.Extensions.DependencyInjection.Abstractions.dll.so
[23:27:26]   [14/155] Microsoft.Extensions.Configuration.Abstractions.dll -> Microsoft.Extensions.Configuration.Abstractions.dll.so
[23:27:26]   [15/155] Microsoft.Extensions.Diagnostics.dll -> Microsoft.Extensions.Diagnostics.dll.so
[23:27:26]   [16/155] Microsoft.Extensions.Http.dll -> Microsoft.Extensions.Http.dll.so
[23:27:26]   [17/155] Microsoft.Extensions.Diagnostics.Abstractions.dll -> Microsoft.Extensions.Diagnostics.Abstractions.dll.so
[23:27:28]   [18/155] Microsoft.Extensions.Logging.dll -> Microsoft.Extensions.Logging.dll.so
[23:27:29]   [19/155] Microsoft.Extensions.Logging.Abstractions.dll -> Microsoft.Extensions.Logging.Abstractions.dll.so
[23:27:29]   [20/155] Microsoft.Extensions.Options.dll -> Microsoft.Extensions.Options.dll.so
[23:27:30]   [21/155] Microsoft.Extensions.Primitives.dll -> Microsoft.Extensions.Primitives.dll.so
[23:27:30]   [22/155] Microsoft.IdentityModel.Abstractions.dll -> Microsoft.IdentityModel.Abstractions.dll.so
[23:27:30]   [23/155] Microsoft.IdentityModel.JsonWebTokens.dll -> Microsoft.IdentityModel.JsonWebTokens.dll.so
[23:27:30]   [24/155] Microsoft.IdentityModel.Logging.dll -> Microsoft.IdentityModel.Logging.dll.so
[23:27:30]   [25/155] Microsoft.Maui.Controls.Xaml.dll -> Microsoft.Maui.Controls.Xaml.dll.so
[23:27:30]   [26/155] Microsoft.IdentityModel.Tokens.dll -> Microsoft.IdentityModel.Tokens.dll.so
[23:27:31]   [27/155] Microsoft.Maui.Essentials.dll -> Microsoft.Maui.Essentials.dll.so
[23:27:31]   [28/155] Microsoft.Maui.Controls.dll -> Microsoft.Maui.Controls.dll.so
[23:27:31]   [29/155] Microsoft.Maui.Graphics.dll -> Microsoft.Maui.Graphics.dll.so
[23:27:32]   [30/155] Microsoft.Win32.SystemEvents.dll -> Microsoft.Win32.SystemEvents.dll.so
[23:27:34]   [31/155] Plugin.LocalNotification.dll -> Plugin.LocalNotification.dll.so
[23:27:34]   [32/155] Microsoft.Maui.dll -> Microsoft.Maui.dll.so
[23:27:34]   [33/155] Plugin.Maui.OCR.dll -> Plugin.Maui.OCR.dll.so
[23:27:35]   [34/155] Syncfusion.Maui.Toolkit.resources.dll -> Syncfusion.Maui.Toolkit.resources.dll.so
[23:27:35]   [35/155] Syncfusion.Maui.Toolkit.dll -> Syncfusion.Maui.Toolkit.dll.so
[23:27:35]   [36/155] System.Drawing.Common.dll -> System.Drawing.Common.dll.so
[23:27:35]   [37/155] System.Private.Windows.GdiPlus.dll -> System.Private.Windows.GdiPlus.dll.so
[23:27:36]   [38/155] System.Formats.Nrbf.dll -> System.Formats.Nrbf.dll.so
[23:27:36]   [39/155] System.Private.Windows.Core.dll -> System.Private.Windows.Core.dll.so
[23:27:36]   [40/155] Xamarin.AndroidX.Activity.dll -> Xamarin.AndroidX.Activity.dll.so
[23:27:37]   [41/155] System.IdentityModel.Tokens.Jwt.dll -> System.IdentityModel.Tokens.Jwt.dll.so
[23:27:38]   [42/155] Xamarin.AndroidX.AppCompat.dll -> Xamarin.AndroidX.AppCompat.dll.so
[23:27:40]   [43/155] Xamarin.AndroidX.AppCompat.AppCompatResources.dll -> Xamarin.AndroidX.AppCompat.AppCompatResources.dll.so
[23:27:41]   [44/155] Xamarin.AndroidX.Camera.Camera2.dll -> Xamarin.AndroidX.Camera.Camera2.dll.so
[23:27:42]   [45/155] Xamarin.AndroidX.Camera.Core.dll -> Xamarin.AndroidX.Camera.Core.dll.so
[23:27:42]   [46/155] Xamarin.AndroidX.Camera.Lifecycle.dll -> Xamarin.AndroidX.Camera.Lifecycle.dll.so
[23:27:42]   [47/155] Xamarin.AndroidX.Camera.Video.dll -> Xamarin.AndroidX.Camera.Video.dll.so
[23:27:42]   [48/155] Xamarin.AndroidX.Camera.View.dll -> Xamarin.AndroidX.Camera.View.dll.so
[23:27:42]   [49/155] Xamarin.AndroidX.CardView.dll -> Xamarin.AndroidX.CardView.dll.so
[23:27:42]   [50/155] Xamarin.AndroidX.Collection.Jvm.dll -> Xamarin.AndroidX.Collection.Jvm.dll.so
[23:27:42]   [51/155] Xamarin.AndroidX.Core.dll -> Xamarin.AndroidX.Core.dll.so
[23:27:43]   [52/155] Xamarin.AndroidX.CoordinatorLayout.dll -> Xamarin.AndroidX.CoordinatorLayout.dll.so
[23:27:43]   [53/155] Xamarin.AndroidX.CursorAdapter.dll -> Xamarin.AndroidX.CursorAdapter.dll.so
[23:27:43]   [54/155] Xamarin.AndroidX.CustomView.dll -> Xamarin.AndroidX.CustomView.dll.so
[23:27:44]   [55/155] Xamarin.AndroidX.DrawerLayout.dll -> Xamarin.AndroidX.DrawerLayout.dll.so
[23:27:46]   [56/155] Xamarin.AndroidX.Fragment.dll -> Xamarin.AndroidX.Fragment.dll.so
[23:27:46]   [57/155] Xamarin.AndroidX.Lifecycle.LiveData.Core.dll -> Xamarin.AndroidX.Lifecycle.LiveData.Core.dll.so
[23:27:46]   [58/155] Xamarin.AndroidX.Lifecycle.Common.Jvm.dll -> Xamarin.AndroidX.Lifecycle.Common.Jvm.dll.so
[23:27:46]   [59/155] Xamarin.AndroidX.Lifecycle.ViewModel.Android.dll -> Xamarin.AndroidX.Lifecycle.ViewModel.Android.dll.so
[23:27:46]   [60/155] Xamarin.AndroidX.Lifecycle.ViewModelSavedState.dll -> Xamarin.AndroidX.Lifecycle.ViewModelSavedState.dll.so
[23:27:46]   [61/155] Xamarin.AndroidX.Loader.dll -> Xamarin.AndroidX.Loader.dll.so
[23:27:46]   [62/155] Xamarin.AndroidX.Navigation.Common.dll -> Xamarin.AndroidX.Navigation.Common.dll.so
[23:27:47]   [63/155] Xamarin.AndroidX.Navigation.Fragment.dll -> Xamarin.AndroidX.Navigation.Fragment.dll.so
[23:27:47]   [64/155] Xamarin.AndroidX.Navigation.Runtime.dll -> Xamarin.AndroidX.Navigation.Runtime.dll.so
[23:27:47]   [65/155] Xamarin.AndroidX.Navigation.UI.dll -> Xamarin.AndroidX.Navigation.UI.dll.so
[23:27:47]   [66/155] Xamarin.AndroidX.RecyclerView.dll -> Xamarin.AndroidX.RecyclerView.dll.so
[23:27:48]   [67/155] Xamarin.AndroidX.SavedState.dll -> Xamarin.AndroidX.SavedState.dll.so
[23:27:51]   [68/155] Xamarin.AndroidX.SwipeRefreshLayout.dll -> Xamarin.AndroidX.SwipeRefreshLayout.dll.so
[23:27:52]   [69/155] Xamarin.AndroidX.Security.SecurityCrypto.dll -> Xamarin.AndroidX.Security.SecurityCrypto.dll.so
[23:27:52]   [70/155] Xamarin.AndroidX.VersionedParcelable.dll -> Xamarin.AndroidX.VersionedParcelable.dll.so
[23:27:52]   [71/155] Xamarin.AndroidX.ViewPager.dll -> Xamarin.AndroidX.ViewPager.dll.so
[23:27:52]   [72/155] Xamarin.AndroidX.ViewPager2.dll -> Xamarin.AndroidX.ViewPager2.dll.so
[23:27:52]   [73/155] Xamarin.Google.Android.ODML.Image.dll -> Xamarin.Google.Android.ODML.Image.dll.so
[23:27:53]   [74/155] Xamarin.Google.Crypto.Tink.Android.dll -> Xamarin.Google.Crypto.Tink.Android.dll.so
[23:27:53]   [75/155] Xamarin.Google.Android.Material.dll -> Xamarin.Google.Android.Material.dll.so
[23:27:53]   [76/155] Xamarin.Google.Guava.ListenableFuture.dll -> Xamarin.Google.Guava.ListenableFuture.dll.so
[23:27:53]   [77/155] Xamarin.Google.MLKit.Common.dll -> Xamarin.Google.MLKit.Common.dll.so
[23:27:53]   [78/155] Xamarin.Google.MLKit.Vision.Common.dll -> Xamarin.Google.MLKit.Vision.Common.dll.so
[23:27:57]   [79/155] Xamarin.Google.MLKit.Vision.Interfaces.dll -> Xamarin.Google.MLKit.Vision.Interfaces.dll.so
[23:27:58]   [80/155] Xamarin.GooglePlayServices.Base.dll -> Xamarin.GooglePlayServices.Base.dll.so
[23:27:58]   [81/155] Xamarin.GooglePlayServices.Basement.dll -> Xamarin.GooglePlayServices.Basement.dll.so
[23:27:58]   [82/155] Xamarin.GooglePlayServices.Location.dll -> Xamarin.GooglePlayServices.Location.dll.so
[23:27:58]   [83/155] Xamarin.GooglePlayServices.MLKit.Text.Recognition.dll -> Xamarin.GooglePlayServices.MLKit.Text.Recognition.dll.so
[23:27:58]   [84/155] Xamarin.GooglePlayServices.MLKit.Text.Recognition.Common.dll -> Xamarin.GooglePlayServices.MLKit.Text.Recognition.Common.dll.so
[23:27:58]   [85/155] Xamarin.Kotlin.StdLib.dll -> Xamarin.Kotlin.StdLib.dll.so
[23:27:59]   [86/155] Xamarin.GooglePlayServices.Tasks.dll -> Xamarin.GooglePlayServices.Tasks.dll.so
[23:27:59]   [87/155] Xamarin.KotlinX.Coroutines.Core.Jvm.dll -> Xamarin.KotlinX.Coroutines.Core.Jvm.dll.so
[23:27:59]   [88/155] Xamarin.KotlinX.Serialization.Core.Jvm.dll -> Xamarin.KotlinX.Serialization.Core.Jvm.dll.so
[23:27:59]   [89/155] zxing.dll -> zxing.dll.so
[23:28:01]   [90/155] ZXing.Net.MAUI.dll -> ZXing.Net.MAUI.dll.so
[23:28:03]   [91/155] ZXing.Net.MAUI.Controls.dll -> ZXing.Net.MAUI.Controls.dll.so
[23:28:03]   [92/155] System.Collections.Immutable.dll -> System.Collections.Immutable.dll.so
[23:28:03]   [93/155] Microsoft.Win32.Primitives.dll -> Microsoft.Win32.Primitives.dll.so
[23:28:03]   [94/155] System.Collections.Concurrent.dll -> System.Collections.Concurrent.dll.so
[23:28:03]   [95/155] System.Collections.NonGeneric.dll -> System.Collections.NonGeneric.dll.so
[23:28:03]   [96/155] System.Collections.Specialized.dll -> System.Collections.Specialized.dll.so
[23:28:04]   [97/155] System.Collections.dll -> System.Collections.dll.so
[23:28:04]   [98/155] System.ComponentModel.Primitives.dll -> System.ComponentModel.Primitives.dll.so
[23:28:04]   [99/155] System.ComponentModel.Annotations.dll -> System.ComponentModel.Annotations.dll.so
[23:28:04]   [100/155] System.ComponentModel.TypeConverter.dll -> System.ComponentModel.TypeConverter.dll.so
[23:28:04]   [101/155] System.ComponentModel.dll -> System.ComponentModel.dll.so
[23:28:08]   [102/155] System.Console.dll -> System.Console.dll.so
[23:28:09]   [103/155] System.Diagnostics.DiagnosticSource.dll -> System.Diagnostics.DiagnosticSource.dll.so
[23:28:09]   [104/155] System.Diagnostics.TraceSource.dll -> System.Diagnostics.TraceSource.dll.so
[23:28:09]   [105/155] System.Data.Common.dll -> System.Data.Common.dll.so
[23:28:09]   [106/155] System.Drawing.Primitives.dll -> System.Drawing.Primitives.dll.so
[23:28:09]   [107/155] System.Drawing.dll -> System.Drawing.dll.so
[23:28:09]   [108/155] System.Formats.Asn1.dll -> System.Formats.Asn1.dll.so
[23:28:09]   [109/155] System.IO.Compression.dll -> System.IO.Compression.dll.so
[23:28:09]   [110/155] System.IO.Pipelines.dll -> System.IO.Pipelines.dll.so
[23:28:10]   [111/155] System.IO.Compression.Brotli.dll -> System.IO.Compression.Brotli.dll.so
[23:28:10]   [112/155] System.Memory.dll -> System.Memory.dll.so
[23:28:13]   [113/155] System.Linq.dll -> System.Linq.dll.so
[23:28:15]   [114/155] System.Linq.Expressions.dll -> System.Linq.Expressions.dll.so
[23:28:15]   [115/155] System.Net.Http.Json.dll -> System.Net.Http.Json.dll.so
[23:28:15]   [116/155] System.Net.NameResolution.dll -> System.Net.NameResolution.dll.so
[23:28:15]   [117/155] System.Net.NetworkInformation.dll -> System.Net.NetworkInformation.dll.so
[23:28:15]   [118/155] System.Net.Primitives.dll -> System.Net.Primitives.dll.so
[23:28:15]   [119/155] System.Net.Http.dll -> System.Net.Http.dll.so
[23:28:15]   [120/155] System.Net.Requests.dll -> System.Net.Requests.dll.so
[23:28:15]   [121/155] System.Net.Security.dll -> System.Net.Security.dll.so
[23:28:15]   [122/155] System.Net.WebSockets.dll -> System.Net.WebSockets.dll.so
[23:28:15]   [123/155] System.Net.Sockets.dll -> System.Net.Sockets.dll.so
[23:28:15]   [124/155] System.Numerics.Vectors.dll -> System.Numerics.Vectors.dll.so
[23:28:15]   [125/155] System.ObjectModel.dll -> System.ObjectModel.dll.so
[23:28:15]   [126/155] System.Private.Xml.Linq.dll -> System.Private.Xml.Linq.dll.so
[23:28:15]   [127/155] System.Reflection.Metadata.dll -> System.Reflection.Metadata.dll.so
[23:28:15]   [128/155] System.Private.Uri.dll -> System.Private.Uri.dll.so
[23:28:15]   [129/155] System.Private.Xml.dll -> System.Private.Xml.dll.so
[23:28:15]   [130/155] System.Runtime.InteropServices.dll -> System.Runtime.InteropServices.dll.so
[23:28:15]   [131/155] System.Runtime.Numerics.dll -> System.Runtime.Numerics.dll.so
[23:28:15]   [132/155] System.Runtime.Loader.dll -> System.Runtime.Loader.dll.so
[23:28:15]   [133/155] System.Security.Claims.dll -> System.Security.Claims.dll.so
[23:28:15]   [134/155] System.Runtime.Serialization.Formatters.dll -> System.Runtime.Serialization.Formatters.dll.so
[23:28:15]   [135/155] System.Runtime.dll -> System.Runtime.dll.so
[23:28:15]   [136/155] System.Security.Cryptography.dll -> System.Security.Cryptography.dll.so
[23:28:15]   [137/155] System.Security.Cryptography.X509Certificates.dll -> System.Security.Cryptography.X509Certificates.dll.so
[23:28:15]   [138/155] System.Text.Encoding.CodePages.dll -> System.Text.Encoding.CodePages.dll.so
[23:28:15]   [139/155] System.Text.RegularExpressions.dll -> System.Text.RegularExpressions.dll.so
[23:28:15]   [140/155] System.Text.Encodings.Web.dll -> System.Text.Encodings.Web.dll.so
[23:28:15]   [141/155] System.Text.Json.dll -> System.Text.Json.dll.so
[23:28:15]   [142/155] System.Threading.Thread.dll -> System.Threading.Thread.dll.so
[23:28:15]   [143/155] System.Threading.dll -> System.Threading.dll.so
[23:28:15]   [144/155] System.Threading.Channels.dll -> System.Threading.Channels.dll.so
[23:28:15]   [145/155] System.Xml.Linq.dll -> System.Xml.Linq.dll.so
[23:28:15]   [146/155] System.Xml.ReaderWriter.dll -> System.Xml.ReaderWriter.dll.so
[23:28:15]   [147/155] System.Web.HttpUtility.dll -> System.Web.HttpUtility.dll.so
[23:28:15]   [148/155] System.Xml.XDocument.dll -> System.Xml.XDocument.dll.so
[23:28:15]   [149/155] System.dll -> System.dll.so
[23:28:15]   [150/155] mscorlib.dll -> mscorlib.dll.so
[23:28:15]   [151/155] Mono.Android.Runtime.dll -> Mono.Android.Runtime.dll.so
[23:28:15]   [152/155] Java.Interop.dll -> Java.Interop.dll.so
[23:28:15]   [153/155] Mono.Android.dll -> Mono.Android.dll.so
[23:28:22]   [154/155] System.Private.CoreLib.dll -> System.Private.CoreLib.dll.so
[23:28:25]   [155/155] EasyManagerApp.dll -> EasyManagerApp.dll.so
[23:28:27]   [4/155] EasyManagerApp.dll -> EasyManagerApp.dll.so
[23:28:28]   [5/155] CommunityToolkit.Maui.dll -> CommunityToolkit.Maui.dll.so
[23:28:30]   [6/155] CommunityToolkit.Maui.Camera.dll -> CommunityToolkit.Maui.Camera.dll.so
[23:28:30]   [7/155] CommunityToolkit.Maui.Core.dll -> CommunityToolkit.Maui.Core.dll.so
[23:28:30]   [8/155] CommunityToolkit.Mvvm.dll -> CommunityToolkit.Mvvm.dll.so
[23:28:31]   [9/155] Microsoft.AspNetCore.Http.Features.dll -> Microsoft.AspNetCore.Http.Features.dll.so
[23:28:31]   [10/155] Microsoft.Extensions.Configuration.dll -> Microsoft.Extensions.Configuration.dll.so
[23:28:31]   [11/155] Microsoft.Extensions.Configuration.Abstractions.dll -> Microsoft.Extensions.Configuration.Abstractions.dll.so
[23:28:32]   [12/155] Microsoft.Extensions.Configuration.Binder.dll -> Microsoft.Extensions.Configuration.Binder.dll.so
[23:28:32]   [13/155] Microsoft.Extensions.Configuration.Json.dll -> Microsoft.Extensions.Configuration.Json.dll.so
[23:28:32]   [14/155] Microsoft.Extensions.DependencyInjection.dll -> Microsoft.Extensions.DependencyInjection.dll.so
[23:28:33]   [15/155] Microsoft.Extensions.DependencyInjection.Abstractions.dll -> Microsoft.Extensions.DependencyInjection.Abstractions.dll.so
[23:28:34]   [16/155] Microsoft.Extensions.Diagnostics.dll -> Microsoft.Extensions.Diagnostics.dll.so
[23:28:34]   [17/155] Microsoft.Extensions.Diagnostics.Abstractions.dll -> Microsoft.Extensions.Diagnostics.Abstractions.dll.so
[23:28:34]   [18/155] Microsoft.Extensions.Http.dll -> Microsoft.Extensions.Http.dll.so
[23:28:35]   [19/155] Microsoft.Extensions.Logging.dll -> Microsoft.Extensions.Logging.dll.so
[23:28:35]   [20/155] Microsoft.Extensions.Logging.Abstractions.dll -> Microsoft.Extensions.Logging.Abstractions.dll.so
[23:28:35]   [21/155] Microsoft.Extensions.Options.dll -> Microsoft.Extensions.Options.dll.so
[23:28:36]   [22/155] Microsoft.Extensions.Primitives.dll -> Microsoft.Extensions.Primitives.dll.so
[23:28:36]   [23/155] Microsoft.IdentityModel.Abstractions.dll -> Microsoft.IdentityModel.Abstractions.dll.so
[23:28:36]   [24/155] Microsoft.IdentityModel.JsonWebTokens.dll -> Microsoft.IdentityModel.JsonWebTokens.dll.so
[23:28:37]   [25/155] Microsoft.IdentityModel.Logging.dll -> Microsoft.IdentityModel.Logging.dll.so
[23:28:37]   [26/155] Microsoft.IdentityModel.Tokens.dll -> Microsoft.IdentityModel.Tokens.dll.so
[23:28:41]   [27/155] Microsoft.Maui.Controls.dll -> Microsoft.Maui.Controls.dll.so
[23:28:41]   [28/155] Microsoft.Maui.Controls.Xaml.dll -> Microsoft.Maui.Controls.Xaml.dll.so
[23:28:43]   [29/155] Microsoft.Maui.dll -> Microsoft.Maui.dll.so
[23:28:44]   [30/155] Microsoft.Maui.Essentials.dll -> Microsoft.Maui.Essentials.dll.so
[23:28:44]   [31/155] Microsoft.Maui.Graphics.dll -> Microsoft.Maui.Graphics.dll.so
[23:28:45]   [32/155] Microsoft.Win32.SystemEvents.dll -> Microsoft.Win32.SystemEvents.dll.so
[23:28:45]   [33/155] Plugin.LocalNotification.dll -> Plugin.LocalNotification.dll.so
[23:28:46]   [34/155] Plugin.Maui.OCR.dll -> Plugin.Maui.OCR.dll.so
[23:28:47]   [35/155] Syncfusion.Maui.Toolkit.dll -> Syncfusion.Maui.Toolkit.dll.so
[23:28:47]   [36/155] Syncfusion.Maui.Toolkit.resources.dll -> Syncfusion.Maui.Toolkit.resources.dll.so
[23:28:48]   [37/155] System.Drawing.Common.dll -> System.Drawing.Common.dll.so
[23:28:49]   [38/155] System.Private.Windows.Core.dll -> System.Private.Windows.Core.dll.so
[23:28:49]   [39/155] System.Private.Windows.GdiPlus.dll -> System.Private.Windows.GdiPlus.dll.so
[23:28:49]   [40/155] System.Formats.Nrbf.dll -> System.Formats.Nrbf.dll.so
[23:28:50]   [41/155] System.IdentityModel.Tokens.Jwt.dll -> System.IdentityModel.Tokens.Jwt.dll.so
[23:28:50]   [42/155] Xamarin.AndroidX.Activity.dll -> Xamarin.AndroidX.Activity.dll.so
[23:28:50]   [43/155] Xamarin.AndroidX.AppCompat.dll -> Xamarin.AndroidX.AppCompat.dll.so
[23:28:51]   [44/155] Xamarin.AndroidX.AppCompat.AppCompatResources.dll -> Xamarin.AndroidX.AppCompat.AppCompatResources.dll.so
[23:28:51]   [45/155] Xamarin.AndroidX.Camera.Camera2.dll -> Xamarin.AndroidX.Camera.Camera2.dll.so
[23:28:52]   [46/155] Xamarin.AndroidX.Camera.Core.dll -> Xamarin.AndroidX.Camera.Core.dll.so
[23:28:52]   [47/155] Xamarin.AndroidX.Camera.Lifecycle.dll -> Xamarin.AndroidX.Camera.Lifecycle.dll.so
[23:28:52]   [48/155] Xamarin.AndroidX.Camera.Video.dll -> Xamarin.AndroidX.Camera.Video.dll.so
[23:28:52]   [49/155] Xamarin.AndroidX.Camera.View.dll -> Xamarin.AndroidX.Camera.View.dll.so
[23:28:53]   [50/155] Xamarin.AndroidX.CardView.dll -> Xamarin.AndroidX.CardView.dll.so
[23:28:53]   [51/155] Xamarin.AndroidX.Collection.Jvm.dll -> Xamarin.AndroidX.Collection.Jvm.dll.so
[23:28:53]   [52/155] Xamarin.AndroidX.CoordinatorLayout.dll -> Xamarin.AndroidX.CoordinatorLayout.dll.so
[23:28:54]   [53/155] Xamarin.AndroidX.Core.dll -> Xamarin.AndroidX.Core.dll.so
[23:28:54]   [54/155] Xamarin.AndroidX.CursorAdapter.dll -> Xamarin.AndroidX.CursorAdapter.dll.so
[23:28:54]   [55/155] Xamarin.AndroidX.CustomView.dll -> Xamarin.AndroidX.CustomView.dll.so
[23:28:55]   [56/155] Xamarin.AndroidX.DrawerLayout.dll -> Xamarin.AndroidX.DrawerLayout.dll.so
[23:28:55]   [57/155] Xamarin.AndroidX.Fragment.dll -> Xamarin.AndroidX.Fragment.dll.so
[23:28:55]   [58/155] Xamarin.AndroidX.Lifecycle.Common.Jvm.dll -> Xamarin.AndroidX.Lifecycle.Common.Jvm.dll.so
[23:28:56]   [59/155] Xamarin.AndroidX.Lifecycle.LiveData.Core.dll -> Xamarin.AndroidX.Lifecycle.LiveData.Core.dll.so
[23:28:56]   [60/155] Xamarin.AndroidX.Lifecycle.ViewModel.Android.dll -> Xamarin.AndroidX.Lifecycle.ViewModel.Android.dll.so
[23:28:56]   [61/155] Xamarin.AndroidX.Lifecycle.ViewModelSavedState.dll -> Xamarin.AndroidX.Lifecycle.ViewModelSavedState.dll.so
[23:28:57]   [62/155] Xamarin.AndroidX.Loader.dll -> Xamarin.AndroidX.Loader.dll.so
[23:28:57]   [63/155] Xamarin.AndroidX.Navigation.Common.dll -> Xamarin.AndroidX.Navigation.Common.dll.so
[23:28:57]   [64/155] Xamarin.AndroidX.Navigation.Fragment.dll -> Xamarin.AndroidX.Navigation.Fragment.dll.so
[23:28:58]   [65/155] Xamarin.AndroidX.Navigation.Runtime.dll -> Xamarin.AndroidX.Navigation.Runtime.dll.so
[23:28:58]   [66/155] Xamarin.AndroidX.Navigation.UI.dll -> Xamarin.AndroidX.Navigation.UI.dll.so
[23:28:58]   [67/155] Xamarin.AndroidX.RecyclerView.dll -> Xamarin.AndroidX.RecyclerView.dll.so
[23:28:58]   [68/155] Xamarin.AndroidX.SavedState.dll -> Xamarin.AndroidX.SavedState.dll.so
[23:28:59]   [69/155] Xamarin.AndroidX.Security.SecurityCrypto.dll -> Xamarin.AndroidX.Security.SecurityCrypto.dll.so
[23:28:59]   [70/155] Xamarin.AndroidX.SwipeRefreshLayout.dll -> Xamarin.AndroidX.SwipeRefreshLayout.dll.so
[23:28:59]   [71/155] Xamarin.AndroidX.VersionedParcelable.dll -> Xamarin.AndroidX.VersionedParcelable.dll.so
[23:29:00]   [72/155] Xamarin.AndroidX.ViewPager.dll -> Xamarin.AndroidX.ViewPager.dll.so
[23:29:00]   [73/155] Xamarin.AndroidX.ViewPager2.dll -> Xamarin.AndroidX.ViewPager2.dll.so
[23:29:00]   [74/155] Xamarin.Google.Android.Material.dll -> Xamarin.Google.Android.Material.dll.so
[23:29:01]   [75/155] Xamarin.Google.Android.ODML.Image.dll -> Xamarin.Google.Android.ODML.Image.dll.so
[23:29:01]   [76/155] Xamarin.Google.Crypto.Tink.Android.dll -> Xamarin.Google.Crypto.Tink.Android.dll.so
[23:29:02]   [77/155] Xamarin.Google.Guava.ListenableFuture.dll -> Xamarin.Google.Guava.ListenableFuture.dll.so
[23:29:02]   [78/155] Xamarin.Google.MLKit.Common.dll -> Xamarin.Google.MLKit.Common.dll.so
[23:29:02]   [79/155] Xamarin.Google.MLKit.Vision.Common.dll -> Xamarin.Google.MLKit.Vision.Common.dll.so
[23:29:02]   [80/155] Xamarin.Google.MLKit.Vision.Interfaces.dll -> Xamarin.Google.MLKit.Vision.Interfaces.dll.so
[23:29:03]   [81/155] Xamarin.GooglePlayServices.Base.dll -> Xamarin.GooglePlayServices.Base.dll.so
[23:29:03]   [82/155] Xamarin.GooglePlayServices.Basement.dll -> Xamarin.GooglePlayServices.Basement.dll.so
[23:29:04]   [83/155] Xamarin.GooglePlayServices.Location.dll -> Xamarin.GooglePlayServices.Location.dll.so
[23:29:04]   [84/155] Xamarin.GooglePlayServices.MLKit.Text.Recognition.dll -> Xamarin.GooglePlayServices.MLKit.Text.Recognition.dll.so
[23:29:04]   [85/155] Xamarin.GooglePlayServices.MLKit.Text.Recognition.Common.dll -> Xamarin.GooglePlayServices.MLKit.Text.Recognition.Common.dll.so
[23:29:05]   [86/155] Xamarin.GooglePlayServices.Tasks.dll -> Xamarin.GooglePlayServices.Tasks.dll.so
[23:29:05]   [87/155] Xamarin.Kotlin.StdLib.dll -> Xamarin.Kotlin.StdLib.dll.so
[23:29:05]   [88/155] Xamarin.KotlinX.Coroutines.Core.Jvm.dll -> Xamarin.KotlinX.Coroutines.Core.Jvm.dll.so
[23:29:06]   [89/155] Xamarin.KotlinX.Serialization.Core.Jvm.dll -> Xamarin.KotlinX.Serialization.Core.Jvm.dll.so
[23:29:06]   [90/155] zxing.dll -> zxing.dll.so
[23:29:07]   [91/155] ZXing.Net.MAUI.dll -> ZXing.Net.MAUI.dll.so
[23:29:07]   [92/155] ZXing.Net.MAUI.Controls.dll -> ZXing.Net.MAUI.Controls.dll.so
[23:29:07]   [93/155] Microsoft.Win32.Primitives.dll -> Microsoft.Win32.Primitives.dll.so
[23:29:08]   [94/155] System.Collections.Concurrent.dll -> System.Collections.Concurrent.dll.so
[23:29:08]   [95/155] System.Collections.Immutable.dll -> System.Collections.Immutable.dll.so
[23:29:08]   [96/155] System.Collections.NonGeneric.dll -> System.Collections.NonGeneric.dll.so
[23:29:09]   [97/155] System.Collections.Specialized.dll -> System.Collections.Specialized.dll.so
[23:29:09]   [98/155] System.Collections.dll -> System.Collections.dll.so
[23:29:09]   [99/155] System.ComponentModel.Annotations.dll -> System.ComponentModel.Annotations.dll.so
[23:29:09]   [100/155] System.ComponentModel.Primitives.dll -> System.ComponentModel.Primitives.dll.so
[23:29:10]   [101/155] System.ComponentModel.TypeConverter.dll -> System.ComponentModel.TypeConverter.dll.so
[23:29:10]   [102/155] System.ComponentModel.dll -> System.ComponentModel.dll.so
[23:29:10]   [103/155] System.Console.dll -> System.Console.dll.so
[23:29:11]   [104/155] System.Data.Common.dll -> System.Data.Common.dll.so
[23:29:11]   [105/155] System.Diagnostics.DiagnosticSource.dll -> System.Diagnostics.DiagnosticSource.dll.so
[23:29:11]   [106/155] System.Diagnostics.TraceSource.dll -> System.Diagnostics.TraceSource.dll.so
[23:29:12]   [107/155] System.Drawing.Primitives.dll -> System.Drawing.Primitives.dll.so
[23:29:12]   [108/155] System.Drawing.dll -> System.Drawing.dll.so
[23:29:12]   [109/155] System.Formats.Asn1.dll -> System.Formats.Asn1.dll.so
[23:29:13]   [110/155] System.IO.Compression.Brotli.dll -> System.IO.Compression.Brotli.dll.so
[23:29:13]   [111/155] System.IO.Compression.dll -> System.IO.Compression.dll.so
[23:29:13]   [112/155] System.IO.Pipelines.dll -> System.IO.Pipelines.dll.so
[23:29:14]   [113/155] System.Linq.Expressions.dll -> System.Linq.Expressions.dll.so
[23:29:15]   [114/155] System.Linq.dll -> System.Linq.dll.so
[23:29:15]   [115/155] System.Memory.dll -> System.Memory.dll.so
[23:29:16]   [116/155] System.Net.Http.Json.dll -> System.Net.Http.Json.dll.so
[23:29:17]   [117/155] System.Net.Http.dll -> System.Net.Http.dll.so
[23:29:17]   [118/155] System.Net.NameResolution.dll -> System.Net.NameResolution.dll.so
[23:29:17]   [119/155] System.Net.NetworkInformation.dll -> System.Net.NetworkInformation.dll.so
[23:29:18]   [120/155] System.Net.Primitives.dll -> System.Net.Primitives.dll.so
[23:29:18]   [121/155] System.Net.Requests.dll -> System.Net.Requests.dll.so
[23:29:18]   [122/155] System.Net.Security.dll -> System.Net.Security.dll.so
[23:29:18]   [123/155] System.Net.Sockets.dll -> System.Net.Sockets.dll.so
[23:29:19]   [124/155] System.Net.WebSockets.dll -> System.Net.WebSockets.dll.so
[23:29:19]   [125/155] System.Numerics.Vectors.dll -> System.Numerics.Vectors.dll.so
[23:29:19]   [126/155] System.ObjectModel.dll -> System.ObjectModel.dll.so
[23:29:20]   [127/155] System.Private.Uri.dll -> System.Private.Uri.dll.so
[23:29:20]   [128/155] System.Private.Xml.Linq.dll -> System.Private.Xml.Linq.dll.so
[23:29:21]   [129/155] System.Private.Xml.dll -> System.Private.Xml.dll.so
[23:29:21]   [130/155] System.Reflection.Metadata.dll -> System.Reflection.Metadata.dll.so
[23:29:21]   [131/155] System.Runtime.InteropServices.dll -> System.Runtime.InteropServices.dll.so
[23:29:21]   [132/155] System.Runtime.Loader.dll -> System.Runtime.Loader.dll.so
[23:29:22]   [133/155] System.Runtime.Numerics.dll -> System.Runtime.Numerics.dll.so
[23:29:22]   [134/155] System.Runtime.Serialization.Formatters.dll -> System.Runtime.Serialization.Formatters.dll.so
[23:29:22]   [135/155] System.Runtime.dll -> System.Runtime.dll.so
[23:29:23]   [136/155] System.Security.Claims.dll -> System.Security.Claims.dll.so
[23:29:23]   [137/155] System.Security.Cryptography.X509Certificates.dll -> System.Security.Cryptography.X509Certificates.dll.so
[23:29:23]   [138/155] System.Security.Cryptography.dll -> System.Security.Cryptography.dll.so
[23:29:23]   [139/155] System.Text.Encoding.CodePages.dll -> System.Text.Encoding.CodePages.dll.so
[23:29:24]   [140/155] System.Text.Encodings.Web.dll -> System.Text.Encodings.Web.dll.so
[23:29:25]   [141/155] System.Text.Json.dll -> System.Text.Json.dll.so
[23:29:26]   [142/155] System.Text.RegularExpressions.dll -> System.Text.RegularExpressions.dll.so
[23:29:26]   [143/155] System.Threading.Channels.dll -> System.Threading.Channels.dll.so
[23:29:26]   [144/155] System.Threading.Thread.dll -> System.Threading.Thread.dll.so
[23:29:27]   [145/155] System.Threading.dll -> System.Threading.dll.so
[23:29:27]   [146/155] System.Web.HttpUtility.dll -> System.Web.HttpUtility.dll.so
[23:29:27]   [147/155] System.Xml.Linq.dll -> System.Xml.Linq.dll.so
[23:29:27]   [148/155] System.Xml.ReaderWriter.dll -> System.Xml.ReaderWriter.dll.so
[23:29:28]   [149/155] System.Xml.XDocument.dll -> System.Xml.XDocument.dll.so
[23:29:28]   [150/155] System.dll -> System.dll.so
[23:29:28]   [151/155] mscorlib.dll -> mscorlib.dll.so
[23:29:29]   [152/155] Java.Interop.dll -> Java.Interop.dll.so
[23:29:29]   [153/155] Mono.Android.Runtime.dll -> Mono.Android.Runtime.dll.so
[23:29:31]   [154/155] Mono.Android.dll -> Mono.Android.dll.so
[23:29:36]   [155/155] System.Private.CoreLib.dll -> System.Private.CoreLib.dll.so
[23:30:00] obj\Release\net9.0-android\lp\263\jl\jni\arm64-v8a\libmlkit_google_ocr_pipeline.so : warning XA4301: O APK já contém o item lib/arm64-v8a/libmlkit_google_ocr_pipeline.so. Ignorando. [C:\Users\PEDRO\Desktop\EasyPRO\EasyManagerApp\EasyManagerApp\EasyManagerApp.csproj::TargetFramework=net9.0-android]
[23:30:00] obj\Release\net9.0-android\lp\263\jl\jni\x86_64\libmlkit_google_ocr_pipeline.so : warning XA4301: O APK já contém o item lib/x86_64/libmlkit_google_ocr_pipeline.so. Ignorando. [C:\Users\PEDRO\Desktop\EasyPRO\EasyManagerApp\EasyManagerApp\EasyManagerApp.csproj::TargetFramework=net9.0-android]
[23:30:00] obj\Release\net9.0-android\lp\263\jl\jni\arm64-v8a\libmlkit_google_ocr_pipeline.so : warning XA4301: O APK já contém o item lib/arm64-v8a/libmlkit_google_ocr_pipeline.so. Ignorando. [C:\Users\PEDRO\Desktop\EasyPRO\EasyManagerApp\EasyManagerApp\EasyManagerApp.csproj::TargetFramework=net9.0-android]
[23:30:00] obj\Release\net9.0-android\lp\263\jl\jni\x86_64\libmlkit_google_ocr_pipeline.so : warning XA4301: O APK já contém o item lib/x86_64/libmlkit_google_ocr_pipeline.so. Ignorando. [C:\Users\PEDRO\Desktop\EasyPRO\EasyManagerApp\EasyManagerApp\EasyManagerApp.csproj::TargetFramework=net9.0-android]
