[11:24:19] dotnet publish C:\Users\PEDRO\Desktop\EasyPRO\EasyLoginBase\EasyLoginBase\EasyLoginBase.csproj -c Release -f net9.0 -o C:\Users\PEDRO\Desktop\EasyPRO\EasyBuilderRelease\COMERCIO_FACIL_RELEASE_2026-06-12_111736\03_API --nologo --verbosity minimal /m
[11:24:20]   Determinando os projetos a serem restaurados...
[11:24:21]   Todos os projetos estão atualizados para restauração.
[11:24:25]   EasyLoginBase.Domain -> C:\Users\PEDRO\Desktop\EasyPRO\EasyLoginBase\EasyLoginBase.Domain\bin\Release\net9.0\EasyLoginBase.Domain.dll
[11:24:28]   EasyLoginBase.InfrastructureData.Dapper -> C:\Users\PEDRO\Desktop\EasyPRO\EasyLoginBase\EasyLoginBase.InfrastructureData.Dapper\bin\Release\net9.0\EasyLoginBase.InfrastructureData.Dapper.dll
[11:24:42]   EasyLoginBase.Application -> C:\Users\PEDRO\Desktop\EasyPRO\EasyLoginBase\EasyLoginBase.Application\bin\Release\net9.0\EasyLoginBase.Application.dll
[11:24:49]   EasyLoginBase.InfrastructureData -> C:\Users\PEDRO\Desktop\EasyPRO\EasyLoginBase\EasyLoginBase.InfrastructureData\bin\Release\net9.0\EasyLoginBase.InfrastructureData.dll
[11:24:55] C:\Users\PEDRO\Desktop\EasyPRO\EasyLoginBase\EasyLoginBase.Services\Services\Produto\FichaTecnica\FichaTecnicaServices.cs(312,42): warning CS8619: A anulabilidade de tipos de referência no valor do tipo 'RequestResult<FichaTecnicaResponseDto>' não corresponde ao tipo de destino 'RequestResult<FichaTecnicaResponseDto?>'. [C:\Users\PEDRO\Desktop\EasyPRO\EasyLoginBase\EasyLoginBase.Services\EasyLoginBase.Services.csproj]
[11:24:55] C:\Users\PEDRO\Desktop\EasyPRO\EasyLoginBase\EasyLoginBase.Services\Services\Produto\FichaTecnica\FichaTecnicaServices.cs(334,39): warning CS8619: A anulabilidade de tipos de referência no valor do tipo 'RequestResult<FichaTecnicaResponseDto>' não corresponde ao tipo de destino 'RequestResult<FichaTecnicaResponseDto?>'. [C:\Users\PEDRO\Desktop\EasyPRO\EasyLoginBase\EasyLoginBase.Services\EasyLoginBase.Services.csproj]
[11:24:55] C:\Users\PEDRO\Desktop\EasyPRO\EasyLoginBase\EasyLoginBase.Services\Services\Produto\FichaTecnica\FichaTecnicaServices.cs(353,20): warning CS8619: A anulabilidade de tipos de referência no valor do tipo 'RequestResult<FichaTecnicaResponseDto?>' não corresponde ao tipo de destino 'RequestResult<FichaTecnicaResponseDto>'. [C:\Users\PEDRO\Desktop\EasyPRO\EasyLoginBase\EasyLoginBase.Services\EasyLoginBase.Services.csproj]
[11:24:55] C:\Users\PEDRO\Desktop\EasyPRO\EasyLoginBase\EasyLoginBase.Services\Services\Produto\FichaTecnica\FichaTecnicaServices.cs(374,20): warning CS8619: A anulabilidade de tipos de referência no valor do tipo 'RequestResult<FichaTecnicaResponseDto?>' não corresponde ao tipo de destino 'RequestResult<FichaTecnicaResponseDto>'. [C:\Users\PEDRO\Desktop\EasyPRO\EasyLoginBase\EasyLoginBase.Services\EasyLoginBase.Services.csproj]
[11:24:55] C:\Users\PEDRO\Desktop\EasyPRO\EasyLoginBase\EasyLoginBase.Services\Services\Produto\FichaTecnica\FichaTecnicaServices.cs(395,20): warning CS8619: A anulabilidade de tipos de referência no valor do tipo 'RequestResult<FichaTecnicaResponseDto?>' não corresponde ao tipo de destino 'RequestResult<FichaTecnicaResponseDto>'. [C:\Users\PEDRO\Desktop\EasyPRO\EasyLoginBase\EasyLoginBase.Services\EasyLoginBase.Services.csproj]
[11:24:55] C:\Users\PEDRO\Desktop\EasyPRO\EasyLoginBase\EasyLoginBase.Services\Services\Produto\FichaTecnica\FichaTecnicaServices.cs(416,20): warning CS8619: A anulabilidade de tipos de referência no valor do tipo 'RequestResult<FichaTecnicaResponseDto?>' não corresponde ao tipo de destino 'RequestResult<FichaTecnicaResponseDto>'. [C:\Users\PEDRO\Desktop\EasyPRO\EasyLoginBase\EasyLoginBase.Services\EasyLoginBase.Services.csproj]
[11:24:55] C:\Users\PEDRO\Desktop\EasyPRO\EasyLoginBase\EasyLoginBase.Services\Services\Produto\FichaTecnica\FichaTecnicaServices.cs(454,20): warning CS8619: A anulabilidade de tipos de referência no valor do tipo 'RequestResult<FichaTecnicaResponseDto?>' não corresponde ao tipo de destino 'RequestResult<FichaTecnicaResponseDto>'. [C:\Users\PEDRO\Desktop\EasyPRO\EasyLoginBase\EasyLoginBase.Services\EasyLoginBase.Services.csproj]
[11:24:55] C:\Users\PEDRO\Desktop\EasyPRO\EasyLoginBase\EasyLoginBase.Services\Services\Produto\FichaTecnica\FichaTecnicaServices.cs(475,20): warning CS8619: A anulabilidade de tipos de referência no valor do tipo 'RequestResult<FichaTecnicaResponseDto?>' não corresponde ao tipo de destino 'RequestResult<FichaTecnicaResponseDto>'. [C:\Users\PEDRO\Desktop\EasyPRO\EasyLoginBase\EasyLoginBase.Services\EasyLoginBase.Services.csproj]
[11:24:55] C:\Users\PEDRO\Desktop\EasyPRO\EasyLoginBase\EasyLoginBase.Services\Services\Produto\FichaTecnica\FichaTecnicaServices.cs(496,20): warning CS8619: A anulabilidade de tipos de referência no valor do tipo 'RequestResult<FichaTecnicaResponseDto?>' não corresponde ao tipo de destino 'RequestResult<FichaTecnicaResponseDto>'. [C:\Users\PEDRO\Desktop\EasyPRO\EasyLoginBase\EasyLoginBase.Services\EasyLoginBase.Services.csproj]
[11:24:55] C:\Users\PEDRO\Desktop\EasyPRO\EasyLoginBase\EasyLoginBase.Services\Services\Produto\FichaTecnica\FichaTecnicaServices.cs(534,20): warning CS8619: A anulabilidade de tipos de referência no valor do tipo 'RequestResult<FichaTecnicaResponseDto?>' não corresponde ao tipo de destino 'RequestResult<FichaTecnicaResponseDto>'. [C:\Users\PEDRO\Desktop\EasyPRO\EasyLoginBase\EasyLoginBase.Services\EasyLoginBase.Services.csproj]
[11:24:55] C:\Users\PEDRO\Desktop\EasyPRO\EasyLoginBase\EasyLoginBase.Services\Services\Produto\FichaTecnica\FichaTecnicaServices.cs(555,20): warning CS8619: A anulabilidade de tipos de referência no valor do tipo 'RequestResult<FichaTecnicaResponseDto?>' não corresponde ao tipo de destino 'RequestResult<FichaTecnicaResponseDto>'. [C:\Users\PEDRO\Desktop\EasyPRO\EasyLoginBase\EasyLoginBase.Services\EasyLoginBase.Services.csproj]
[11:24:55]   EasyLoginBase.Services -> C:\Users\PEDRO\Desktop\EasyPRO\EasyLoginBase\EasyLoginBase.Services\bin\Release\net9.0\EasyLoginBase.Services.dll
[11:24:56]   EasyLoginBase.Services.Migracao -> C:\Users\PEDRO\Desktop\EasyPRO\EasyLoginBase\EasyLoginBase.Services.Migracao\bin\Release\net9.0\EasyLoginBase.Services.Migracao.dll
[11:24:57]   EasyLoginBase.CrossCutting -> C:\Users\PEDRO\Desktop\EasyPRO\EasyLoginBase\EasyLoginBase.CrossCutting\bin\Release\net9.0\EasyLoginBase.CrossCutting.dll
[11:25:00]   EasyLoginBase -> C:\Users\PEDRO\Desktop\EasyPRO\EasyLoginBase\EasyLoginBase\bin\Release\net9.0\EasyLoginBase.dll
[11:25:01]   EasyLoginBase -> C:\Users\PEDRO\Desktop\EasyPRO\EasyBuilderRelease\COMERCIO_FACIL_RELEASE_2026-06-12_111736\03_API\
