[00:50:10] dotnet publish C:\Users\PEDRO\Desktop\EasyPRO\EasyLoginBase\EasyLoginBase.WebAppBlazor\EasyLoginBase.WebAppBlazor.csproj -c Release -f net9.0 -o C:\Users\PEDRO\Desktop\EasyPRO\EasyBuilderRelease\COMERCIO_FACIL_RELEASE_2026-06-19_004658\05_BlazorWebApp --nologo --verbosity normal /m
[00:50:13] Compilação de 19/06/2026 00:50:13 iniciada.
[00:50:16]      1>Projeto "C:\Users\PEDRO\Desktop\EasyPRO\EasyLoginBase\EasyLoginBase.WebAppBlazor\EasyLoginBase.WebAppBlazor.csproj" no nó 1 (Restore destino(s)).
[00:50:16]      1>_GetAllRestoreProjectPathItems:
[00:50:16]          Determinando os projetos a serem restaurados...
[00:50:18]        Restore:
[00:50:18]          A validação da cadeia de certificados X.509 usará o repositório de confiança padrão selecionado pelo .NET.
[00:50:18]          A validação da cadeia de certificados X.509 usará o repositório de confiança padrão selecionado pelo .NET.
[00:50:18]          O arquivo de ativos não foi alterado. Ignorando gravação de arquivo de ativos. Caminho: C:\Users\PEDRO\Desktop\EasyPRO\EasyLoginBase\EasyLoginBase.Domain\obj\project.assets.json
[00:50:18]          C:\Users\PEDRO\Desktop\EasyPRO\EasyLoginBase\EasyLoginBase.Domain\EasyLoginBase.Domain.csproj restaurado (em 215 ms).
[00:50:19]          O arquivo de ativos não foi alterado. Ignorando gravação de arquivo de ativos. Caminho: C:\Users\PEDRO\Desktop\EasyPRO\EasyLoginBase\EasyLoginBase.Application\obj\project.assets.json
[00:50:19]          C:\Users\PEDRO\Desktop\EasyPRO\EasyLoginBase\EasyLoginBase.Application\EasyLoginBase.Application.csproj restaurado (em 223 ms).
[00:50:19]          O arquivo de ativos não foi alterado. Ignorando gravação de arquivo de ativos. Caminho: C:\Users\PEDRO\Desktop\EasyPRO\EasyLoginBase\EasyLoginBase.WebAppBlazor\obj\project.assets.json
[00:50:20]          C:\Users\PEDRO\Desktop\EasyPRO\EasyLoginBase\EasyLoginBase.WebAppBlazor\EasyLoginBase.WebAppBlazor.csproj restaurado (em 243 ms).
[00:50:20]          
[00:50:20]          Arquivos de configuração NuGet usados:
[00:50:20]              C:\Users\PEDRO\AppData\Roaming\NuGet\NuGet.Config
[00:50:20]              C:\Program Files (x86)\NuGet\Config\Microsoft.VisualStudio.FallbackLocation.config
[00:50:20]              C:\Program Files (x86)\NuGet\Config\Microsoft.VisualStudio.Offline.config
[00:50:20]          
[00:50:20]          Feeds usados:
[00:50:21]              https://api.nuget.org/v3/index.json
[00:50:21]              C:\Program Files (x86)\Microsoft SDKs\NuGetPackages\
[00:50:21]              C:\Program Files\dotnet\library-packs
[00:50:21]          Todos os projetos estão atualizados para restauração.
[00:50:21]      1>Projeto de compilação pronto "C:\Users\PEDRO\Desktop\EasyPRO\EasyLoginBase\EasyLoginBase.WebAppBlazor\EasyLoginBase.WebAppBlazor.csproj" (Restore destino(s)).
[00:50:21] 
[00:50:21] Compilação com êxito.
[00:50:21]     0 Aviso(s)
[00:50:21]     0 Erro(s)
[00:50:21] 
[00:50:21] Tempo Decorrido 00:00:08.41
[00:50:22] Compilação de 19/06/2026 00:50:22 iniciada.
[00:51:09]      1>Projeto "C:\Users\PEDRO\Desktop\EasyPRO\EasyLoginBase\EasyLoginBase.WebAppBlazor\EasyLoginBase.WebAppBlazor.csproj" no nó 1 (Publish destino(s)).
[00:51:10]      1>O projeto "C:\Users\PEDRO\Desktop\EasyPRO\EasyLoginBase\EasyLoginBase.WebAppBlazor\EasyLoginBase.WebAppBlazor.csproj" (1) está compilando "C:\Users\PEDRO\Desktop\EasyPRO\EasyLoginBase\EasyLoginBase.Domain\EasyLoginBase.Domain.csproj" (3:2) no nó 2 (destinos padrão).
[00:51:10]      3>GenerateTargetFrameworkMonikerAttribute:
[00:51:10]        Ignorando o destino "GenerateTargetFrameworkMonikerAttribute" porque todos os arquivos de saída estão atualizados em relação aos arquivos de entrada.
[00:51:12]        CoreGenerateAssemblyInfo:
[00:51:12]        Ignorando o destino "CoreGenerateAssemblyInfo" porque todos os arquivos de saída estão atualizados em relação aos arquivos de entrada.
[00:51:18]        _GenerateSourceLinkFile:
[00:51:18]          O arquivo de link de origem 'obj\Release\net9.0\EasyLoginBase.Domain.sourcelink.json' está atualizado.
[00:51:18]        CoreCompile:
[00:51:18]        Ignorando o destino "CoreCompile" porque todos os arquivos de saída estão atualizados em relação aos arquivos de entrada.
[00:51:19]        GenerateBuildDependencyFile:
[00:51:19]        Ignorando o destino "GenerateBuildDependencyFile" porque todos os arquivos de saída estão atualizados em relação aos arquivos de entrada.
[00:51:19]        CopyFilesToOutputDirectory:
[00:51:19]          EasyLoginBase.Domain -> C:\Users\PEDRO\Desktop\EasyPRO\EasyLoginBase\EasyLoginBase.Domain\bin\Release\net9.0\EasyLoginBase.Domain.dll
[00:51:19]      3>Projeto de compilação pronto "C:\Users\PEDRO\Desktop\EasyPRO\EasyLoginBase\EasyLoginBase.Domain\EasyLoginBase.Domain.csproj" (destinos padrão).
[00:51:19]      1>O projeto "C:\Users\PEDRO\Desktop\EasyPRO\EasyLoginBase\EasyLoginBase.WebAppBlazor\EasyLoginBase.WebAppBlazor.csproj" (1) está compilando "C:\Users\PEDRO\Desktop\EasyPRO\EasyLoginBase\EasyLoginBase.Application\EasyLoginBase.Application.csproj" (2:2) no nó 1 (destinos padrão).
[00:51:19]      2>GenerateTargetFrameworkMonikerAttribute:
[00:51:19]        Ignorando o destino "GenerateTargetFrameworkMonikerAttribute" porque todos os arquivos de saída estão atualizados em relação aos arquivos de entrada.
[00:51:19]        CoreGenerateAssemblyInfo:
[00:51:19]        Ignorando o destino "CoreGenerateAssemblyInfo" porque todos os arquivos de saída estão atualizados em relação aos arquivos de entrada.
[00:51:20]        _GenerateSourceLinkFile:
[00:51:20]          O arquivo de link de origem 'obj\Release\net9.0\EasyLoginBase.Application.sourcelink.json' está atualizado.
[00:51:20]        CoreCompile:
[00:51:20]        Ignorando o destino "CoreCompile" porque todos os arquivos de saída estão atualizados em relação aos arquivos de entrada.
[00:51:20]        GenerateBuildDependencyFile:
[00:51:20]        Ignorando o destino "GenerateBuildDependencyFile" porque todos os arquivos de saída estão atualizados em relação aos arquivos de entrada.
[00:51:20]        CopyFilesToOutputDirectory:
[00:51:20]          EasyLoginBase.Application -> C:\Users\PEDRO\Desktop\EasyPRO\EasyLoginBase\EasyLoginBase.Application\bin\Release\net9.0\EasyLoginBase.Application.dll
[00:51:20]      2>Projeto de compilação pronto "C:\Users\PEDRO\Desktop\EasyPRO\EasyLoginBase\EasyLoginBase.Application\EasyLoginBase.Application.csproj" (destinos padrão).
[00:51:21]      1>GenerateTargetFrameworkMonikerAttribute:
[00:51:21]        Ignorando o destino "GenerateTargetFrameworkMonikerAttribute" porque todos os arquivos de saída estão atualizados em relação aos arquivos de entrada.
[00:51:21]        CoreGenerateAssemblyInfo:
[00:51:21]        Ignorando o destino "CoreGenerateAssemblyInfo" porque todos os arquivos de saída estão atualizados em relação aos arquivos de entrada.
[00:51:21]        _DiscoverMvcApplicationParts:
[00:51:21]        Ignorando o destino "_DiscoverMvcApplicationParts" porque todos os arquivos de saída estão atualizados em relação aos arquivos de entrada.
[00:51:21]        _GenerateSourceLinkFile:
[00:51:21]          O arquivo de link de origem 'obj\Release\net9.0\EasyLoginBase.WebAppBlazor.sourcelink.json' está atualizado.
[00:51:21]        CoreCompile:
[00:51:21]        Ignorando o destino "CoreCompile" porque todos os arquivos de saída estão atualizados em relação aos arquivos de entrada.
[00:51:21]        _CreateAppHost:
[00:51:21]        Ignorando o destino "_CreateAppHost" porque todos os arquivos de saída estão atualizados em relação aos arquivos de entrada.
[00:51:21]        _ProcessScopedCssFiles:
[00:51:21]        Ignorando o destino "_ProcessScopedCssFiles" porque ele não tem saídas.
[00:51:21]        _ProcessScopedCssFiles:
[00:51:21]        Ignorando o destino "_ProcessScopedCssFiles" porque ele não tem saídas.
[00:51:21]        ResolveBuildCompressedStaticWebAssetsConfiguration:
[00:51:21]          Accepted compressed asset 'C:\Users\PEDRO\Desktop\EasyPRO\EasyLoginBase\EasyLoginBase.WebAppBlazor\obj\Release\net9.0\compressed\7uz06c5pdo-{0}-9i410i6h17-9i410i6h17.gz' for 'C:\Users\PEDRO\Desktop\EasyPRO\EasyLoginBase\EasyLoginBase.WebAppBlazor\wwwroot\js\app.js'.
[00:51:21]          Accepted compressed asset 'C:\Users\PEDRO\Desktop\EasyPRO\EasyLoginBase\EasyLoginBase.WebAppBlazor\obj\Release\net9.0\compressed\cui9dzjvso-{0}-5itg173035-5itg173035.gz' for 'C:\Users\PEDRO\Desktop\EasyPRO\EasyLoginBase\EasyLoginBase.WebAppBlazor\wwwroot\css\app.css'.
[00:51:21]          Accepted compressed asset 'C:\Users\PEDRO\Desktop\EasyPRO\EasyLoginBase\EasyLoginBase.WebAppBlazor\obj\Release\net9.0\compressed\y1ghqj3160-{0}-zpwntep3f7-zpwntep3f7.gz' for 'C:\Users\PEDRO\Desktop\EasyPRO\EasyLoginBase\EasyLoginBase.WebAppBlazor\wwwroot\css\animations.css'.
[00:51:21]          Accepted compressed asset 'C:\Users\PEDRO\Desktop\EasyPRO\EasyLoginBase\EasyLoginBase.WebAppBlazor\obj\Release\net9.0\compressed\azr19jxa4m-{0}-9f6wds051f-9f6wds051f.gz' for 'C:\Users\PEDRO\Desktop\EasyPRO\EasyLoginBase\EasyLoginBase.WebAppBlazor\wwwroot\css\layout.css'.
[00:51:21]          Accepted compressed asset 'C:\Users\PEDRO\Desktop\EasyPRO\EasyLoginBase\EasyLoginBase.WebAppBlazor\obj\Release\net9.0\compressed\ryeerzsn0v-{0}-nk0myxwefg-nk0myxwefg.gz' for 'C:\Users\PEDRO\Desktop\EasyPRO\EasyLoginBase\EasyLoginBase.WebAppBlazor\wwwroot\css\components.css'.
[00:51:21]          Resolved 5 compressed assets for 5 candidate assets.
[00:51:22]        ResolveBuildCompressedStaticWebAssets:
[00:51:22]          Processing compressed asset: C:\Users\PEDRO\Desktop\EasyPRO\EasyLoginBase\EasyLoginBase.WebAppBlazor\obj\Release\net9.0\compressed\cui9dzjvso-{0}-5itg173035-5itg173035.gz
[00:51:22]          Processing compressed asset: C:\Users\PEDRO\Desktop\EasyPRO\EasyLoginBase\EasyLoginBase.WebAppBlazor\obj\Release\net9.0\compressed\ryeerzsn0v-{0}-nk0myxwefg-nk0myxwefg.gz
[00:51:22]          Processing compressed asset: C:\Users\PEDRO\Desktop\EasyPRO\EasyLoginBase\EasyLoginBase.WebAppBlazor\obj\Release\net9.0\compressed\y1ghqj3160-{0}-zpwntep3f7-zpwntep3f7.gz
[00:51:22]          Processing compressed asset: C:\Users\PEDRO\Desktop\EasyPRO\EasyLoginBase\EasyLoginBase.WebAppBlazor\obj\Release\net9.0\compressed\7uz06c5pdo-{0}-9i410i6h17-9i410i6h17.gz
[00:51:22]          Processing compressed asset: C:\Users\PEDRO\Desktop\EasyPRO\EasyLoginBase\EasyLoginBase.WebAppBlazor\obj\Release\net9.0\compressed\azr19jxa4m-{0}-9f6wds051f-9f6wds051f.gz
[00:51:22]        _BuildCopyStaticWebAssetsPreserveNewest:
[00:51:22]        Ignorando o destino "_BuildCopyStaticWebAssetsPreserveNewest" porque ele não tem saídas.
[00:51:22]        _CopyOutOfDateSourceItemsToOutputDirectory:
[00:51:23]        Ignorando o destino "_CopyOutOfDateSourceItemsToOutputDirectory" porque todos os arquivos de saída estão atualizados em relação aos arquivos de entrada.
[00:51:23]        GenerateBuildDependencyFile:
[00:51:23]        Ignorando o destino "GenerateBuildDependencyFile" porque todos os arquivos de saída estão atualizados em relação aos arquivos de entrada.
[00:51:23]        GenerateBuildRuntimeConfigurationFiles:
[00:51:23]        Ignorando o destino "GenerateBuildRuntimeConfigurationFiles" porque todos os arquivos de saída estão atualizados em relação aos arquivos de entrada.
[00:51:23]        CopyFilesToOutputDirectory:
[00:51:23]          EasyLoginBase.WebAppBlazor -> C:\Users\PEDRO\Desktop\EasyPRO\EasyLoginBase\EasyLoginBase.WebAppBlazor\bin\Release\net9.0\EasyLoginBase.WebAppBlazor.dll
[00:51:24]        ResolvePublishCompressedStaticWebAssetsConfiguration:
[00:51:24]          The asset 'C:\Users\PEDRO\Desktop\EasyPRO\EasyLoginBase\EasyLoginBase.WebAppBlazor\obj\Release\net9.0\compressed\7uz06c5pdo-{0}-9i410i6h17-9i410i6h17.gz' with related asset 'C:\Users\PEDRO\Desktop\EasyPRO\EasyLoginBase\EasyLoginBase.WebAppBlazor\wwwroot\js\app.js' was detected as already compressed with format 'gzip'.
[00:51:24]          The asset 'C:\Users\PEDRO\Desktop\EasyPRO\EasyLoginBase\EasyLoginBase.WebAppBlazor\obj\Release\net9.0\compressed\azr19jxa4m-{0}-9f6wds051f-9f6wds051f.gz' with related asset 'C:\Users\PEDRO\Desktop\EasyPRO\EasyLoginBase\EasyLoginBase.WebAppBlazor\wwwroot\css\layout.css' was detected as already compressed with format 'gzip'.
[00:51:24]          The asset 'C:\Users\PEDRO\Desktop\EasyPRO\EasyLoginBase\EasyLoginBase.WebAppBlazor\obj\Release\net9.0\compressed\cui9dzjvso-{0}-5itg173035-5itg173035.gz' with related asset 'C:\Users\PEDRO\Desktop\EasyPRO\EasyLoginBase\EasyLoginBase.WebAppBlazor\wwwroot\css\app.css' was detected as already compressed with format 'gzip'.
[00:51:24]          The asset 'C:\Users\PEDRO\Desktop\EasyPRO\EasyLoginBase\EasyLoginBase.WebAppBlazor\obj\Release\net9.0\compressed\ryeerzsn0v-{0}-nk0myxwefg-nk0myxwefg.gz' with related asset 'C:\Users\PEDRO\Desktop\EasyPRO\EasyLoginBase\EasyLoginBase.WebAppBlazor\wwwroot\css\components.css' was detected as already compressed with format 'gzip'.
[00:51:24]          The asset 'C:\Users\PEDRO\Desktop\EasyPRO\EasyLoginBase\EasyLoginBase.WebAppBlazor\obj\Release\net9.0\compressed\y1ghqj3160-{0}-zpwntep3f7-zpwntep3f7.gz' with related asset 'C:\Users\PEDRO\Desktop\EasyPRO\EasyLoginBase\EasyLoginBase.WebAppBlazor\wwwroot\css\animations.css' was detected as already compressed with format 'gzip'.
[00:51:24]          Ignoring asset 'C:\Users\PEDRO\Desktop\EasyPRO\EasyLoginBase\EasyLoginBase.WebAppBlazor\wwwroot\css\animations.css' because it was already resolved with format 'gzip'.
[00:51:24]          Accepted compressed asset 'C:\Users\PEDRO\Desktop\EasyPRO\EasyLoginBase\EasyLoginBase.WebAppBlazor\obj\Release\net9.0\compressed\publish\y1ghqj3160-{0}-zpwntep3f7-zpwntep3f7.br' for 'C:\Users\PEDRO\Desktop\EasyPRO\EasyLoginBase\EasyLoginBase.WebAppBlazor\wwwroot\css\animations.css'.
[00:51:24]          Ignoring asset 'C:\Users\PEDRO\Desktop\EasyPRO\EasyLoginBase\EasyLoginBase.WebAppBlazor\wwwroot\css\app.css' because it was already resolved with format 'gzip'.
[00:51:25]          Accepted compressed asset 'C:\Users\PEDRO\Desktop\EasyPRO\EasyLoginBase\EasyLoginBase.WebAppBlazor\obj\Release\net9.0\compressed\publish\cui9dzjvso-{0}-5itg173035-5itg173035.br' for 'C:\Users\PEDRO\Desktop\EasyPRO\EasyLoginBase\EasyLoginBase.WebAppBlazor\wwwroot\css\app.css'.
[00:51:25]          Ignoring asset 'C:\Users\PEDRO\Desktop\EasyPRO\EasyLoginBase\EasyLoginBase.WebAppBlazor\wwwroot\css\components.css' because it was already resolved with format 'gzip'.
[00:51:25]          Accepted compressed asset 'C:\Users\PEDRO\Desktop\EasyPRO\EasyLoginBase\EasyLoginBase.WebAppBlazor\obj\Release\net9.0\compressed\publish\ryeerzsn0v-{0}-nk0myxwefg-nk0myxwefg.br' for 'C:\Users\PEDRO\Desktop\EasyPRO\EasyLoginBase\EasyLoginBase.WebAppBlazor\wwwroot\css\components.css'.
[00:51:25]          Ignoring asset 'C:\Users\PEDRO\Desktop\EasyPRO\EasyLoginBase\EasyLoginBase.WebAppBlazor\wwwroot\css\layout.css' because it was already resolved with format 'gzip'.
[00:51:25]          Accepted compressed asset 'C:\Users\PEDRO\Desktop\EasyPRO\EasyLoginBase\EasyLoginBase.WebAppBlazor\obj\Release\net9.0\compressed\publish\azr19jxa4m-{0}-9f6wds051f-9f6wds051f.br' for 'C:\Users\PEDRO\Desktop\EasyPRO\EasyLoginBase\EasyLoginBase.WebAppBlazor\wwwroot\css\layout.css'.
[00:51:25]          Ignoring asset 'C:\Users\PEDRO\Desktop\EasyPRO\EasyLoginBase\EasyLoginBase.WebAppBlazor\wwwroot\js\app.js' because it was already resolved with format 'gzip'.
[00:51:25]          Accepted compressed asset 'C:\Users\PEDRO\Desktop\EasyPRO\EasyLoginBase\EasyLoginBase.WebAppBlazor\obj\Release\net9.0\compressed\publish\7uz06c5pdo-{0}-9i410i6h17-9i410i6h17.br' for 'C:\Users\PEDRO\Desktop\EasyPRO\EasyLoginBase\EasyLoginBase.WebAppBlazor\wwwroot\js\app.js'.
[00:51:26]          Resolved 5 compressed assets for 5 candidate assets.
[00:51:26]        GeneratePublishCompressedStaticWebAssets:
[00:51:26]          C:\Program Files\dotnet\dotnet.exe "C:\Program Files\dotnet\sdk\10.0.103\Sdks\Microsoft.NET.Sdk.StaticWebAssets\targets\..\tools\net10.0\Microsoft.NET.Sdk.StaticWebAssets.Tool.dll" brotli
[00:51:26]          
[00:51:26]        ResolvePublishCompressedStaticWebAssets:
[00:51:26]          Processing compressed asset: C:\Users\PEDRO\Desktop\EasyPRO\EasyLoginBase\EasyLoginBase.WebAppBlazor\obj\Release\net9.0\compressed\7uz06c5pdo-{0}-9i410i6h17-9i410i6h17.gz
[00:51:26]          Processing compressed asset: C:\Users\PEDRO\Desktop\EasyPRO\EasyLoginBase\EasyLoginBase.WebAppBlazor\obj\Release\net9.0\compressed\azr19jxa4m-{0}-9f6wds051f-9f6wds051f.gz
[00:51:26]          Processing compressed asset: C:\Users\PEDRO\Desktop\EasyPRO\EasyLoginBase\EasyLoginBase.WebAppBlazor\obj\Release\net9.0\compressed\cui9dzjvso-{0}-5itg173035-5itg173035.gz
[00:51:26]          Processing compressed asset: C:\Users\PEDRO\Desktop\EasyPRO\EasyLoginBase\EasyLoginBase.WebAppBlazor\obj\Release\net9.0\compressed\ryeerzsn0v-{0}-nk0myxwefg-nk0myxwefg.gz
[00:51:27]          Processing compressed asset: C:\Users\PEDRO\Desktop\EasyPRO\EasyLoginBase\EasyLoginBase.WebAppBlazor\obj\Release\net9.0\compressed\y1ghqj3160-{0}-zpwntep3f7-zpwntep3f7.gz
[00:51:27]          Processing compressed asset: C:\Users\PEDRO\Desktop\EasyPRO\EasyLoginBase\EasyLoginBase.WebAppBlazor\obj\Release\net9.0\compressed\publish\y1ghqj3160-{0}-zpwntep3f7-zpwntep3f7.br
[00:51:27]          Processing compressed asset: C:\Users\PEDRO\Desktop\EasyPRO\EasyLoginBase\EasyLoginBase.WebAppBlazor\obj\Release\net9.0\compressed\publish\cui9dzjvso-{0}-5itg173035-5itg173035.br
[00:51:27]          Processing compressed asset: C:\Users\PEDRO\Desktop\EasyPRO\EasyLoginBase\EasyLoginBase.WebAppBlazor\obj\Release\net9.0\compressed\publish\ryeerzsn0v-{0}-nk0myxwefg-nk0myxwefg.br
[00:51:27]          Processing compressed asset: C:\Users\PEDRO\Desktop\EasyPRO\EasyLoginBase\EasyLoginBase.WebAppBlazor\obj\Release\net9.0\compressed\publish\azr19jxa4m-{0}-9f6wds051f-9f6wds051f.br
[00:51:27]          Processing compressed asset: C:\Users\PEDRO\Desktop\EasyPRO\EasyLoginBase\EasyLoginBase.WebAppBlazor\obj\Release\net9.0\compressed\publish\7uz06c5pdo-{0}-9i410i6h17-9i410i6h17.br
[00:51:27]        _CopyResolvedFilesToPublishPreserveNewest:
[00:51:27]          Copiando o arquivo de "C:\Users\PEDRO\Desktop\EasyPRO\EasyLoginBase\EasyLoginBase.WebAppBlazor\web.config" para "C:\Users\PEDRO\Desktop\EasyPRO\EasyBuilderRelease\COMERCIO_FACIL_RELEASE_2026-06-19_004658\05_BlazorWebApp\web.config".
[00:51:28]          Copiando o arquivo de "C:\Users\PEDRO\Desktop\EasyPRO\EasyLoginBase\EasyLoginBase.WebAppBlazor\appsettings.Development.json" para "C:\Users\PEDRO\Desktop\EasyPRO\EasyBuilderRelease\COMERCIO_FACIL_RELEASE_2026-06-19_004658\05_BlazorWebApp\appsettings.Development.json".
[00:51:28]          Copiando o arquivo de "C:\Users\PEDRO\Desktop\EasyPRO\EasyLoginBase\EasyLoginBase.WebAppBlazor\appsettings.json" para "C:\Users\PEDRO\Desktop\EasyPRO\EasyBuilderRelease\COMERCIO_FACIL_RELEASE_2026-06-19_004658\05_BlazorWebApp\appsettings.json".
[00:51:28]          Copiando o arquivo de "C:\Users\PEDRO\Desktop\EasyPRO\EasyLoginBase\EasyLoginBase.WebAppBlazor\obj\Release\net9.0\EasyLoginBase.WebAppBlazor.dll" para "C:\Users\PEDRO\Desktop\EasyPRO\EasyBuilderRelease\COMERCIO_FACIL_RELEASE_2026-06-19_004658\05_BlazorWebApp\EasyLoginBase.WebAppBlazor.dll".
[00:51:28]          Copiando o arquivo de "C:\Users\PEDRO\Desktop\EasyPRO\EasyLoginBase\EasyLoginBase.WebAppBlazor\bin\Release\net9.0\EasyLoginBase.WebAppBlazor.runtimeconfig.json" para "C:\Users\PEDRO\Desktop\EasyPRO\EasyBuilderRelease\COMERCIO_FACIL_RELEASE_2026-06-19_004658\05_BlazorWebApp\EasyLoginBase.WebAppBlazor.runtimeconfig.json".
[00:51:28]          Copiando o arquivo de "C:\Users\PEDRO\Desktop\EasyPRO\EasyLoginBase\EasyLoginBase.WebAppBlazor\obj\Release\net9.0\EasyLoginBase.WebAppBlazor.pdb" para "C:\Users\PEDRO\Desktop\EasyPRO\EasyBuilderRelease\COMERCIO_FACIL_RELEASE_2026-06-19_004658\05_BlazorWebApp\EasyLoginBase.WebAppBlazor.pdb".
[00:51:28]          Copiando o arquivo de "C:\Users\PEDRO\.nuget\packages\fluentvalidation\11.11.0\lib\net8.0\FluentValidation.dll" para "C:\Users\PEDRO\Desktop\EasyPRO\EasyBuilderRelease\COMERCIO_FACIL_RELEASE_2026-06-19_004658\05_BlazorWebApp\FluentValidation.dll".
[00:51:28]          Copiando o arquivo de "C:\Users\PEDRO\.nuget\packages\microsoft.aspnetcore.cryptography.internal\9.0.3\lib\net9.0\Microsoft.AspNetCore.Cryptography.Internal.dll" para "C:\Users\PEDRO\Desktop\EasyPRO\EasyBuilderRelease\COMERCIO_FACIL_RELEASE_2026-06-19_004658\05_BlazorWebApp\Microsoft.AspNetCore.Cryptography.Internal.dll".
[00:51:28]          Copiando o arquivo de "C:\Users\PEDRO\Desktop\EasyPRO\EasyLoginBase\EasyLoginBase.WebAppBlazor\bin\Release\net9.0\EasyLoginBase.WebAppBlazor.deps.json" para "C:\Users\PEDRO\Desktop\EasyPRO\EasyBuilderRelease\COMERCIO_FACIL_RELEASE_2026-06-19_004658\05_BlazorWebApp\EasyLoginBase.WebAppBlazor.deps.json".
[00:51:28]          Copiando o arquivo de "C:\Users\PEDRO\.nuget\packages\microsoft.aspnetcore.cryptography.keyderivation\9.0.3\lib\net9.0\Microsoft.AspNetCore.Cryptography.KeyDerivation.dll" para "C:\Users\PEDRO\Desktop\EasyPRO\EasyBuilderRelease\COMERCIO_FACIL_RELEASE_2026-06-19_004658\05_BlazorWebApp\Microsoft.AspNetCore.Cryptography.KeyDerivation.dll".
[00:51:28]          Copiando o arquivo de "C:\Users\PEDRO\.nuget\packages\microsoft.extensions.caching.abstractions\9.0.3\lib\net9.0\Microsoft.Extensions.Caching.Abstractions.dll" para "C:\Users\PEDRO\Desktop\EasyPRO\EasyBuilderRelease\COMERCIO_FACIL_RELEASE_2026-06-19_004658\05_BlazorWebApp\Microsoft.Extensions.Caching.Abstractions.dll".
[00:51:28]          Copiando o arquivo de "C:\Users\PEDRO\.nuget\packages\microsoft.extensions.configuration\10.0.0\lib\net9.0\Microsoft.Extensions.Configuration.dll" para "C:\Users\PEDRO\Desktop\EasyPRO\EasyBuilderRelease\COMERCIO_FACIL_RELEASE_2026-06-19_004658\05_BlazorWebApp\Microsoft.Extensions.Configuration.dll".
[00:51:28]          Copiando o arquivo de "C:\Users\PEDRO\.nuget\packages\microsoft.extensions.configuration.abstractions\10.0.0\lib\net9.0\Microsoft.Extensions.Configuration.Abstractions.dll" para "C:\Users\PEDRO\Desktop\EasyPRO\EasyBuilderRelease\COMERCIO_FACIL_RELEASE_2026-06-19_004658\05_BlazorWebApp\Microsoft.Extensions.Configuration.Abstractions.dll".
[00:51:28]          Copiando o arquivo de "C:\Users\PEDRO\.nuget\packages\microsoft.extensions.configuration.binder\10.0.0\lib\net9.0\Microsoft.Extensions.Configuration.Binder.dll" para "C:\Users\PEDRO\Desktop\EasyPRO\EasyBuilderRelease\COMERCIO_FACIL_RELEASE_2026-06-19_004658\05_BlazorWebApp\Microsoft.Extensions.Configuration.Binder.dll".
[00:51:28]          Copiando o arquivo de "C:\Users\PEDRO\.nuget\packages\microsoft.extensions.dependencyinjection\10.0.0\lib\net9.0\Microsoft.Extensions.DependencyInjection.dll" para "C:\Users\PEDRO\Desktop\EasyPRO\EasyBuilderRelease\COMERCIO_FACIL_RELEASE_2026-06-19_004658\05_BlazorWebApp\Microsoft.Extensions.DependencyInjection.dll".
[00:51:28]          Copiando o arquivo de "C:\Users\PEDRO\.nuget\packages\microsoft.extensions.dependencyinjection.abstractions\10.0.0\lib\net9.0\Microsoft.Extensions.DependencyInjection.Abstractions.dll" para "C:\Users\PEDRO\Desktop\EasyPRO\EasyBuilderRelease\COMERCIO_FACIL_RELEASE_2026-06-19_004658\05_BlazorWebApp\Microsoft.Extensions.DependencyInjection.Abstractions.dll".
[00:51:28]          Copiando o arquivo de "C:\Users\PEDRO\.nuget\packages\microsoft.extensions.dependencymodel\10.0.0\lib\net9.0\Microsoft.Extensions.DependencyModel.dll" para "C:\Users\PEDRO\Desktop\EasyPRO\EasyBuilderRelease\COMERCIO_FACIL_RELEASE_2026-06-19_004658\05_BlazorWebApp\Microsoft.Extensions.DependencyModel.dll".
[00:51:29]          Copiando o arquivo de "C:\Users\PEDRO\.nuget\packages\microsoft.extensions.diagnostics.abstractions\10.0.0\lib\net9.0\Microsoft.Extensions.Diagnostics.Abstractions.dll" para "C:\Users\PEDRO\Desktop\EasyPRO\EasyBuilderRelease\COMERCIO_FACIL_RELEASE_2026-06-19_004658\05_BlazorWebApp\Microsoft.Extensions.Diagnostics.Abstractions.dll".
[00:51:29]          Copiando o arquivo de "C:\Users\PEDRO\.nuget\packages\microsoft.extensions.fileproviders.abstractions\10.0.0\lib\net9.0\Microsoft.Extensions.FileProviders.Abstractions.dll" para "C:\Users\PEDRO\Desktop\EasyPRO\EasyBuilderRelease\COMERCIO_FACIL_RELEASE_2026-06-19_004658\05_BlazorWebApp\Microsoft.Extensions.FileProviders.Abstractions.dll".
[00:51:29]          Copiando o arquivo de "C:\Users\PEDRO\.nuget\packages\microsoft.extensions.hosting.abstractions\10.0.0\lib\net9.0\Microsoft.Extensions.Hosting.Abstractions.dll" para "C:\Users\PEDRO\Desktop\EasyPRO\EasyBuilderRelease\COMERCIO_FACIL_RELEASE_2026-06-19_004658\05_BlazorWebApp\Microsoft.Extensions.Hosting.Abstractions.dll".
[00:51:29]          Copiando o arquivo de "C:\Users\PEDRO\.nuget\packages\microsoft.extensions.identity.stores\9.0.3\lib\net9.0\Microsoft.Extensions.Identity.Stores.dll" para "C:\Users\PEDRO\Desktop\EasyPRO\EasyBuilderRelease\COMERCIO_FACIL_RELEASE_2026-06-19_004658\05_BlazorWebApp\Microsoft.Extensions.Identity.Stores.dll".
[00:51:29]          Copiando o arquivo de "C:\Users\PEDRO\.nuget\packages\microsoft.extensions.identity.core\9.0.3\lib\net9.0\Microsoft.Extensions.Identity.Core.dll" para "C:\Users\PEDRO\Desktop\EasyPRO\EasyBuilderRelease\COMERCIO_FACIL_RELEASE_2026-06-19_004658\05_BlazorWebApp\Microsoft.Extensions.Identity.Core.dll".
[00:51:29]          Copiando o arquivo de "C:\Users\PEDRO\.nuget\packages\microsoft.extensions.logging\10.0.0\lib\net9.0\Microsoft.Extensions.Logging.dll" para "C:\Users\PEDRO\Desktop\EasyPRO\EasyBuilderRelease\COMERCIO_FACIL_RELEASE_2026-06-19_004658\05_BlazorWebApp\Microsoft.Extensions.Logging.dll".
[00:51:29]          Copiando o arquivo de "C:\Users\PEDRO\.nuget\packages\microsoft.extensions.logging.abstractions\10.0.0\lib\net9.0\Microsoft.Extensions.Logging.Abstractions.dll" para "C:\Users\PEDRO\Desktop\EasyPRO\EasyBuilderRelease\COMERCIO_FACIL_RELEASE_2026-06-19_004658\05_BlazorWebApp\Microsoft.Extensions.Logging.Abstractions.dll".
[00:51:29]          Copiando o arquivo de "C:\Users\PEDRO\.nuget\packages\microsoft.extensions.options\10.0.0\lib\net9.0\Microsoft.Extensions.Options.dll" para "C:\Users\PEDRO\Desktop\EasyPRO\EasyBuilderRelease\COMERCIO_FACIL_RELEASE_2026-06-19_004658\05_BlazorWebApp\Microsoft.Extensions.Options.dll".
[00:51:29]          Copiando o arquivo de "C:\Users\PEDRO\.nuget\packages\microsoft.extensions.primitives\10.0.0\lib\net9.0\Microsoft.Extensions.Primitives.dll" para "C:\Users\PEDRO\Desktop\EasyPRO\EasyBuilderRelease\COMERCIO_FACIL_RELEASE_2026-06-19_004658\05_BlazorWebApp\Microsoft.Extensions.Primitives.dll".
[00:51:30]          Copiando o arquivo de "C:\Users\PEDRO\.nuget\packages\microsoft.openapi\1.6.23\lib\netstandard2.0\Microsoft.OpenApi.dll" para "C:\Users\PEDRO\Desktop\EasyPRO\EasyBuilderRelease\COMERCIO_FACIL_RELEASE_2026-06-19_004658\05_BlazorWebApp\Microsoft.OpenApi.dll".
[00:51:30]          Copiando o arquivo de "C:\Users\PEDRO\.nuget\packages\serilog\4.3.0\lib\net9.0\Serilog.dll" para "C:\Users\PEDRO\Desktop\EasyPRO\EasyBuilderRelease\COMERCIO_FACIL_RELEASE_2026-06-19_004658\05_BlazorWebApp\Serilog.dll".
[00:51:30]          Copiando o arquivo de "C:\Users\PEDRO\.nuget\packages\serilog.aspnetcore\10.0.0\lib\net9.0\Serilog.AspNetCore.dll" para "C:\Users\PEDRO\Desktop\EasyPRO\EasyBuilderRelease\COMERCIO_FACIL_RELEASE_2026-06-19_004658\05_BlazorWebApp\Serilog.AspNetCore.dll".
[00:51:30]          Copiando o arquivo de "C:\Users\PEDRO\.nuget\packages\serilog.extensions.hosting\10.0.0\lib\net9.0\Serilog.Extensions.Hosting.dll" para "C:\Users\PEDRO\Desktop\EasyPRO\EasyBuilderRelease\COMERCIO_FACIL_RELEASE_2026-06-19_004658\05_BlazorWebApp\Serilog.Extensions.Hosting.dll".
[00:51:30]          Copiando o arquivo de "C:\Users\PEDRO\.nuget\packages\serilog.extensions.logging\10.0.0\lib\net9.0\Serilog.Extensions.Logging.dll" para "C:\Users\PEDRO\Desktop\EasyPRO\EasyBuilderRelease\COMERCIO_FACIL_RELEASE_2026-06-19_004658\05_BlazorWebApp\Serilog.Extensions.Logging.dll".
[00:51:30]          Copiando o arquivo de "C:\Users\PEDRO\.nuget\packages\serilog.formatting.compact\3.0.0\lib\net8.0\Serilog.Formatting.Compact.dll" para "C:\Users\PEDRO\Desktop\EasyPRO\EasyBuilderRelease\COMERCIO_FACIL_RELEASE_2026-06-19_004658\05_BlazorWebApp\Serilog.Formatting.Compact.dll".
[00:51:30]          Copiando o arquivo de "C:\Users\PEDRO\.nuget\packages\serilog.settings.configuration\10.0.0\lib\net9.0\Serilog.Settings.Configuration.dll" para "C:\Users\PEDRO\Desktop\EasyPRO\EasyBuilderRelease\COMERCIO_FACIL_RELEASE_2026-06-19_004658\05_BlazorWebApp\Serilog.Settings.Configuration.dll".
[00:51:30]          Copiando o arquivo de "C:\Users\PEDRO\.nuget\packages\serilog.sinks.console\6.1.1\lib\net8.0\Serilog.Sinks.Console.dll" para "C:\Users\PEDRO\Desktop\EasyPRO\EasyBuilderRelease\COMERCIO_FACIL_RELEASE_2026-06-19_004658\05_BlazorWebApp\Serilog.Sinks.Console.dll".
[00:51:30]          Copiando o arquivo de "C:\Users\PEDRO\.nuget\packages\serilog.sinks.debug\3.0.0\lib\net8.0\Serilog.Sinks.Debug.dll" para "C:\Users\PEDRO\Desktop\EasyPRO\EasyBuilderRelease\COMERCIO_FACIL_RELEASE_2026-06-19_004658\05_BlazorWebApp\Serilog.Sinks.Debug.dll".
[00:51:30]          Copiando o arquivo de "C:\Users\PEDRO\.nuget\packages\serilog.sinks.file\7.0.0\lib\net9.0\Serilog.Sinks.File.dll" para "C:\Users\PEDRO\Desktop\EasyPRO\EasyBuilderRelease\COMERCIO_FACIL_RELEASE_2026-06-19_004658\05_BlazorWebApp\Serilog.Sinks.File.dll".
[00:51:30]          Copiando o arquivo de "C:\Users\PEDRO\.nuget\packages\swashbuckle.aspnetcore.swaggergen\8.0.0\lib\net9.0\Swashbuckle.AspNetCore.SwaggerGen.dll" para "C:\Users\PEDRO\Desktop\EasyPRO\EasyBuilderRelease\COMERCIO_FACIL_RELEASE_2026-06-19_004658\05_BlazorWebApp\Swashbuckle.AspNetCore.SwaggerGen.dll".
[00:51:30]          Copiando o arquivo de "C:\Users\PEDRO\.nuget\packages\swashbuckle.aspnetcore.swagger\8.0.0\lib\net9.0\Swashbuckle.AspNetCore.Swagger.dll" para "C:\Users\PEDRO\Desktop\EasyPRO\EasyBuilderRelease\COMERCIO_FACIL_RELEASE_2026-06-19_004658\05_BlazorWebApp\Swashbuckle.AspNetCore.Swagger.dll".
[00:51:30]          Copiando o arquivo de "C:\Users\PEDRO\.nuget\packages\swashbuckle.aspnetcore.swaggerui\8.0.0\lib\net9.0\Swashbuckle.AspNetCore.SwaggerUI.dll" para "C:\Users\PEDRO\Desktop\EasyPRO\EasyBuilderRelease\COMERCIO_FACIL_RELEASE_2026-06-19_004658\05_BlazorWebApp\Swashbuckle.AspNetCore.SwaggerUI.dll".
[00:51:31]          Copiando o arquivo de "C:\Users\PEDRO\.nuget\packages\system.diagnostics.diagnosticsource\10.0.0\lib\net9.0\System.Diagnostics.DiagnosticSource.dll" para "C:\Users\PEDRO\Desktop\EasyPRO\EasyBuilderRelease\COMERCIO_FACIL_RELEASE_2026-06-19_004658\05_BlazorWebApp\System.Diagnostics.DiagnosticSource.dll".
[00:51:31]          Copiando o arquivo de "C:\Users\PEDRO\.nuget\packages\system.io.pipelines\10.0.0\lib\net9.0\System.IO.Pipelines.dll" para "C:\Users\PEDRO\Desktop\EasyPRO\EasyBuilderRelease\COMERCIO_FACIL_RELEASE_2026-06-19_004658\05_BlazorWebApp\System.IO.Pipelines.dll".
[00:51:31]          Copiando o arquivo de "C:\Users\PEDRO\.nuget\packages\system.text.encodings.web\10.0.0\lib\net9.0\System.Text.Encodings.Web.dll" para "C:\Users\PEDRO\Desktop\EasyPRO\EasyBuilderRelease\COMERCIO_FACIL_RELEASE_2026-06-19_004658\05_BlazorWebApp\System.Text.Encodings.Web.dll".
[00:51:31]          Copiando o arquivo de "C:\Users\PEDRO\.nuget\packages\system.text.json\10.0.0\lib\net9.0\System.Text.Json.dll" para "C:\Users\PEDRO\Desktop\EasyPRO\EasyBuilderRelease\COMERCIO_FACIL_RELEASE_2026-06-19_004658\05_BlazorWebApp\System.Text.Json.dll".
[00:51:31]          Criando o diretório "C:\Users\PEDRO\Desktop\EasyPRO\EasyBuilderRelease\COMERCIO_FACIL_RELEASE_2026-06-19_004658\05_BlazorWebApp\runtimes\browser\lib\net8.0".
[00:51:31]          Copiando o arquivo de "C:\Users\PEDRO\.nuget\packages\system.text.encodings.web\10.0.0\runtimes\browser\lib\net8.0\System.Text.Encodings.Web.dll" para "C:\Users\PEDRO\Desktop\EasyPRO\EasyBuilderRelease\COMERCIO_FACIL_RELEASE_2026-06-19_004658\05_BlazorWebApp\runtimes\browser\lib\net8.0\System.Text.Encodings.Web.dll".
[00:51:31]          Criando o diretório "C:\Users\PEDRO\Desktop\EasyPRO\EasyBuilderRelease\COMERCIO_FACIL_RELEASE_2026-06-19_004658\05_BlazorWebApp\runtimes\win\lib\net9.0".
[00:51:31]          Copiando o arquivo de "C:\Users\PEDRO\Desktop\EasyPRO\EasyLoginBase\EasyLoginBase.Application\bin\Release\net9.0\EasyLoginBase.Application.dll" para "C:\Users\PEDRO\Desktop\EasyPRO\EasyBuilderRelease\COMERCIO_FACIL_RELEASE_2026-06-19_004658\05_BlazorWebApp\EasyLoginBase.Application.dll".
[00:51:31]          Copiando o arquivo de "C:\Users\PEDRO\.nuget\packages\system.text.encodings.web\10.0.0\runtimes\win\lib\net9.0\System.Text.Encodings.Web.dll" para "C:\Users\PEDRO\Desktop\EasyPRO\EasyBuilderRelease\COMERCIO_FACIL_RELEASE_2026-06-19_004658\05_BlazorWebApp\runtimes\win\lib\net9.0\System.Text.Encodings.Web.dll".
[00:51:31]          Copiando o arquivo de "C:\Users\PEDRO\Desktop\EasyPRO\EasyLoginBase\EasyLoginBase.Domain\bin\Release\net9.0\EasyLoginBase.Domain.dll" para "C:\Users\PEDRO\Desktop\EasyPRO\EasyBuilderRelease\COMERCIO_FACIL_RELEASE_2026-06-19_004658\05_BlazorWebApp\EasyLoginBase.Domain.dll".
[00:51:31]          Copiando o arquivo de "C:\Users\PEDRO\Desktop\EasyPRO\EasyLoginBase\EasyLoginBase.Application\bin\Release\net9.0\EasyLoginBase.Application.pdb" para "C:\Users\PEDRO\Desktop\EasyPRO\EasyBuilderRelease\COMERCIO_FACIL_RELEASE_2026-06-19_004658\05_BlazorWebApp\EasyLoginBase.Application.pdb".
[00:51:31]          Copiando o arquivo de "C:\Users\PEDRO\Desktop\EasyPRO\EasyLoginBase\EasyLoginBase.Domain\bin\Release\net9.0\EasyLoginBase.Domain.pdb" para "C:\Users\PEDRO\Desktop\EasyPRO\EasyBuilderRelease\COMERCIO_FACIL_RELEASE_2026-06-19_004658\05_BlazorWebApp\EasyLoginBase.Domain.pdb".
[00:51:31]        _CopyResolvedFilesToPublishAlways:
[00:51:31]          Copiando o arquivo de "C:\Users\PEDRO\Desktop\EasyPRO\EasyLoginBase\EasyLoginBase.WebAppBlazor\obj\Release\net9.0\apphost.exe" para "C:\Users\PEDRO\Desktop\EasyPRO\EasyBuilderRelease\COMERCIO_FACIL_RELEASE_2026-06-19_004658\05_BlazorWebApp\EasyLoginBase.WebAppBlazor.exe".
[00:51:31]        _PublishCopyStaticWebAssetsPreserveNewest:
[00:51:31]          Criando o diretório "C:\Users\PEDRO\Desktop\EasyPRO\EasyBuilderRelease\COMERCIO_FACIL_RELEASE_2026-06-19_004658\05_BlazorWebApp\wwwroot\css".
[00:51:32]          Criando o diretório "C:\Users\PEDRO\Desktop\EasyPRO\EasyBuilderRelease\COMERCIO_FACIL_RELEASE_2026-06-19_004658\05_BlazorWebApp\wwwroot\css".
[00:51:32]          Criando o diretório "C:\Users\PEDRO\Desktop\EasyPRO\EasyBuilderRelease\COMERCIO_FACIL_RELEASE_2026-06-19_004658\05_BlazorWebApp\wwwroot\js".
[00:51:32]          Criando o diretório "C:\Users\PEDRO\Desktop\EasyPRO\EasyBuilderRelease\COMERCIO_FACIL_RELEASE_2026-06-19_004658\05_BlazorWebApp\wwwroot\js".
[00:51:32]          Copiando o arquivo de "C:\Users\PEDRO\Desktop\EasyPRO\EasyLoginBase\EasyLoginBase.WebAppBlazor\obj\Release\net9.0\compressed\azr19jxa4m-{0}-9f6wds051f-9f6wds051f.gz" para "C:\Users\PEDRO\Desktop\EasyPRO\EasyBuilderRelease\COMERCIO_FACIL_RELEASE_2026-06-19_004658\05_BlazorWebApp\wwwroot\css\layout.css.gz".
[00:51:32]          Copiando o arquivo de "C:\Users\PEDRO\Desktop\EasyPRO\EasyLoginBase\EasyLoginBase.WebAppBlazor\obj\Release\net9.0\compressed\7uz06c5pdo-{0}-9i410i6h17-9i410i6h17.gz" para "C:\Users\PEDRO\Desktop\EasyPRO\EasyBuilderRelease\COMERCIO_FACIL_RELEASE_2026-06-19_004658\05_BlazorWebApp\wwwroot\js\app.js.gz".
[00:51:32]          Copiando o arquivo de "C:\Users\PEDRO\Desktop\EasyPRO\EasyLoginBase\EasyLoginBase.WebAppBlazor\obj\Release\net9.0\compressed\cui9dzjvso-{0}-5itg173035-5itg173035.gz" para "C:\Users\PEDRO\Desktop\EasyPRO\EasyBuilderRelease\COMERCIO_FACIL_RELEASE_2026-06-19_004658\05_BlazorWebApp\wwwroot\css\app.css.gz".
[00:51:32]          Copiando o arquivo de "C:\Users\PEDRO\Desktop\EasyPRO\EasyLoginBase\EasyLoginBase.WebAppBlazor\obj\Release\net9.0\compressed\publish\7uz06c5pdo-{0}-9i410i6h17-9i410i6h17.br" para "C:\Users\PEDRO\Desktop\EasyPRO\EasyBuilderRelease\COMERCIO_FACIL_RELEASE_2026-06-19_004658\05_BlazorWebApp\wwwroot\js\app.js.br".
[00:51:32]          Copiando o arquivo de "C:\Users\PEDRO\Desktop\EasyPRO\EasyLoginBase\EasyLoginBase.WebAppBlazor\obj\Release\net9.0\compressed\publish\azr19jxa4m-{0}-9f6wds051f-9f6wds051f.br" para "C:\Users\PEDRO\Desktop\EasyPRO\EasyBuilderRelease\COMERCIO_FACIL_RELEASE_2026-06-19_004658\05_BlazorWebApp\wwwroot\css\layout.css.br".
[00:51:32]          Copiando o arquivo de "C:\Users\PEDRO\Desktop\EasyPRO\EasyLoginBase\EasyLoginBase.WebAppBlazor\obj\Release\net9.0\compressed\publish\cui9dzjvso-{0}-5itg173035-5itg173035.br" para "C:\Users\PEDRO\Desktop\EasyPRO\EasyBuilderRelease\COMERCIO_FACIL_RELEASE_2026-06-19_004658\05_BlazorWebApp\wwwroot\css\app.css.br".
[00:51:32]          Copiando o arquivo de "C:\Users\PEDRO\Desktop\EasyPRO\EasyLoginBase\EasyLoginBase.WebAppBlazor\obj\Release\net9.0\compressed\publish\ryeerzsn0v-{0}-nk0myxwefg-nk0myxwefg.br" para "C:\Users\PEDRO\Desktop\EasyPRO\EasyBuilderRelease\COMERCIO_FACIL_RELEASE_2026-06-19_004658\05_BlazorWebApp\wwwroot\css\components.css.br".
[00:51:33]          Copiando o arquivo de "C:\Users\PEDRO\Desktop\EasyPRO\EasyLoginBase\EasyLoginBase.WebAppBlazor\obj\Release\net9.0\compressed\publish\y1ghqj3160-{0}-zpwntep3f7-zpwntep3f7.br" para "C:\Users\PEDRO\Desktop\EasyPRO\EasyBuilderRelease\COMERCIO_FACIL_RELEASE_2026-06-19_004658\05_BlazorWebApp\wwwroot\css\animations.css.br".
[00:51:33]          Copiando o arquivo de "C:\Users\PEDRO\Desktop\EasyPRO\EasyLoginBase\EasyLoginBase.WebAppBlazor\obj\Release\net9.0\compressed\ryeerzsn0v-{0}-nk0myxwefg-nk0myxwefg.gz" para "C:\Users\PEDRO\Desktop\EasyPRO\EasyBuilderRelease\COMERCIO_FACIL_RELEASE_2026-06-19_004658\05_BlazorWebApp\wwwroot\css\components.css.gz".
[00:51:33]          Copiando o arquivo de "C:\Users\PEDRO\Desktop\EasyPRO\EasyLoginBase\EasyLoginBase.WebAppBlazor\obj\Release\net9.0\compressed\y1ghqj3160-{0}-zpwntep3f7-zpwntep3f7.gz" para "C:\Users\PEDRO\Desktop\EasyPRO\EasyBuilderRelease\COMERCIO_FACIL_RELEASE_2026-06-19_004658\05_BlazorWebApp\wwwroot\css\animations.css.gz".
[00:51:33]          Copiando o arquivo de "C:\Users\PEDRO\Desktop\EasyPRO\EasyLoginBase\EasyLoginBase.WebAppBlazor\wwwroot\css\animations.css" para "C:\Users\PEDRO\Desktop\EasyPRO\EasyBuilderRelease\COMERCIO_FACIL_RELEASE_2026-06-19_004658\05_BlazorWebApp\wwwroot\css\animations.css".
[00:51:33]          Copiando o arquivo de "C:\Users\PEDRO\Desktop\EasyPRO\EasyLoginBase\EasyLoginBase.WebAppBlazor\wwwroot\css\app.css" para "C:\Users\PEDRO\Desktop\EasyPRO\EasyBuilderRelease\COMERCIO_FACIL_RELEASE_2026-06-19_004658\05_BlazorWebApp\wwwroot\css\app.css".
[00:51:33]          Copiando o arquivo de "C:\Users\PEDRO\Desktop\EasyPRO\EasyLoginBase\EasyLoginBase.WebAppBlazor\wwwroot\css\components.css" para "C:\Users\PEDRO\Desktop\EasyPRO\EasyBuilderRelease\COMERCIO_FACIL_RELEASE_2026-06-19_004658\05_BlazorWebApp\wwwroot\css\components.css".
[00:51:33]          Copiando o arquivo de "C:\Users\PEDRO\Desktop\EasyPRO\EasyLoginBase\EasyLoginBase.WebAppBlazor\wwwroot\css\layout.css" para "C:\Users\PEDRO\Desktop\EasyPRO\EasyBuilderRelease\COMERCIO_FACIL_RELEASE_2026-06-19_004658\05_BlazorWebApp\wwwroot\css\layout.css".
[00:51:33]          Copiando o arquivo de "C:\Users\PEDRO\Desktop\EasyPRO\EasyLoginBase\EasyLoginBase.WebAppBlazor\wwwroot\favicon.png" para "C:\Users\PEDRO\Desktop\EasyPRO\EasyBuilderRelease\COMERCIO_FACIL_RELEASE_2026-06-19_004658\05_BlazorWebApp\wwwroot\favicon.png".
[00:51:33]          Criando o diretório "C:\Users\PEDRO\Desktop\EasyPRO\EasyBuilderRelease\COMERCIO_FACIL_RELEASE_2026-06-19_004658\05_BlazorWebApp\wwwroot\images".
[00:51:33]          Copiando o arquivo de "C:\Users\PEDRO\Desktop\EasyPRO\EasyLoginBase\EasyLoginBase.WebAppBlazor\wwwroot\images\logo.png" para "C:\Users\PEDRO\Desktop\EasyPRO\EasyBuilderRelease\COMERCIO_FACIL_RELEASE_2026-06-19_004658\05_BlazorWebApp\wwwroot\images\logo.png".
[00:51:33]          Copiando o arquivo de "C:\Users\PEDRO\Desktop\EasyPRO\EasyLoginBase\EasyLoginBase.WebAppBlazor\wwwroot\js\app.js" para "C:\Users\PEDRO\Desktop\EasyPRO\EasyBuilderRelease\COMERCIO_FACIL_RELEASE_2026-06-19_004658\05_BlazorWebApp\wwwroot\js\app.js".
[00:51:34]        CopyStaticWebAssetsEndpointsManifest:
[00:51:34]          Copiando o arquivo de "C:\Users\PEDRO\Desktop\EasyPRO\EasyLoginBase\EasyLoginBase.WebAppBlazor\obj\Release\net9.0\staticwebassets.publish.endpoints.json" para "C:\Users\PEDRO\Desktop\EasyPRO\EasyBuilderRelease\COMERCIO_FACIL_RELEASE_2026-06-19_004658\05_BlazorWebApp\EasyLoginBase.WebAppBlazor.staticwebassets.endpoints.json".
[00:51:34]        Publish:
[00:51:34]          EasyLoginBase.WebAppBlazor -> C:\Users\PEDRO\Desktop\EasyPRO\EasyBuilderRelease\COMERCIO_FACIL_RELEASE_2026-06-19_004658\05_BlazorWebApp\
[00:51:34]        _TransformWebConfig:
[00:51:34]          Updating web.config at 'C:\Users\PEDRO\Desktop\EasyPRO\EasyBuilderRelease\COMERCIO_FACIL_RELEASE_2026-06-19_004658\05_BlazorWebApp\web.config'
[00:51:34]      1>Projeto de compilação pronto "C:\Users\PEDRO\Desktop\EasyPRO\EasyLoginBase\EasyLoginBase.WebAppBlazor\EasyLoginBase.WebAppBlazor.csproj" (Publish destino(s)).
[00:51:34] 
[00:51:34] Compilação com êxito.
[00:51:34]     0 Aviso(s)
[00:51:34]     0 Erro(s)
[00:51:34] 
[00:51:34] Tempo Decorrido 00:01:11.80
